[1.291s] Invoking command in '/home/jesus/Desktop/ros2_ws/src/prueba': PYTHONPATH=/home/jesus/Desktop/ros2_ws/build/prueba/prefix_override:/usr/lib/python3/dist-packages/colcon_core/task/python/colcon_distutils_commands:/home/jesus/Desktop/ros2_ws/install/prueba/lib/python3.8/site-packages:${PYTHONPATH} /usr/bin/python3 -W ignore:setup.py install is deprecated setup.py egg_info --egg-base ../../build/prueba build --build-base /home/jesus/Desktop/ros2_ws/build/prueba/build install --record /home/jesus/Desktop/ros2_ws/build/prueba/install.log --install-scripts $base/lib/prueba --single-version-externally-managed install_data
[1.524s] running egg_info
[1.525s] writing ../../build/prueba/prueba.egg-info/PKG-INFO
[1.526s] writing dependency_links to ../../build/prueba/prueba.egg-info/dependency_links.txt
[1.527s] writing entry points to ../../build/prueba/prueba.egg-info/entry_points.txt
[1.529s] writing requirements to ../../build/prueba/prueba.egg-info/requires.txt
[1.529s] writing top-level names to ../../build/prueba/prueba.egg-info/top_level.txt
[1.588s] reading manifest file '../../build/prueba/prueba.egg-info/SOURCES.txt'
[1.590s] writing manifest file '../../build/prueba/prueba.egg-info/SOURCES.txt'
[1.591s] running build
[1.591s] running build_py
[1.592s] copying prueba/can_read_node.py -> /home/jesus/Desktop/ros2_ws/build/prueba/build/lib/prueba
[1.594s] running install
[1.596s] running install_lib
[1.599s] copying /home/jesus/Desktop/ros2_ws/build/prueba/build/lib/prueba/can_read_node.py -> /home/jesus/Desktop/ros2_ws/install/prueba/lib/python3.8/site-packages/prueba
[1.600s] byte-compiling /home/jesus/Desktop/ros2_ws/install/prueba/lib/python3.8/site-packages/prueba/can_read_node.py to can_read_node.cpython-38.pyc
[1.606s] running install_data
[1.606s] running install_egg_info
[1.608s] removing '/home/jesus/Desktop/ros2_ws/install/prueba/lib/python3.8/site-packages/prueba-0.0.0-py3.8.egg-info' (and everything under it)
[1.618s] Copying ../../build/prueba/prueba.egg-info to /home/jesus/Desktop/ros2_ws/install/prueba/lib/python3.8/site-packages/prueba-0.0.0-py3.8.egg-info
[1.620s] running install_scripts
[1.661s] Installing can_read_node script to /home/jesus/Desktop/ros2_ws/install/prueba/lib/prueba
[1.663s] Installing can_receive_node script to /home/jesus/Desktop/ros2_ws/install/prueba/lib/prueba
[1.666s] Installing data_logger_node script to /home/jesus/Desktop/ros2_ws/install/prueba/lib/prueba
[1.668s] Installing rpm_sender_node script to /home/jesus/Desktop/ros2_ws/install/prueba/lib/prueba
[1.669s] Installing vesc_can_node script to /home/jesus/Desktop/ros2_ws/install/prueba/lib/prueba
[1.671s] writing list of installed files to '/home/jesus/Desktop/ros2_ws/build/prueba/install.log'
[1.704s] Invoked command in '/home/jesus/Desktop/ros2_ws/src/prueba' returned '0': PYTHONPATH=/home/jesus/Desktop/ros2_ws/build/prueba/prefix_override:/usr/lib/python3/dist-packages/colcon_core/task/python/colcon_distutils_commands:/home/jesus/Desktop/ros2_ws/install/prueba/lib/python3.8/site-packages:${PYTHONPATH} /usr/bin/python3 -W ignore:setup.py install is deprecated setup.py egg_info --egg-base ../../build/prueba build --build-base /home/jesus/Desktop/ros2_ws/build/prueba/build install --record /home/jesus/Desktop/ros2_ws/build/prueba/install.log --install-scripts $base/lib/prueba --single-version-externally-managed install_data
