[0.016s] Invoking command in '/home/jesus/Desktop/ros2_ws/build/ament_cmake_libraries': AMENT_PREFIX_PATH=/home/jesus/Desktop/ros2_ws/install/ament_cmake_core:/home/jesus/Desktop/ros2_ws/install/ament_package CMAKE_PREFIX_PATH=/home/jesus/Desktop/ros2_ws/install/ament_cmake_core PYTHONPATH=/home/jesus/Desktop/ros2_ws/install/ament_package/lib/python3.8/site-packages /usr/bin/cmake /home/jesus/Desktop/ros2_ws/src/ament/ament_cmake/ament_cmake_libraries -DCMAKE_INSTALL_PREFIX=/home/jesus/Desktop/ros2_ws/install/ament_cmake_libraries
[0.090s] -- Found ament_cmake_core: 0.9.12 (/home/jesus/Desktop/ros2_ws/install/ament_cmake_core/share/ament_cmake_core/cmake)
[0.113s] -- Found PythonInterp: /usr/bin/python3 (found suitable version "3.8.10", minimum required is "3") 
[0.113s] -- Using PYTHON_EXECUTABLE: /usr/bin/python3
[0.589s] -- Configuring done
[0.595s] -- Generating done
[0.596s] -- Build files have been written to: /home/jesus/Desktop/ros2_ws/build/ament_cmake_libraries
[0.608s] Invoked command in '/home/jesus/Desktop/ros2_ws/build/ament_cmake_libraries' returned '0': AMENT_PREFIX_PATH=/home/jesus/Desktop/ros2_ws/install/ament_cmake_core:/home/jesus/Desktop/ros2_ws/install/ament_package CMAKE_PREFIX_PATH=/home/jesus/Desktop/ros2_ws/install/ament_cmake_core PYTHONPATH=/home/jesus/Desktop/ros2_ws/install/ament_package/lib/python3.8/site-packages /usr/bin/cmake /home/jesus/Desktop/ros2_ws/src/ament/ament_cmake/ament_cmake_libraries -DCMAKE_INSTALL_PREFIX=/home/jesus/Desktop/ros2_ws/install/ament_cmake_libraries
[0.614s] Invoking command in '/home/jesus/Desktop/ros2_ws/build/ament_cmake_libraries': AMENT_PREFIX_PATH=/home/jesus/Desktop/ros2_ws/install/ament_cmake_core:/home/jesus/Desktop/ros2_ws/install/ament_package CMAKE_PREFIX_PATH=/home/jesus/Desktop/ros2_ws/install/ament_cmake_core PYTHONPATH=/home/jesus/Desktop/ros2_ws/install/ament_package/lib/python3.8/site-packages /usr/bin/cmake --build /home/jesus/Desktop/ros2_ws/build/ament_cmake_libraries -- -j2 -l2
[0.686s] Invoked command in '/home/jesus/Desktop/ros2_ws/build/ament_cmake_libraries' returned '0': AMENT_PREFIX_PATH=/home/jesus/Desktop/ros2_ws/install/ament_cmake_core:/home/jesus/Desktop/ros2_ws/install/ament_package CMAKE_PREFIX_PATH=/home/jesus/Desktop/ros2_ws/install/ament_cmake_core PYTHONPATH=/home/jesus/Desktop/ros2_ws/install/ament_package/lib/python3.8/site-packages /usr/bin/cmake --build /home/jesus/Desktop/ros2_ws/build/ament_cmake_libraries -- -j2 -l2
[0.727s] Invoking command in '/home/jesus/Desktop/ros2_ws/build/ament_cmake_libraries': AMENT_PREFIX_PATH=/home/jesus/Desktop/ros2_ws/install/ament_cmake_core:/home/jesus/Desktop/ros2_ws/install/ament_package CMAKE_PREFIX_PATH=/home/jesus/Desktop/ros2_ws/install/ament_cmake_core PYTHONPATH=/home/jesus/Desktop/ros2_ws/install/ament_package/lib/python3.8/site-packages /usr/bin/cmake --install /home/jesus/Desktop/ros2_ws/build/ament_cmake_libraries
[0.746s] -- Install configuration: ""
[0.746s] -- Installing: /home/jesus/Desktop/ros2_ws/install/ament_cmake_libraries/share/ament_index/resource_index/package_run_dependencies/ament_cmake_libraries
[0.746s] -- Installing: /home/jesus/Desktop/ros2_ws/install/ament_cmake_libraries/share/ament_index/resource_index/parent_prefix_path/ament_cmake_libraries
[0.746s] -- Installing: /home/jesus/Desktop/ros2_ws/install/ament_cmake_libraries/share/ament_cmake_libraries/environment/ament_prefix_path.sh
[0.746s] -- Installing: /home/jesus/Desktop/ros2_ws/install/ament_cmake_libraries/share/ament_cmake_libraries/environment/ament_prefix_path.dsv
[0.746s] -- Installing: /home/jesus/Desktop/ros2_ws/install/ament_cmake_libraries/share/ament_cmake_libraries/environment/path.sh
[0.746s] -- Installing: /home/jesus/Desktop/ros2_ws/install/ament_cmake_libraries/share/ament_cmake_libraries/environment/path.dsv
[0.746s] -- Installing: /home/jesus/Desktop/ros2_ws/install/ament_cmake_libraries/share/ament_cmake_libraries/local_setup.bash
[0.746s] -- Installing: /home/jesus/Desktop/ros2_ws/install/ament_cmake_libraries/share/ament_cmake_libraries/local_setup.sh
[0.747s] -- Installing: /home/jesus/Desktop/ros2_ws/install/ament_cmake_libraries/share/ament_cmake_libraries/local_setup.zsh
[0.747s] -- Installing: /home/jesus/Desktop/ros2_ws/install/ament_cmake_libraries/share/ament_cmake_libraries/local_setup.dsv
[0.747s] -- Installing: /home/jesus/Desktop/ros2_ws/install/ament_cmake_libraries/share/ament_cmake_libraries/package.dsv
[0.754s] -- Installing: /home/jesus/Desktop/ros2_ws/install/ament_cmake_libraries/share/ament_index/resource_index/packages/ament_cmake_libraries
[0.754s] -- Installing: /home/jesus/Desktop/ros2_ws/install/ament_cmake_libraries/share/ament_cmake_libraries/cmake/ament_cmake_libraries-extras.cmake
[0.754s] -- Installing: /home/jesus/Desktop/ros2_ws/install/ament_cmake_libraries/share/ament_cmake_libraries/cmake/ament_cmake_librariesConfig.cmake
[0.754s] -- Installing: /home/jesus/Desktop/ros2_ws/install/ament_cmake_libraries/share/ament_cmake_libraries/cmake/ament_cmake_librariesConfig-version.cmake
[0.755s] -- Installing: /home/jesus/Desktop/ros2_ws/install/ament_cmake_libraries/share/ament_cmake_libraries/package.xml
[0.755s] -- Up-to-date: /home/jesus/Desktop/ros2_ws/install/ament_cmake_libraries/share/ament_cmake_libraries/cmake
[0.755s] -- Installing: /home/jesus/Desktop/ros2_ws/install/ament_cmake_libraries/share/ament_cmake_libraries/cmake/ament_libraries_unpack_build_configuration.cmake
[0.755s] -- Installing: /home/jesus/Desktop/ros2_ws/install/ament_cmake_libraries/share/ament_cmake_libraries/cmake/ament_libraries_pack_build_configuration.cmake
[0.755s] -- Installing: /home/jesus/Desktop/ros2_ws/install/ament_cmake_libraries/share/ament_cmake_libraries/cmake/ament_libraries_deduplicate.cmake
[0.759s] Invoked command in '/home/jesus/Desktop/ros2_ws/build/ament_cmake_libraries' returned '0': AMENT_PREFIX_PATH=/home/jesus/Desktop/ros2_ws/install/ament_cmake_core:/home/jesus/Desktop/ros2_ws/install/ament_package CMAKE_PREFIX_PATH=/home/jesus/Desktop/ros2_ws/install/ament_cmake_core PYTHONPATH=/home/jesus/Desktop/ros2_ws/install/ament_package/lib/python3.8/site-packages /usr/bin/cmake --install /home/jesus/Desktop/ros2_ws/build/ament_cmake_libraries
