[0.047s] Invoking command in '/home/jesus/Desktop/ros2_ws/build/ament_cmake_include_directories': AMENT_PREFIX_PATH=/home/jesus/Desktop/ros2_ws/install/ament_cmake_core:/home/jesus/Desktop/ros2_ws/install/ament_package CMAKE_PREFIX_PATH=/home/jesus/Desktop/ros2_ws/install/ament_cmake_core PYTHONPATH=/home/jesus/Desktop/ros2_ws/install/ament_package/lib/python3.8/site-packages /usr/bin/cmake /home/jesus/Desktop/ros2_ws/src/ament/ament_cmake/ament_cmake_include_directories -DCMAKE_INSTALL_PREFIX=/home/jesus/Desktop/ros2_ws/install/ament_cmake_include_directories
[0.105s] -- Found ament_cmake_core: 0.9.12 (/home/jesus/Desktop/ros2_ws/install/ament_cmake_core/share/ament_cmake_core/cmake)
[0.149s] -- Found PythonInterp: /usr/bin/python3 (found suitable version "3.8.10", minimum required is "3") 
[0.149s] -- Using PYTHON_EXECUTABLE: /usr/bin/python3
[0.664s] -- Configuring done
[0.672s] -- Generating done
[0.677s] -- Build files have been written to: /home/jesus/Desktop/ros2_ws/build/ament_cmake_include_directories
[0.697s] Invoked command in '/home/jesus/Desktop/ros2_ws/build/ament_cmake_include_directories' returned '0': AMENT_PREFIX_PATH=/home/jesus/Desktop/ros2_ws/install/ament_cmake_core:/home/jesus/Desktop/ros2_ws/install/ament_package CMAKE_PREFIX_PATH=/home/jesus/Desktop/ros2_ws/install/ament_cmake_core PYTHONPATH=/home/jesus/Desktop/ros2_ws/install/ament_package/lib/python3.8/site-packages /usr/bin/cmake /home/jesus/Desktop/ros2_ws/src/ament/ament_cmake/ament_cmake_include_directories -DCMAKE_INSTALL_PREFIX=/home/jesus/Desktop/ros2_ws/install/ament_cmake_include_directories
[0.699s] Invoking command in '/home/jesus/Desktop/ros2_ws/build/ament_cmake_include_directories': AMENT_PREFIX_PATH=/home/jesus/Desktop/ros2_ws/install/ament_cmake_core:/home/jesus/Desktop/ros2_ws/install/ament_package CMAKE_PREFIX_PATH=/home/jesus/Desktop/ros2_ws/install/ament_cmake_core PYTHONPATH=/home/jesus/Desktop/ros2_ws/install/ament_package/lib/python3.8/site-packages /usr/bin/cmake --build /home/jesus/Desktop/ros2_ws/build/ament_cmake_include_directories -- -j2 -l2
[0.833s] Invoked command in '/home/jesus/Desktop/ros2_ws/build/ament_cmake_include_directories' returned '0': AMENT_PREFIX_PATH=/home/jesus/Desktop/ros2_ws/install/ament_cmake_core:/home/jesus/Desktop/ros2_ws/install/ament_package CMAKE_PREFIX_PATH=/home/jesus/Desktop/ros2_ws/install/ament_cmake_core PYTHONPATH=/home/jesus/Desktop/ros2_ws/install/ament_package/lib/python3.8/site-packages /usr/bin/cmake --build /home/jesus/Desktop/ros2_ws/build/ament_cmake_include_directories -- -j2 -l2
[0.974s] Invoking command in '/home/jesus/Desktop/ros2_ws/build/ament_cmake_include_directories': AMENT_PREFIX_PATH=/home/jesus/Desktop/ros2_ws/install/ament_cmake_core:/home/jesus/Desktop/ros2_ws/install/ament_package CMAKE_PREFIX_PATH=/home/jesus/Desktop/ros2_ws/install/ament_cmake_core PYTHONPATH=/home/jesus/Desktop/ros2_ws/install/ament_package/lib/python3.8/site-packages /usr/bin/cmake --install /home/jesus/Desktop/ros2_ws/build/ament_cmake_include_directories
[1.037s] -- Install configuration: ""
[1.037s] -- Installing: /home/jesus/Desktop/ros2_ws/install/ament_cmake_include_directories/share/ament_index/resource_index/package_run_dependencies/ament_cmake_include_directories
[1.038s] -- Installing: /home/jesus/Desktop/ros2_ws/install/ament_cmake_include_directories/share/ament_index/resource_index/parent_prefix_path/ament_cmake_include_directories
[1.038s] -- Installing: /home/jesus/Desktop/ros2_ws/install/ament_cmake_include_directories/share/ament_cmake_include_directories/environment/ament_prefix_path.sh
[1.038s] -- Installing: /home/jesus/Desktop/ros2_ws/install/ament_cmake_include_directories/share/ament_cmake_include_directories/environment/ament_prefix_path.dsv
[1.038s] -- Installing: /home/jesus/Desktop/ros2_ws/install/ament_cmake_include_directories/share/ament_cmake_include_directories/environment/path.sh
[1.039s] -- Installing: /home/jesus/Desktop/ros2_ws/install/ament_cmake_include_directories/share/ament_cmake_include_directories/environment/path.dsv
[1.039s] -- Installing: /home/jesus/Desktop/ros2_ws/install/ament_cmake_include_directories/share/ament_cmake_include_directories/local_setup.bash
[1.040s] -- Installing: /home/jesus/Desktop/ros2_ws/install/ament_cmake_include_directories/share/ament_cmake_include_directories/local_setup.sh
[1.041s] -- Installing: /home/jesus/Desktop/ros2_ws/install/ament_cmake_include_directories/share/ament_cmake_include_directories/local_setup.zsh
[1.041s] -- Installing: /home/jesus/Desktop/ros2_ws/install/ament_cmake_include_directories/share/ament_cmake_include_directories/local_setup.dsv
[1.041s] -- Installing: /home/jesus/Desktop/ros2_ws/install/ament_cmake_include_directories/share/ament_cmake_include_directories/package.dsv
[1.056s] -- Installing: /home/jesus/Desktop/ros2_ws/install/ament_cmake_include_directories/share/ament_index/resource_index/packages/ament_cmake_include_directories
[1.056s] -- Installing: /home/jesus/Desktop/ros2_ws/install/ament_cmake_include_directories/share/ament_cmake_include_directories/cmake/ament_cmake_include_directories-extras.cmake
[1.057s] -- Installing: /home/jesus/Desktop/ros2_ws/install/ament_cmake_include_directories/share/ament_cmake_include_directories/cmake/ament_cmake_include_directoriesConfig.cmake
[1.057s] -- Installing: /home/jesus/Desktop/ros2_ws/install/ament_cmake_include_directories/share/ament_cmake_include_directories/cmake/ament_cmake_include_directoriesConfig-version.cmake
[1.057s] -- Installing: /home/jesus/Desktop/ros2_ws/install/ament_cmake_include_directories/share/ament_cmake_include_directories/package.xml
[1.057s] -- Up-to-date: /home/jesus/Desktop/ros2_ws/install/ament_cmake_include_directories/share/ament_cmake_include_directories/cmake
[1.057s] -- Installing: /home/jesus/Desktop/ros2_ws/install/ament_cmake_include_directories/share/ament_cmake_include_directories/cmake/ament_include_directories_order.cmake
[1.080s] Invoked command in '/home/jesus/Desktop/ros2_ws/build/ament_cmake_include_directories' returned '0': AMENT_PREFIX_PATH=/home/jesus/Desktop/ros2_ws/install/ament_cmake_core:/home/jesus/Desktop/ros2_ws/install/ament_package CMAKE_PREFIX_PATH=/home/jesus/Desktop/ros2_ws/install/ament_cmake_core PYTHONPATH=/home/jesus/Desktop/ros2_ws/install/ament_package/lib/python3.8/site-packages /usr/bin/cmake --install /home/jesus/Desktop/ros2_ws/build/ament_cmake_include_directories
