-- Found ament_cmake_core: 0.9.12 (/home/jesus/Desktop/ros2_ws/install/ament_cmake_core/share/ament_cmake_core/cmake)
-- Found PythonInterp: /usr/bin/python3 (found suitable version "3.8.10", minimum required is "3") 
-- Using PYTHON_EXECUTABLE: /usr/bin/python3
-- Found ament_cmake_test: 0.9.12 (/home/jesus/Desktop/ros2_ws/install/ament_cmake_test/share/ament_cmake_test/cmake)
-- Found ament_cmake_copyright: 0.9.8 (/home/jesus/Desktop/ros2_ws/install/ament_cmake_copyright/share/ament_cmake_copyright/cmake)
-- Found ament_cmake_lint_cmake: 0.9.8 (/home/jesus/Desktop/ros2_ws/install/ament_cmake_lint_cmake/share/ament_cmake_lint_cmake/cmake)
-- Configuring done
-- Generating done
-- Build files have been written to: /home/jesus/Desktop/ros2_ws/build/ament_cmake_flake8
-- Install configuration: ""
-- Installing: /home/jesus/Desktop/ros2_ws/install/ament_cmake_flake8/share/ament_index/resource_index/package_run_dependencies/ament_cmake_flake8
-- Installing: /home/jesus/Desktop/ros2_ws/install/ament_cmake_flake8/share/ament_index/resource_index/parent_prefix_path/ament_cmake_flake8
-- Installing: /home/jesus/Desktop/ros2_ws/install/ament_cmake_flake8/share/ament_cmake_flake8/environment/ament_prefix_path.sh
-- Installing: /home/jesus/Desktop/ros2_ws/install/ament_cmake_flake8/share/ament_cmake_flake8/environment/ament_prefix_path.dsv
-- Installing: /home/jesus/Desktop/ros2_ws/install/ament_cmake_flake8/share/ament_cmake_flake8/environment/path.sh
-- Installing: /home/jesus/Desktop/ros2_ws/install/ament_cmake_flake8/share/ament_cmake_flake8/environment/path.dsv
-- Installing: /home/jesus/Desktop/ros2_ws/install/ament_cmake_flake8/share/ament_cmake_flake8/local_setup.bash
-- Installing: /home/jesus/Desktop/ros2_ws/install/ament_cmake_flake8/share/ament_cmake_flake8/local_setup.sh
-- Installing: /home/jesus/Desktop/ros2_ws/install/ament_cmake_flake8/share/ament_cmake_flake8/local_setup.zsh
-- Installing: /home/jesus/Desktop/ros2_ws/install/ament_cmake_flake8/share/ament_cmake_flake8/local_setup.dsv
-- Installing: /home/jesus/Desktop/ros2_ws/install/ament_cmake_flake8/share/ament_cmake_flake8/package.dsv
-- Installing: /home/jesus/Desktop/ros2_ws/install/ament_cmake_flake8/share/ament_index/resource_index/packages/ament_cmake_flake8
-- Installing: /home/jesus/Desktop/ros2_ws/install/ament_cmake_flake8/share/ament_cmake_flake8/cmake/ament_cmake_flake8-extras.cmake
-- Installing: /home/jesus/Desktop/ros2_ws/install/ament_cmake_flake8/share/ament_cmake_flake8/cmake/ament_cmake_flake8Config.cmake
-- Installing: /home/jesus/Desktop/ros2_ws/install/ament_cmake_flake8/share/ament_cmake_flake8/cmake/ament_cmake_flake8Config-version.cmake
-- Installing: /home/jesus/Desktop/ros2_ws/install/ament_cmake_flake8/share/ament_cmake_flake8/package.xml
-- Up-to-date: /home/jesus/Desktop/ros2_ws/install/ament_cmake_flake8/share/ament_cmake_flake8/cmake
-- Installing: /home/jesus/Desktop/ros2_ws/install/ament_cmake_flake8/share/ament_cmake_flake8/cmake/ament_cmake_flake8_lint_hook.cmake
-- Installing: /home/jesus/Desktop/ros2_ws/install/ament_cmake_flake8/share/ament_cmake_flake8/cmake/ament_flake8.cmake
