/home/jesus/Desktop/ros2_ws/install/osrf_pycommon/lib/python3.8/site-packages/osrf_pycommon/terminal_utils.py
/home/jesus/Desktop/ros2_ws/install/osrf_pycommon/lib/python3.8/site-packages/osrf_pycommon/__init__.py
/home/jesus/Desktop/ros2_ws/install/osrf_pycommon/lib/python3.8/site-packages/osrf_pycommon/terminal_color/windows.py
/home/jesus/Desktop/ros2_ws/install/osrf_pycommon/lib/python3.8/site-packages/osrf_pycommon/terminal_color/ansi_re.py
/home/jesus/Desktop/ros2_ws/install/osrf_pycommon/lib/python3.8/site-packages/osrf_pycommon/terminal_color/impl.py
/home/jesus/Desktop/ros2_ws/install/osrf_pycommon/lib/python3.8/site-packages/osrf_pycommon/terminal_color/__init__.py
/home/jesus/Desktop/ros2_ws/install/osrf_pycommon/lib/python3.8/site-packages/osrf_pycommon/cli_utils/verb_pattern.py
/home/jesus/Desktop/ros2_ws/install/osrf_pycommon/lib/python3.8/site-packages/osrf_pycommon/cli_utils/common.py
/home/jesus/Desktop/ros2_ws/install/osrf_pycommon/lib/python3.8/site-packages/osrf_pycommon/cli_utils/__init__.py
/home/jesus/Desktop/ros2_ws/install/osrf_pycommon/lib/python3.8/site-packages/osrf_pycommon/process_utils/async_execute_process.py
/home/jesus/Desktop/ros2_ws/install/osrf_pycommon/lib/python3.8/site-packages/osrf_pycommon/process_utils/execute_process_pty.py
/home/jesus/Desktop/ros2_ws/install/osrf_pycommon/lib/python3.8/site-packages/osrf_pycommon/process_utils/impl.py
/home/jesus/Desktop/ros2_ws/install/osrf_pycommon/lib/python3.8/site-packages/osrf_pycommon/process_utils/execute_process_nopty.py
/home/jesus/Desktop/ros2_ws/install/osrf_pycommon/lib/python3.8/site-packages/osrf_pycommon/process_utils/__init__.py
/home/jesus/Desktop/ros2_ws/install/osrf_pycommon/lib/python3.8/site-packages/osrf_pycommon/process_utils/get_loop_impl.py
/home/jesus/Desktop/ros2_ws/install/osrf_pycommon/lib/python3.8/site-packages/osrf_pycommon/process_utils/async_execute_process_trollius.py
/home/jesus/Desktop/ros2_ws/install/osrf_pycommon/lib/python3.8/site-packages/osrf_pycommon/process_utils/async_execute_process_asyncio/impl.py
/home/jesus/Desktop/ros2_ws/install/osrf_pycommon/lib/python3.8/site-packages/osrf_pycommon/process_utils/async_execute_process_asyncio/__init__.py
/home/jesus/Desktop/ros2_ws/install/osrf_pycommon/lib/python3.8/site-packages/osrf_pycommon/__pycache__/terminal_utils.cpython-38.pyc
/home/jesus/Desktop/ros2_ws/install/osrf_pycommon/lib/python3.8/site-packages/osrf_pycommon/__pycache__/__init__.cpython-38.pyc
/home/jesus/Desktop/ros2_ws/install/osrf_pycommon/lib/python3.8/site-packages/osrf_pycommon/terminal_color/__pycache__/windows.cpython-38.pyc
/home/jesus/Desktop/ros2_ws/install/osrf_pycommon/lib/python3.8/site-packages/osrf_pycommon/terminal_color/__pycache__/ansi_re.cpython-38.pyc
/home/jesus/Desktop/ros2_ws/install/osrf_pycommon/lib/python3.8/site-packages/osrf_pycommon/terminal_color/__pycache__/impl.cpython-38.pyc
/home/jesus/Desktop/ros2_ws/install/osrf_pycommon/lib/python3.8/site-packages/osrf_pycommon/terminal_color/__pycache__/__init__.cpython-38.pyc
/home/jesus/Desktop/ros2_ws/install/osrf_pycommon/lib/python3.8/site-packages/osrf_pycommon/cli_utils/__pycache__/verb_pattern.cpython-38.pyc
/home/jesus/Desktop/ros2_ws/install/osrf_pycommon/lib/python3.8/site-packages/osrf_pycommon/cli_utils/__pycache__/common.cpython-38.pyc
/home/jesus/Desktop/ros2_ws/install/osrf_pycommon/lib/python3.8/site-packages/osrf_pycommon/cli_utils/__pycache__/__init__.cpython-38.pyc
/home/jesus/Desktop/ros2_ws/install/osrf_pycommon/lib/python3.8/site-packages/osrf_pycommon/process_utils/__pycache__/async_execute_process.cpython-38.pyc
/home/jesus/Desktop/ros2_ws/install/osrf_pycommon/lib/python3.8/site-packages/osrf_pycommon/process_utils/__pycache__/execute_process_pty.cpython-38.pyc
/home/jesus/Desktop/ros2_ws/install/osrf_pycommon/lib/python3.8/site-packages/osrf_pycommon/process_utils/__pycache__/impl.cpython-38.pyc
/home/jesus/Desktop/ros2_ws/install/osrf_pycommon/lib/python3.8/site-packages/osrf_pycommon/process_utils/__pycache__/execute_process_nopty.cpython-38.pyc
/home/jesus/Desktop/ros2_ws/install/osrf_pycommon/lib/python3.8/site-packages/osrf_pycommon/process_utils/__pycache__/__init__.cpython-38.pyc
/home/jesus/Desktop/ros2_ws/install/osrf_pycommon/lib/python3.8/site-packages/osrf_pycommon/process_utils/__pycache__/get_loop_impl.cpython-38.pyc
/home/jesus/Desktop/ros2_ws/install/osrf_pycommon/lib/python3.8/site-packages/osrf_pycommon/process_utils/__pycache__/async_execute_process_trollius.cpython-38.pyc
/home/jesus/Desktop/ros2_ws/install/osrf_pycommon/lib/python3.8/site-packages/osrf_pycommon/process_utils/async_execute_process_asyncio/__pycache__/impl.cpython-38.pyc
/home/jesus/Desktop/ros2_ws/install/osrf_pycommon/lib/python3.8/site-packages/osrf_pycommon/process_utils/async_execute_process_asyncio/__pycache__/__init__.cpython-38.pyc
/home/jesus/Desktop/ros2_ws/install/osrf_pycommon/share/osrf_pycommon/package.xml
/home/jesus/Desktop/ros2_ws/install/osrf_pycommon/share/ament_index/resource_index/packages/osrf_pycommon
/home/jesus/Desktop/ros2_ws/install/osrf_pycommon/lib/python3.8/site-packages/osrf_pycommon-0.1.11-py3.8.egg-info/top_level.txt
/home/jesus/Desktop/ros2_ws/install/osrf_pycommon/lib/python3.8/site-packages/osrf_pycommon-0.1.11-py3.8.egg-info/requires.txt
/home/jesus/Desktop/ros2_ws/install/osrf_pycommon/lib/python3.8/site-packages/osrf_pycommon-0.1.11-py3.8.egg-info/PKG-INFO
/home/jesus/Desktop/ros2_ws/install/osrf_pycommon/lib/python3.8/site-packages/osrf_pycommon-0.1.11-py3.8.egg-info/SOURCES.txt
/home/jesus/Desktop/ros2_ws/install/osrf_pycommon/lib/python3.8/site-packages/osrf_pycommon-0.1.11-py3.8.egg-info/zip-safe
/home/jesus/Desktop/ros2_ws/install/osrf_pycommon/lib/python3.8/site-packages/osrf_pycommon-0.1.11-py3.8.egg-info/dependency_links.txt
