[1.083s] Invoking command in '/home/jesus/Desktop/ros2_ws/src/prueba': PYTHONPATH=/home/jesus/Desktop/ros2_ws/build/prueba/prefix_override:/usr/lib/python3/dist-packages/colcon_core/task/python/colcon_distutils_commands:/home/jesus/Desktop/ros2_ws/install/prueba/lib/python3.8/site-packages:${PYTHONPATH} /usr/bin/python3 -W ignore:setup.py install is deprecated setup.py egg_info --egg-base ../../build/prueba build --build-base /home/jesus/Desktop/ros2_ws/build/prueba/build install --record /home/jesus/Desktop/ros2_ws/build/prueba/install.log --install-scripts $base/lib/prueba --single-version-externally-managed install_data
[1.300s] running egg_info
[1.301s] writing ../../build/prueba/prueba.egg-info/PKG-INFO
[1.304s] writing dependency_links to ../../build/prueba/prueba.egg-info/dependency_links.txt
[1.305s] writing entry points to ../../build/prueba/prueba.egg-info/entry_points.txt
[1.305s] writing requirements to ../../build/prueba/prueba.egg-info/requires.txt
[1.306s] writing top-level names to ../../build/prueba/prueba.egg-info/top_level.txt
[1.354s] reading manifest file '../../build/prueba/prueba.egg-info/SOURCES.txt'
[1.356s] writing manifest file '../../build/prueba/prueba.egg-info/SOURCES.txt'
[1.356s] running build
[1.356s] running build_py
[1.359s] copying prueba/vesc_can_node.py -> /home/jesus/Desktop/ros2_ws/build/prueba/build/lib/prueba
[1.361s] copying prueba/can_receive_node.py -> /home/jesus/Desktop/ros2_ws/build/prueba/build/lib/prueba
[1.361s] copying prueba/data_logger_node.py -> /home/jesus/Desktop/ros2_ws/build/prueba/build/lib/prueba
[1.362s] copying prueba/rpm_sender_node.py -> /home/jesus/Desktop/ros2_ws/build/prueba/build/lib/prueba
[1.362s] running install
[1.363s] running install_lib
[1.366s] copying /home/jesus/Desktop/ros2_ws/build/prueba/build/lib/prueba/vesc_can_node.py -> /home/jesus/Desktop/ros2_ws/install/prueba/lib/python3.8/site-packages/prueba
[1.366s] copying /home/jesus/Desktop/ros2_ws/build/prueba/build/lib/prueba/can_receive_node.py -> /home/jesus/Desktop/ros2_ws/install/prueba/lib/python3.8/site-packages/prueba
[1.367s] copying /home/jesus/Desktop/ros2_ws/build/prueba/build/lib/prueba/data_logger_node.py -> /home/jesus/Desktop/ros2_ws/install/prueba/lib/python3.8/site-packages/prueba
[1.367s] copying /home/jesus/Desktop/ros2_ws/build/prueba/build/lib/prueba/rpm_sender_node.py -> /home/jesus/Desktop/ros2_ws/install/prueba/lib/python3.8/site-packages/prueba
[1.369s] byte-compiling /home/jesus/Desktop/ros2_ws/install/prueba/lib/python3.8/site-packages/prueba/vesc_can_node.py to vesc_can_node.cpython-38.pyc
[1.374s] byte-compiling /home/jesus/Desktop/ros2_ws/install/prueba/lib/python3.8/site-packages/prueba/can_receive_node.py to can_receive_node.cpython-38.pyc
[1.375s] byte-compiling /home/jesus/Desktop/ros2_ws/install/prueba/lib/python3.8/site-packages/prueba/data_logger_node.py to data_logger_node.cpython-38.pyc
[1.376s] byte-compiling /home/jesus/Desktop/ros2_ws/install/prueba/lib/python3.8/site-packages/prueba/rpm_sender_node.py to rpm_sender_node.cpython-38.pyc
[1.377s] running install_data
[1.379s] running install_egg_info
[1.381s] removing '/home/jesus/Desktop/ros2_ws/install/prueba/lib/python3.8/site-packages/prueba-0.0.0-py3.8.egg-info' (and everything under it)
[1.400s] Copying ../../build/prueba/prueba.egg-info to /home/jesus/Desktop/ros2_ws/install/prueba/lib/python3.8/site-packages/prueba-0.0.0-py3.8.egg-info
[1.405s] running install_scripts
[1.421s] Installing data_logger_node script to /home/jesus/Desktop/ros2_ws/install/prueba/lib/prueba
[1.427s] Installing rpm_sender_node script to /home/jesus/Desktop/ros2_ws/install/prueba/lib/prueba
[1.427s] Installing vesc_can_node script to /home/jesus/Desktop/ros2_ws/install/prueba/lib/prueba
[1.429s] writing list of installed files to '/home/jesus/Desktop/ros2_ws/build/prueba/install.log'
[1.455s] Invoked command in '/home/jesus/Desktop/ros2_ws/src/prueba' returned '0': PYTHONPATH=/home/jesus/Desktop/ros2_ws/build/prueba/prefix_override:/usr/lib/python3/dist-packages/colcon_core/task/python/colcon_distutils_commands:/home/jesus/Desktop/ros2_ws/install/prueba/lib/python3.8/site-packages:${PYTHONPATH} /usr/bin/python3 -W ignore:setup.py install is deprecated setup.py egg_info --egg-base ../../build/prueba build --build-base /home/jesus/Desktop/ros2_ws/build/prueba/build install --record /home/jesus/Desktop/ros2_ws/build/prueba/install.log --install-scripts $base/lib/prueba --single-version-externally-managed install_data
