[0.766s] Invoking command in '/home/jesus/Desktop/ros2_ws/src/prueba': PYTHONPATH=/home/jesus/Desktop/ros2_ws/build/prueba/prefix_override:/usr/lib/python3/dist-packages/colcon_core/task/python/colcon_distutils_commands:/home/jesus/Desktop/ros2_ws/install/prueba/lib/python3.8/site-packages:${PYTHONPATH} /usr/bin/python3 -W ignore:setup.py install is deprecated setup.py egg_info --egg-base ../../build/prueba build --build-base /home/jesus/Desktop/ros2_ws/build/prueba/build install --record /home/jesus/Desktop/ros2_ws/build/prueba/install.log --install-scripts $base/lib/prueba --single-version-externally-managed install_data
[0.977s] running egg_info
[0.978s] writing ../../build/prueba/prueba.egg-info/PKG-INFO
[0.979s] writing dependency_links to ../../build/prueba/prueba.egg-info/dependency_links.txt
[0.981s] writing entry points to ../../build/prueba/prueba.egg-info/entry_points.txt
[0.982s] writing requirements to ../../build/prueba/prueba.egg-info/requires.txt
[0.982s] writing top-level names to ../../build/prueba/prueba.egg-info/top_level.txt
[1.014s] reading manifest file '../../build/prueba/prueba.egg-info/SOURCES.txt'
[1.015s] writing manifest file '../../build/prueba/prueba.egg-info/SOURCES.txt'
[1.016s] running build
[1.016s] running build_py
[1.016s] running install
[1.017s] running install_lib
[1.019s] running install_data
[1.019s] running install_egg_info
[1.021s] removing '/home/jesus/Desktop/ros2_ws/install/prueba/lib/python3.8/site-packages/prueba-0.0.0-py3.8.egg-info' (and everything under it)
[1.031s] Copying ../../build/prueba/prueba.egg-info to /home/jesus/Desktop/ros2_ws/install/prueba/lib/python3.8/site-packages/prueba-0.0.0-py3.8.egg-info
[1.040s] running install_scripts
[1.063s] Installing can_receive_node script to /home/jesus/Desktop/ros2_ws/install/prueba/lib/prueba
[1.064s] Installing data_logger_node script to /home/jesus/Desktop/ros2_ws/install/prueba/lib/prueba
[1.065s] Installing rpm_sender_node script to /home/jesus/Desktop/ros2_ws/install/prueba/lib/prueba
[1.066s] Installing vesc_can_node script to /home/jesus/Desktop/ros2_ws/install/prueba/lib/prueba
[1.068s] writing list of installed files to '/home/jesus/Desktop/ros2_ws/build/prueba/install.log'
[1.100s] Invoked command in '/home/jesus/Desktop/ros2_ws/src/prueba' returned '0': PYTHONPATH=/home/jesus/Desktop/ros2_ws/build/prueba/prefix_override:/usr/lib/python3/dist-packages/colcon_core/task/python/colcon_distutils_commands:/home/jesus/Desktop/ros2_ws/install/prueba/lib/python3.8/site-packages:${PYTHONPATH} /usr/bin/python3 -W ignore:setup.py install is deprecated setup.py egg_info --egg-base ../../build/prueba build --build-base /home/jesus/Desktop/ros2_ws/build/prueba/build install --record /home/jesus/Desktop/ros2_ws/build/prueba/install.log --install-scripts $base/lib/prueba --single-version-externally-managed install_data
