[0.050s] Invoking command in '/home/jesus/Desktop/ros2_ws/build/ament_cmake_export_dependencies': AMENT_PREFIX_PATH=/home/jesus/Desktop/ros2_ws/install/ament_cmake_libraries:/home/jesus/Desktop/ros2_ws/install/ament_cmake_core:/home/jesus/Desktop/ros2_ws/install/ament_package CMAKE_PREFIX_PATH=/home/jesus/Desktop/ros2_ws/install/ament_cmake_libraries:/home/jesus/Desktop/ros2_ws/install/ament_cmake_core PYTHONPATH=/home/jesus/Desktop/ros2_ws/install/ament_package/lib/python3.8/site-packages /usr/bin/cmake /home/jesus/Desktop/ros2_ws/src/ament/ament_cmake/ament_cmake_export_dependencies -DCMAKE_INSTALL_PREFIX=/home/jesus/Desktop/ros2_ws/install/ament_cmake_export_dependencies
[0.151s] -- Found ament_cmake_core: 0.9.12 (/home/jesus/Desktop/ros2_ws/install/ament_cmake_core/share/ament_cmake_core/cmake)
[0.218s] -- Found PythonInterp: /usr/bin/python3 (found suitable version "3.8.10", minimum required is "3") 
[0.218s] -- Using PYTHON_EXECUTABLE: /usr/bin/python3
[0.681s] -- Configuring done
[0.684s] -- Generating done
[0.686s] -- Build files have been written to: /home/jesus/Desktop/ros2_ws/build/ament_cmake_export_dependencies
[0.688s] Invoked command in '/home/jesus/Desktop/ros2_ws/build/ament_cmake_export_dependencies' returned '0': AMENT_PREFIX_PATH=/home/jesus/Desktop/ros2_ws/install/ament_cmake_libraries:/home/jesus/Desktop/ros2_ws/install/ament_cmake_core:/home/jesus/Desktop/ros2_ws/install/ament_package CMAKE_PREFIX_PATH=/home/jesus/Desktop/ros2_ws/install/ament_cmake_libraries:/home/jesus/Desktop/ros2_ws/install/ament_cmake_core PYTHONPATH=/home/jesus/Desktop/ros2_ws/install/ament_package/lib/python3.8/site-packages /usr/bin/cmake /home/jesus/Desktop/ros2_ws/src/ament/ament_cmake/ament_cmake_export_dependencies -DCMAKE_INSTALL_PREFIX=/home/jesus/Desktop/ros2_ws/install/ament_cmake_export_dependencies
[0.693s] Invoking command in '/home/jesus/Desktop/ros2_ws/build/ament_cmake_export_dependencies': AMENT_PREFIX_PATH=/home/jesus/Desktop/ros2_ws/install/ament_cmake_libraries:/home/jesus/Desktop/ros2_ws/install/ament_cmake_core:/home/jesus/Desktop/ros2_ws/install/ament_package CMAKE_PREFIX_PATH=/home/jesus/Desktop/ros2_ws/install/ament_cmake_libraries:/home/jesus/Desktop/ros2_ws/install/ament_cmake_core PYTHONPATH=/home/jesus/Desktop/ros2_ws/install/ament_package/lib/python3.8/site-packages /usr/bin/cmake --build /home/jesus/Desktop/ros2_ws/build/ament_cmake_export_dependencies -- -j2 -l2
[0.780s] Invoked command in '/home/jesus/Desktop/ros2_ws/build/ament_cmake_export_dependencies' returned '0': AMENT_PREFIX_PATH=/home/jesus/Desktop/ros2_ws/install/ament_cmake_libraries:/home/jesus/Desktop/ros2_ws/install/ament_cmake_core:/home/jesus/Desktop/ros2_ws/install/ament_package CMAKE_PREFIX_PATH=/home/jesus/Desktop/ros2_ws/install/ament_cmake_libraries:/home/jesus/Desktop/ros2_ws/install/ament_cmake_core PYTHONPATH=/home/jesus/Desktop/ros2_ws/install/ament_package/lib/python3.8/site-packages /usr/bin/cmake --build /home/jesus/Desktop/ros2_ws/build/ament_cmake_export_dependencies -- -j2 -l2
[0.897s] Invoking command in '/home/jesus/Desktop/ros2_ws/build/ament_cmake_export_dependencies': AMENT_PREFIX_PATH=/home/jesus/Desktop/ros2_ws/install/ament_cmake_libraries:/home/jesus/Desktop/ros2_ws/install/ament_cmake_core:/home/jesus/Desktop/ros2_ws/install/ament_package CMAKE_PREFIX_PATH=/home/jesus/Desktop/ros2_ws/install/ament_cmake_libraries:/home/jesus/Desktop/ros2_ws/install/ament_cmake_core PYTHONPATH=/home/jesus/Desktop/ros2_ws/install/ament_package/lib/python3.8/site-packages /usr/bin/cmake --install /home/jesus/Desktop/ros2_ws/build/ament_cmake_export_dependencies
[0.937s] -- Install configuration: ""
[0.938s] -- Installing: /home/jesus/Desktop/ros2_ws/install/ament_cmake_export_dependencies/share/ament_index/resource_index/package_run_dependencies/ament_cmake_export_dependencies
[0.944s] -- Installing: /home/jesus/Desktop/ros2_ws/install/ament_cmake_export_dependencies/share/ament_index/resource_index/parent_prefix_path/ament_cmake_export_dependencies
[0.944s] -- Installing: /home/jesus/Desktop/ros2_ws/install/ament_cmake_export_dependencies/share/ament_cmake_export_dependencies/environment/ament_prefix_path.sh
[0.946s] -- Installing: /home/jesus/Desktop/ros2_ws/install/ament_cmake_export_dependencies/share/ament_cmake_export_dependencies/environment/ament_prefix_path.dsv
[0.946s] -- Installing: /home/jesus/Desktop/ros2_ws/install/ament_cmake_export_dependencies/share/ament_cmake_export_dependencies/environment/path.sh
[0.946s] -- Installing: /home/jesus/Desktop/ros2_ws/install/ament_cmake_export_dependencies/share/ament_cmake_export_dependencies/environment/path.dsv
[0.947s] -- Installing: /home/jesus/Desktop/ros2_ws/install/ament_cmake_export_dependencies/share/ament_cmake_export_dependencies/local_setup.bash
[0.948s] -- Installing: /home/jesus/Desktop/ros2_ws/install/ament_cmake_export_dependencies/share/ament_cmake_export_dependencies/local_setup.sh
[0.948s] -- Installing: /home/jesus/Desktop/ros2_ws/install/ament_cmake_export_dependencies/share/ament_cmake_export_dependencies/local_setup.zsh
[0.948s] -- Installing: /home/jesus/Desktop/ros2_ws/install/ament_cmake_export_dependencies/share/ament_cmake_export_dependencies/local_setup.dsv
[0.949s] -- Installing: /home/jesus/Desktop/ros2_ws/install/ament_cmake_export_dependencies/share/ament_cmake_export_dependencies/package.dsv
[0.949s] -- Installing: /home/jesus/Desktop/ros2_ws/install/ament_cmake_export_dependencies/share/ament_index/resource_index/packages/ament_cmake_export_dependencies
[0.950s] -- Installing: /home/jesus/Desktop/ros2_ws/install/ament_cmake_export_dependencies/share/ament_cmake_export_dependencies/cmake/ament_cmake_export_dependencies-extras.cmake
[0.950s] -- Installing: /home/jesus/Desktop/ros2_ws/install/ament_cmake_export_dependencies/share/ament_cmake_export_dependencies/cmake/ament_cmake_export_dependenciesConfig.cmake
[0.951s] -- Installing: /home/jesus/Desktop/ros2_ws/install/ament_cmake_export_dependencies/share/ament_cmake_export_dependencies/cmake/ament_cmake_export_dependenciesConfig-version.cmake
[0.951s] -- Installing: /home/jesus/Desktop/ros2_ws/install/ament_cmake_export_dependencies/share/ament_cmake_export_dependencies/package.xml
[0.952s] -- Up-to-date: /home/jesus/Desktop/ros2_ws/install/ament_cmake_export_dependencies/share/ament_cmake_export_dependencies/cmake
[0.952s] -- Installing: /home/jesus/Desktop/ros2_ws/install/ament_cmake_export_dependencies/share/ament_cmake_export_dependencies/cmake/ament_export_dependencies.cmake
[0.952s] -- Installing: /home/jesus/Desktop/ros2_ws/install/ament_cmake_export_dependencies/share/ament_cmake_export_dependencies/cmake/ament_cmake_export_dependencies_package_hook.cmake
[0.953s] -- Installing: /home/jesus/Desktop/ros2_ws/install/ament_cmake_export_dependencies/share/ament_cmake_export_dependencies/cmake/ament_cmake_export_dependencies-extras.cmake.in
[0.964s] Invoked command in '/home/jesus/Desktop/ros2_ws/build/ament_cmake_export_dependencies' returned '0': AMENT_PREFIX_PATH=/home/jesus/Desktop/ros2_ws/install/ament_cmake_libraries:/home/jesus/Desktop/ros2_ws/install/ament_cmake_core:/home/jesus/Desktop/ros2_ws/install/ament_package CMAKE_PREFIX_PATH=/home/jesus/Desktop/ros2_ws/install/ament_cmake_libraries:/home/jesus/Desktop/ros2_ws/install/ament_cmake_core PYTHONPATH=/home/jesus/Desktop/ros2_ws/install/ament_package/lib/python3.8/site-packages /usr/bin/cmake --install /home/jesus/Desktop/ros2_ws/build/ament_cmake_export_dependencies
