[0.868s] Invoking command in '/home/jesus/Desktop/ros2_ws/src/ament/ament_lint/ament_xmllint': AMENT_PREFIX_PATH=/home/jesus/Desktop/ros2_ws/install/ament_copyright:/home/jesus/Desktop/ros2_ws/install/ament_pep257:/home/jesus/Desktop/ros2_ws/install/ament_flake8:/home/jesus/Desktop/ros2_ws/install/ament_lint PATH=/home/jesus/Desktop/ros2_ws/install/ament_copyright/bin:/home/jesus/Desktop/ros2_ws/install/ament_pep257/bin:/home/jesus/Desktop/ros2_ws/install/ament_flake8/bin:${PATH} PYTHONPATH=/home/jesus/Desktop/ros2_ws/build/ament_xmllint/prefix_override:/usr/lib/python3/dist-packages/colcon_core/task/python/colcon_distutils_commands:/home/jesus/Desktop/ros2_ws/install/ament_xmllint/lib/python3.8/site-packages:/home/jesus/Desktop/ros2_ws/install/ament_copyright/lib/python3.8/site-packages:/home/jesus/Desktop/ros2_ws/install/ament_pep257/lib/python3.8/site-packages:/home/jesus/Desktop/ros2_ws/install/ament_flake8/lib/python3.8/site-packages:/home/jesus/Desktop/ros2_ws/install/ament_lint/lib/python3.8/site-packages /usr/bin/python3 -W ignore:setup.py install is deprecated setup.py egg_info --egg-base ../../../../build/ament_xmllint build --build-base /home/jesus/Desktop/ros2_ws/build/ament_xmllint/build install --record /home/jesus/Desktop/ros2_ws/build/ament_xmllint/install.log --single-version-externally-managed install_data
[1.334s] running egg_info
[1.335s] creating ../../../../build/ament_xmllint/ament_xmllint.egg-info
[1.336s] writing ../../../../build/ament_xmllint/ament_xmllint.egg-info/PKG-INFO
[1.336s] writing dependency_links to ../../../../build/ament_xmllint/ament_xmllint.egg-info/dependency_links.txt
[1.337s] writing entry points to ../../../../build/ament_xmllint/ament_xmllint.egg-info/entry_points.txt
[1.337s] writing requirements to ../../../../build/ament_xmllint/ament_xmllint.egg-info/requires.txt
[1.338s] writing top-level names to ../../../../build/ament_xmllint/ament_xmllint.egg-info/top_level.txt
[1.338s] writing manifest file '../../../../build/ament_xmllint/ament_xmllint.egg-info/SOURCES.txt'
[1.387s] reading manifest file '../../../../build/ament_xmllint/ament_xmllint.egg-info/SOURCES.txt'
[1.388s] writing manifest file '../../../../build/ament_xmllint/ament_xmllint.egg-info/SOURCES.txt'
[1.389s] running build
[1.389s] running build_py
[1.389s] creating /home/jesus/Desktop/ros2_ws/build/ament_xmllint/build
[1.390s] creating /home/jesus/Desktop/ros2_ws/build/ament_xmllint/build/lib
[1.390s] creating /home/jesus/Desktop/ros2_ws/build/ament_xmllint/build/lib/ament_xmllint
[1.390s] copying ament_xmllint/pytest_marker.py -> /home/jesus/Desktop/ros2_ws/build/ament_xmllint/build/lib/ament_xmllint
[1.390s] copying ament_xmllint/main.py -> /home/jesus/Desktop/ros2_ws/build/ament_xmllint/build/lib/ament_xmllint
[1.391s] copying ament_xmllint/__init__.py -> /home/jesus/Desktop/ros2_ws/build/ament_xmllint/build/lib/ament_xmllint
[1.391s] running install
[1.392s] running install_lib
[1.394s] creating /home/jesus/Desktop/ros2_ws/install/ament_xmllint/lib/python3.8/site-packages/ament_xmllint
[1.394s] copying /home/jesus/Desktop/ros2_ws/build/ament_xmllint/build/lib/ament_xmllint/pytest_marker.py -> /home/jesus/Desktop/ros2_ws/install/ament_xmllint/lib/python3.8/site-packages/ament_xmllint
[1.395s] copying /home/jesus/Desktop/ros2_ws/build/ament_xmllint/build/lib/ament_xmllint/main.py -> /home/jesus/Desktop/ros2_ws/install/ament_xmllint/lib/python3.8/site-packages/ament_xmllint
[1.395s] copying /home/jesus/Desktop/ros2_ws/build/ament_xmllint/build/lib/ament_xmllint/__init__.py -> /home/jesus/Desktop/ros2_ws/install/ament_xmllint/lib/python3.8/site-packages/ament_xmllint
[1.396s] byte-compiling /home/jesus/Desktop/ros2_ws/install/ament_xmllint/lib/python3.8/site-packages/ament_xmllint/pytest_marker.py to pytest_marker.cpython-38.pyc
[1.398s] byte-compiling /home/jesus/Desktop/ros2_ws/install/ament_xmllint/lib/python3.8/site-packages/ament_xmllint/main.py to main.cpython-38.pyc
[1.400s] byte-compiling /home/jesus/Desktop/ros2_ws/install/ament_xmllint/lib/python3.8/site-packages/ament_xmllint/__init__.py to __init__.cpython-38.pyc
[1.401s] running install_data
[1.402s] copying package.xml -> /home/jesus/Desktop/ros2_ws/install/ament_xmllint/share/ament_xmllint
[1.402s] creating /home/jesus/Desktop/ros2_ws/install/ament_xmllint/share/ament_index
[1.402s] creating /home/jesus/Desktop/ros2_ws/install/ament_xmllint/share/ament_index/resource_index
[1.402s] creating /home/jesus/Desktop/ros2_ws/install/ament_xmllint/share/ament_index/resource_index/packages
[1.403s] copying resource/ament_xmllint -> /home/jesus/Desktop/ros2_ws/install/ament_xmllint/share/ament_index/resource_index/packages
[1.403s] running install_egg_info
[1.405s] Copying ../../../../build/ament_xmllint/ament_xmllint.egg-info to /home/jesus/Desktop/ros2_ws/install/ament_xmllint/lib/python3.8/site-packages/ament_xmllint-0.9.8-py3.8.egg-info
[1.407s] running install_scripts
[1.437s] Installing ament_xmllint script to /home/jesus/Desktop/ros2_ws/install/ament_xmllint/bin
[1.438s] writing list of installed files to '/home/jesus/Desktop/ros2_ws/build/ament_xmllint/install.log'
[1.581s] Invoked command in '/home/jesus/Desktop/ros2_ws/src/ament/ament_lint/ament_xmllint' returned '0': AMENT_PREFIX_PATH=/home/jesus/Desktop/ros2_ws/install/ament_copyright:/home/jesus/Desktop/ros2_ws/install/ament_pep257:/home/jesus/Desktop/ros2_ws/install/ament_flake8:/home/jesus/Desktop/ros2_ws/install/ament_lint PATH=/home/jesus/Desktop/ros2_ws/install/ament_copyright/bin:/home/jesus/Desktop/ros2_ws/install/ament_pep257/bin:/home/jesus/Desktop/ros2_ws/install/ament_flake8/bin:${PATH} PYTHONPATH=/home/jesus/Desktop/ros2_ws/build/ament_xmllint/prefix_override:/usr/lib/python3/dist-packages/colcon_core/task/python/colcon_distutils_commands:/home/jesus/Desktop/ros2_ws/install/ament_xmllint/lib/python3.8/site-packages:/home/jesus/Desktop/ros2_ws/install/ament_copyright/lib/python3.8/site-packages:/home/jesus/Desktop/ros2_ws/install/ament_pep257/lib/python3.8/site-packages:/home/jesus/Desktop/ros2_ws/install/ament_flake8/lib/python3.8/site-packages:/home/jesus/Desktop/ros2_ws/install/ament_lint/lib/python3.8/site-packages /usr/bin/python3 -W ignore:setup.py install is deprecated setup.py egg_info --egg-base ../../../../build/ament_xmllint build --build-base /home/jesus/Desktop/ros2_ws/build/ament_xmllint/build install --record /home/jesus/Desktop/ros2_ws/build/ament_xmllint/install.log --single-version-externally-managed install_data
