[0.198s] DEBUG:colcon:Command line arguments: ['/usr/bin/colcon', 'build']
[0.198s] DEBUG:colcon:Parsed command line arguments: Namespace(allow_overriding=[], ament_cmake_args=None, base_paths=['.'], build_base='build', catkin_cmake_args=None, catkin_skip_building_tests=False, cmake_args=None, cmake_clean_cache=False, cmake_clean_first=False, cmake_force_configure=False, cmake_target=None, cmake_target_skip_unavailable=False, continue_on_error=False, event_handlers=None, executor='parallel', ignore_user_meta=False, install_base='install', log_base=None, log_level=None, main=<bound method BuildVerb.main of <colcon_core.verb.build.BuildVerb object at 0x7fa2da6336d0>>, merge_install=False, metas=['./colcon.meta'], mixin=None, mixin_files=None, mixin_verb=('build',), packages_above=None, packages_above_and_dependencies=None, packages_above_depth=None, packages_end=None, packages_ignore=None, packages_ignore_regex=None, packages_select=None, packages_select_build_failed=False, packages_select_by_dep=None, packages_select_regex=None, packages_select_test_failures=False, packages_skip=None, packages_skip_build_finished=False, packages_skip_by_dep=None, packages_skip_regex=None, packages_skip_test_passed=False, packages_skip_up_to=None, packages_start=None, packages_up_to=None, packages_up_to_regex=None, parallel_workers=2, paths=None, symlink_install=False, test_result_base=None, verb_extension=<colcon_core.verb.build.BuildVerb object at 0x7fa2da6336d0>, verb_name='build', verb_parser=<colcon_mixin.mixin.mixin_argument.MixinArgumentDecorator object at 0x7fa2da4b0520>)
[0.367s] Level 1:colcon.colcon_core.package_discovery:discover_packages(colcon_meta) check parameters
[0.367s] Level 1:colcon.colcon_core.package_discovery:discover_packages(recursive) check parameters
[0.367s] Level 1:colcon.colcon_core.package_discovery:discover_packages(ignore) check parameters
[0.367s] Level 1:colcon.colcon_core.package_discovery:discover_packages(path) check parameters
[0.368s] Level 1:colcon.colcon_core.package_discovery:discover_packages(colcon_meta) discover
[0.368s] Level 1:colcon.colcon_core.package_discovery:discover_packages(recursive) discover
[0.368s] INFO:colcon.colcon_core.package_discovery:Crawling recursively for packages in '/home/jesus/Desktop/ros2_ws/src/prueba'
[0.368s] Level 1:colcon.colcon_core.package_identification:_identify(.) by extensions ['ignore', 'ignore_ament_install']
[0.368s] Level 1:colcon.colcon_core.package_identification:_identify(.) by extension 'ignore'
[0.368s] Level 1:colcon.colcon_core.package_identification:_identify(.) by extension 'ignore_ament_install'
[0.368s] Level 1:colcon.colcon_core.package_identification:_identify(.) by extensions ['colcon_pkg']
[0.368s] Level 1:colcon.colcon_core.package_identification:_identify(.) by extension 'colcon_pkg'
[0.368s] Level 1:colcon.colcon_core.package_identification:_identify(.) by extensions ['colcon_meta']
[0.368s] Level 1:colcon.colcon_core.package_identification:_identify(.) by extension 'colcon_meta'
[0.368s] Level 1:colcon.colcon_core.package_identification:_identify(.) by extensions ['ros']
[0.368s] Level 1:colcon.colcon_core.package_identification:_identify(.) by extension 'ros'
[0.383s] DEBUG:colcon.colcon_core.package_identification:Package '.' with type 'ros.ament_python' and name 'prueba'
[0.383s] Level 1:colcon.colcon_core.package_discovery:discover_packages(recursive) using defaults
[0.383s] Level 1:colcon.colcon_core.package_discovery:discover_packages(ignore) discover
[0.383s] Level 1:colcon.colcon_core.package_discovery:discover_packages(ignore) using defaults
[0.383s] Level 1:colcon.colcon_core.package_discovery:discover_packages(path) discover
[0.383s] Level 1:colcon.colcon_core.package_discovery:discover_packages(path) using defaults
[0.398s] Level 1:colcon.colcon_core.package_discovery:discover_packages(prefix_path) check parameters
[0.398s] Level 1:colcon.colcon_core.package_discovery:discover_packages(prefix_path) discover
[0.402s] DEBUG:colcon.colcon_installed_package_information.package_discovery:Found 52 installed packages in /home/jesus/Desktop/ros2_ws/install
[0.404s] DEBUG:colcon.colcon_installed_package_information.package_discovery:Found 263 installed packages in /opt/ros/foxy
[0.422s] Level 1:colcon.colcon_core.package_discovery:discover_packages(prefix_path) using defaults
[0.483s] Level 5:colcon.colcon_core.verb:set package 'prueba' build argument 'cmake_args' from command line to 'None'
[0.483s] Level 5:colcon.colcon_core.verb:set package 'prueba' build argument 'cmake_target' from command line to 'None'
[0.483s] Level 5:colcon.colcon_core.verb:set package 'prueba' build argument 'cmake_target_skip_unavailable' from command line to 'False'
[0.483s] Level 5:colcon.colcon_core.verb:set package 'prueba' build argument 'cmake_clean_cache' from command line to 'False'
[0.483s] Level 5:colcon.colcon_core.verb:set package 'prueba' build argument 'cmake_clean_first' from command line to 'False'
[0.483s] Level 5:colcon.colcon_core.verb:set package 'prueba' build argument 'cmake_force_configure' from command line to 'False'
[0.483s] Level 5:colcon.colcon_core.verb:set package 'prueba' build argument 'ament_cmake_args' from command line to 'None'
[0.483s] Level 5:colcon.colcon_core.verb:set package 'prueba' build argument 'catkin_cmake_args' from command line to 'None'
[0.483s] Level 5:colcon.colcon_core.verb:set package 'prueba' build argument 'catkin_skip_building_tests' from command line to 'False'
[0.483s] DEBUG:colcon.colcon_core.verb:Building package 'prueba' with the following arguments: {'ament_cmake_args': None, 'build_base': '/home/jesus/Desktop/ros2_ws/src/prueba/build/prueba', 'catkin_cmake_args': None, 'catkin_skip_building_tests': False, 'cmake_args': None, 'cmake_clean_cache': False, 'cmake_clean_first': False, 'cmake_force_configure': False, 'cmake_target': None, 'cmake_target_skip_unavailable': False, 'install_base': '/home/jesus/Desktop/ros2_ws/src/prueba/install/prueba', 'merge_install': False, 'path': '/home/jesus/Desktop/ros2_ws/src/prueba', 'symlink_install': False, 'test_result_base': None}
[0.483s] INFO:colcon.colcon_core.executor:Executing jobs using 'parallel' executor
[0.485s] DEBUG:colcon.colcon_parallel_executor.executor.parallel:run_until_complete
[0.486s] INFO:colcon.colcon_ros.task.ament_python.build:Building ROS package in '/home/jesus/Desktop/ros2_ws/src/prueba' with build type 'ament_python'
[0.486s] Level 1:colcon.colcon_core.shell:create_environment_hook('prueba', 'ament_prefix_path')
[0.490s] INFO:colcon.colcon_core.plugin_system:Skipping extension 'colcon_core.shell.bat': Not used on non-Windows systems
[0.490s] INFO:colcon.colcon_core.shell:Creating environment hook '/home/jesus/Desktop/ros2_ws/src/prueba/install/prueba/share/prueba/hook/ament_prefix_path.ps1'
[0.491s] INFO:colcon.colcon_core.shell:Creating environment descriptor '/home/jesus/Desktop/ros2_ws/src/prueba/install/prueba/share/prueba/hook/ament_prefix_path.dsv'
[0.492s] INFO:colcon.colcon_core.shell:Creating environment hook '/home/jesus/Desktop/ros2_ws/src/prueba/install/prueba/share/prueba/hook/ament_prefix_path.sh'
[0.492s] INFO:colcon.colcon_core.shell:Skip shell extension 'powershell' for command environment: Not usable outside of PowerShell
[0.492s] DEBUG:colcon.colcon_core.shell:Skip shell extension 'dsv' for command environment
[0.776s] INFO:colcon.colcon_core.task.python.build:Building Python package in '/home/jesus/Desktop/ros2_ws/src/prueba'
[0.777s] INFO:colcon.colcon_core.shell:Skip shell extension 'powershell' for command environment: Not usable outside of PowerShell
[0.777s] DEBUG:colcon.colcon_core.shell:Skip shell extension 'dsv' for command environment
[1.255s] DEBUG:colcon.colcon_core.event_handler.log_command:Invoking command in '/home/jesus/Desktop/ros2_ws/src/prueba': PYTHONPATH=/home/jesus/Desktop/ros2_ws/src/prueba/build/prueba/prefix_override:/usr/lib/python3/dist-packages/colcon_core/task/python/colcon_distutils_commands:/home/jesus/Desktop/ros2_ws/src/prueba/install/prueba/lib/python3.8/site-packages:${PYTHONPATH} /usr/bin/python3 -W ignore:setup.py install is deprecated setup.py egg_info --egg-base build/prueba build --build-base /home/jesus/Desktop/ros2_ws/src/prueba/build/prueba/build install --record /home/jesus/Desktop/ros2_ws/src/prueba/build/prueba/install.log --install-scripts $base/lib/prueba --single-version-externally-managed install_data
[1.656s] Level 1:colcon.colcon_core.environment:checking '/home/jesus/Desktop/ros2_ws/src/prueba/install/prueba' for CMake module files
[1.657s] Level 1:colcon.colcon_core.environment:checking '/home/jesus/Desktop/ros2_ws/src/prueba/install/prueba' for CMake config files
[1.659s] Level 1:colcon.colcon_core.environment:checking '/home/jesus/Desktop/ros2_ws/src/prueba/install/prueba/lib'
[1.659s] Level 1:colcon.colcon_core.environment:checking '/home/jesus/Desktop/ros2_ws/src/prueba/install/prueba/bin'
[1.659s] Level 1:colcon.colcon_core.environment:checking '/home/jesus/Desktop/ros2_ws/src/prueba/install/prueba/lib/pkgconfig/prueba.pc'
[1.659s] Level 1:colcon.colcon_core.environment:checking '/home/jesus/Desktop/ros2_ws/src/prueba/install/prueba/lib/python3.8/site-packages'
[1.659s] Level 1:colcon.colcon_core.shell:create_environment_hook('prueba', 'pythonpath')
[1.660s] INFO:colcon.colcon_core.shell:Creating environment hook '/home/jesus/Desktop/ros2_ws/src/prueba/install/prueba/share/prueba/hook/pythonpath.ps1'
[1.660s] INFO:colcon.colcon_core.shell:Creating environment descriptor '/home/jesus/Desktop/ros2_ws/src/prueba/install/prueba/share/prueba/hook/pythonpath.dsv'
[1.660s] INFO:colcon.colcon_core.shell:Creating environment hook '/home/jesus/Desktop/ros2_ws/src/prueba/install/prueba/share/prueba/hook/pythonpath.sh'
[1.661s] Level 1:colcon.colcon_core.environment:checking '/home/jesus/Desktop/ros2_ws/src/prueba/install/prueba/bin'
[1.661s] Level 1:colcon.colcon_core.environment:create_environment_scripts_only(prueba)
[1.662s] INFO:colcon.colcon_core.shell:Creating package script '/home/jesus/Desktop/ros2_ws/src/prueba/install/prueba/share/prueba/package.ps1'
[1.663s] DEBUG:colcon.colcon_core.event_handler.log_command:Invoked command in '/home/jesus/Desktop/ros2_ws/src/prueba' returned '0': PYTHONPATH=/home/jesus/Desktop/ros2_ws/src/prueba/build/prueba/prefix_override:/usr/lib/python3/dist-packages/colcon_core/task/python/colcon_distutils_commands:/home/jesus/Desktop/ros2_ws/src/prueba/install/prueba/lib/python3.8/site-packages:${PYTHONPATH} /usr/bin/python3 -W ignore:setup.py install is deprecated setup.py egg_info --egg-base build/prueba build --build-base /home/jesus/Desktop/ros2_ws/src/prueba/build/prueba/build install --record /home/jesus/Desktop/ros2_ws/src/prueba/build/prueba/install.log --install-scripts $base/lib/prueba --single-version-externally-managed install_data
[1.664s] INFO:colcon.colcon_core.shell:Creating package descriptor '/home/jesus/Desktop/ros2_ws/src/prueba/install/prueba/share/prueba/package.dsv'
[1.665s] INFO:colcon.colcon_core.shell:Creating package script '/home/jesus/Desktop/ros2_ws/src/prueba/install/prueba/share/prueba/package.sh'
[1.666s] INFO:colcon.colcon_core.shell:Creating package script '/home/jesus/Desktop/ros2_ws/src/prueba/install/prueba/share/prueba/package.bash'
[1.667s] INFO:colcon.colcon_core.shell:Creating package script '/home/jesus/Desktop/ros2_ws/src/prueba/install/prueba/share/prueba/package.zsh'
[1.669s] Level 1:colcon.colcon_core.environment:create_file_with_runtime_dependencies(/home/jesus/Desktop/ros2_ws/src/prueba/install/prueba/share/colcon-core/packages/prueba)
[1.671s] DEBUG:colcon.colcon_parallel_executor.executor.parallel:closing loop
[1.672s] DEBUG:colcon.colcon_parallel_executor.executor.parallel:loop closed
[1.672s] DEBUG:colcon.colcon_parallel_executor.executor.parallel:run_until_complete finished with '0'
[1.672s] DEBUG:colcon.colcon_core.event_reactor:joining thread
[1.681s] INFO:colcon.colcon_core.plugin_system:Skipping extension 'colcon_notification.desktop_notification.terminal_notifier': Not used on non-Darwin systems
[1.681s] INFO:colcon.colcon_core.plugin_system:Skipping extension 'colcon_notification.desktop_notification.win32': Not used on non-Windows systems
[1.681s] INFO:colcon.colcon_notification.desktop_notification:Sending desktop notification using 'notify2'
[1.715s] DEBUG:colcon.colcon_core.event_reactor:joined thread
[1.715s] INFO:colcon.colcon_core.shell:Creating prefix script '/home/jesus/Desktop/ros2_ws/src/prueba/install/local_setup.ps1'
[1.716s] INFO:colcon.colcon_core.shell:Creating prefix util module '/home/jesus/Desktop/ros2_ws/src/prueba/install/_local_setup_util_ps1.py'
[1.717s] INFO:colcon.colcon_core.shell:Creating prefix chain script '/home/jesus/Desktop/ros2_ws/src/prueba/install/setup.ps1'
[1.723s] INFO:colcon.colcon_core.shell:Creating prefix script '/home/jesus/Desktop/ros2_ws/src/prueba/install/local_setup.sh'
[1.723s] INFO:colcon.colcon_core.shell:Creating prefix util module '/home/jesus/Desktop/ros2_ws/src/prueba/install/_local_setup_util_sh.py'
[1.724s] INFO:colcon.colcon_core.shell:Creating prefix chain script '/home/jesus/Desktop/ros2_ws/src/prueba/install/setup.sh'
[1.728s] INFO:colcon.colcon_core.shell:Creating prefix script '/home/jesus/Desktop/ros2_ws/src/prueba/install/local_setup.bash'
[1.729s] INFO:colcon.colcon_core.shell:Creating prefix chain script '/home/jesus/Desktop/ros2_ws/src/prueba/install/setup.bash'
[1.734s] INFO:colcon.colcon_core.shell:Creating prefix script '/home/jesus/Desktop/ros2_ws/src/prueba/install/local_setup.zsh'
[1.735s] INFO:colcon.colcon_core.shell:Creating prefix chain script '/home/jesus/Desktop/ros2_ws/src/prueba/install/setup.zsh'
