[0.072s] Invoking command in '/home/jesus/Desktop/ros2_ws/build/ament_cmake_version': AMENT_PREFIX_PATH=/home/jesus/Desktop/ros2_ws/install/ament_cmake_core:/home/jesus/Desktop/ros2_ws/install/ament_package CMAKE_PREFIX_PATH=/home/jesus/Desktop/ros2_ws/install/ament_cmake_core PYTHONPATH=/home/jesus/Desktop/ros2_ws/install/ament_package/lib/python3.8/site-packages /usr/bin/cmake /home/jesus/Desktop/ros2_ws/src/ament/ament_cmake/ament_cmake_version -DCMAKE_INSTALL_PREFIX=/home/jesus/Desktop/ros2_ws/install/ament_cmake_version
[0.141s] -- Found ament_cmake_core: 0.9.12 (/home/jesus/Desktop/ros2_ws/install/ament_cmake_core/share/ament_cmake_core/cmake)
[0.195s] -- Found PythonInterp: /usr/bin/python3 (found suitable version "3.8.10", minimum required is "3") 
[0.197s] -- Using PYTHON_EXECUTABLE: /usr/bin/python3
[0.525s] -- Configuring done
[0.533s] -- Generating done
[0.536s] -- Build files have been written to: /home/jesus/Desktop/ros2_ws/build/ament_cmake_version
[0.553s] Invoked command in '/home/jesus/Desktop/ros2_ws/build/ament_cmake_version' returned '0': AMENT_PREFIX_PATH=/home/jesus/Desktop/ros2_ws/install/ament_cmake_core:/home/jesus/Desktop/ros2_ws/install/ament_package CMAKE_PREFIX_PATH=/home/jesus/Desktop/ros2_ws/install/ament_cmake_core PYTHONPATH=/home/jesus/Desktop/ros2_ws/install/ament_package/lib/python3.8/site-packages /usr/bin/cmake /home/jesus/Desktop/ros2_ws/src/ament/ament_cmake/ament_cmake_version -DCMAKE_INSTALL_PREFIX=/home/jesus/Desktop/ros2_ws/install/ament_cmake_version
[0.554s] Invoking command in '/home/jesus/Desktop/ros2_ws/build/ament_cmake_version': AMENT_PREFIX_PATH=/home/jesus/Desktop/ros2_ws/install/ament_cmake_core:/home/jesus/Desktop/ros2_ws/install/ament_package CMAKE_PREFIX_PATH=/home/jesus/Desktop/ros2_ws/install/ament_cmake_core PYTHONPATH=/home/jesus/Desktop/ros2_ws/install/ament_package/lib/python3.8/site-packages /usr/bin/cmake --build /home/jesus/Desktop/ros2_ws/build/ament_cmake_version -- -j2 -l2
[0.722s] Invoked command in '/home/jesus/Desktop/ros2_ws/build/ament_cmake_version' returned '0': AMENT_PREFIX_PATH=/home/jesus/Desktop/ros2_ws/install/ament_cmake_core:/home/jesus/Desktop/ros2_ws/install/ament_package CMAKE_PREFIX_PATH=/home/jesus/Desktop/ros2_ws/install/ament_cmake_core PYTHONPATH=/home/jesus/Desktop/ros2_ws/install/ament_package/lib/python3.8/site-packages /usr/bin/cmake --build /home/jesus/Desktop/ros2_ws/build/ament_cmake_version -- -j2 -l2
[0.859s] Invoking command in '/home/jesus/Desktop/ros2_ws/build/ament_cmake_version': AMENT_PREFIX_PATH=/home/jesus/Desktop/ros2_ws/install/ament_cmake_core:/home/jesus/Desktop/ros2_ws/install/ament_package CMAKE_PREFIX_PATH=/home/jesus/Desktop/ros2_ws/install/ament_cmake_core PYTHONPATH=/home/jesus/Desktop/ros2_ws/install/ament_package/lib/python3.8/site-packages /usr/bin/cmake --install /home/jesus/Desktop/ros2_ws/build/ament_cmake_version
[0.876s] -- Install configuration: ""
[0.877s] -- Installing: /home/jesus/Desktop/ros2_ws/install/ament_cmake_version/share/ament_index/resource_index/package_run_dependencies/ament_cmake_version
[0.877s] -- Installing: /home/jesus/Desktop/ros2_ws/install/ament_cmake_version/share/ament_index/resource_index/parent_prefix_path/ament_cmake_version
[0.877s] -- Installing: /home/jesus/Desktop/ros2_ws/install/ament_cmake_version/share/ament_cmake_version/environment/ament_prefix_path.sh
[0.877s] -- Installing: /home/jesus/Desktop/ros2_ws/install/ament_cmake_version/share/ament_cmake_version/environment/ament_prefix_path.dsv
[0.877s] -- Installing: /home/jesus/Desktop/ros2_ws/install/ament_cmake_version/share/ament_cmake_version/environment/path.sh
[0.877s] -- Installing: /home/jesus/Desktop/ros2_ws/install/ament_cmake_version/share/ament_cmake_version/environment/path.dsv
[0.877s] -- Installing: /home/jesus/Desktop/ros2_ws/install/ament_cmake_version/share/ament_cmake_version/local_setup.bash
[0.877s] -- Installing: /home/jesus/Desktop/ros2_ws/install/ament_cmake_version/share/ament_cmake_version/local_setup.sh
[0.877s] -- Installing: /home/jesus/Desktop/ros2_ws/install/ament_cmake_version/share/ament_cmake_version/local_setup.zsh
[0.877s] -- Installing: /home/jesus/Desktop/ros2_ws/install/ament_cmake_version/share/ament_cmake_version/local_setup.dsv
[0.878s] -- Installing: /home/jesus/Desktop/ros2_ws/install/ament_cmake_version/share/ament_cmake_version/package.dsv
[0.883s] -- Installing: /home/jesus/Desktop/ros2_ws/install/ament_cmake_version/share/ament_index/resource_index/packages/ament_cmake_version
[0.883s] -- Installing: /home/jesus/Desktop/ros2_ws/install/ament_cmake_version/share/ament_cmake_version/cmake/ament_cmake_version-extras.cmake
[0.883s] -- Installing: /home/jesus/Desktop/ros2_ws/install/ament_cmake_version/share/ament_cmake_version/cmake/ament_cmake_versionConfig.cmake
[0.883s] -- Installing: /home/jesus/Desktop/ros2_ws/install/ament_cmake_version/share/ament_cmake_version/cmake/ament_cmake_versionConfig-version.cmake
[0.883s] -- Installing: /home/jesus/Desktop/ros2_ws/install/ament_cmake_version/share/ament_cmake_version/package.xml
[0.883s] -- Up-to-date: /home/jesus/Desktop/ros2_ws/install/ament_cmake_version/share/ament_cmake_version/cmake
[0.883s] -- Installing: /home/jesus/Desktop/ros2_ws/install/ament_cmake_version/share/ament_cmake_version/cmake/ament_export_development_version_if_higher_than_manifest.cmake
[0.890s] Invoked command in '/home/jesus/Desktop/ros2_ws/build/ament_cmake_version' returned '0': AMENT_PREFIX_PATH=/home/jesus/Desktop/ros2_ws/install/ament_cmake_core:/home/jesus/Desktop/ros2_ws/install/ament_package CMAKE_PREFIX_PATH=/home/jesus/Desktop/ros2_ws/install/ament_cmake_core PYTHONPATH=/home/jesus/Desktop/ros2_ws/install/ament_package/lib/python3.8/site-packages /usr/bin/cmake --install /home/jesus/Desktop/ros2_ws/build/ament_cmake_version
