/home/jesus/Desktop/ros2_ws/install/ament_index_python/lib/python3.8/site-packages/ament_index_python/search_paths.py
/home/jesus/Desktop/ros2_ws/install/ament_index_python/lib/python3.8/site-packages/ament_index_python/resources.py
/home/jesus/Desktop/ros2_ws/install/ament_index_python/lib/python3.8/site-packages/ament_index_python/cli.py
/home/jesus/Desktop/ros2_ws/install/ament_index_python/lib/python3.8/site-packages/ament_index_python/__init__.py
/home/jesus/Desktop/ros2_ws/install/ament_index_python/lib/python3.8/site-packages/ament_index_python/packages.py
/home/jesus/Desktop/ros2_ws/install/ament_index_python/lib/python3.8/site-packages/ament_index_python/constants.py
/home/jesus/Desktop/ros2_ws/install/ament_index_python/lib/python3.8/site-packages/ament_index_python/__pycache__/search_paths.cpython-38.pyc
/home/jesus/Desktop/ros2_ws/install/ament_index_python/lib/python3.8/site-packages/ament_index_python/__pycache__/resources.cpython-38.pyc
/home/jesus/Desktop/ros2_ws/install/ament_index_python/lib/python3.8/site-packages/ament_index_python/__pycache__/cli.cpython-38.pyc
/home/jesus/Desktop/ros2_ws/install/ament_index_python/lib/python3.8/site-packages/ament_index_python/__pycache__/__init__.cpython-38.pyc
/home/jesus/Desktop/ros2_ws/install/ament_index_python/lib/python3.8/site-packages/ament_index_python/__pycache__/packages.cpython-38.pyc
/home/jesus/Desktop/ros2_ws/install/ament_index_python/lib/python3.8/site-packages/ament_index_python/__pycache__/constants.cpython-38.pyc
/home/jesus/Desktop/ros2_ws/install/ament_index_python/share/ament_index_python/package.xml
/home/jesus/Desktop/ros2_ws/install/ament_index_python/share/ament_index_python/environment/ament_index-argcomplete.bash
/home/jesus/Desktop/ros2_ws/install/ament_index_python/share/ament_index_python/environment/ament_index-argcomplete.zsh
/home/jesus/Desktop/ros2_ws/install/ament_index_python/share/ament_index/resource_index/packages/ament_index_python
/home/jesus/Desktop/ros2_ws/install/ament_index_python/lib/python3.8/site-packages/ament_index_python-1.1.0-py3.8.egg-info/top_level.txt
/home/jesus/Desktop/ros2_ws/install/ament_index_python/lib/python3.8/site-packages/ament_index_python-1.1.0-py3.8.egg-info/requires.txt
/home/jesus/Desktop/ros2_ws/install/ament_index_python/lib/python3.8/site-packages/ament_index_python-1.1.0-py3.8.egg-info/PKG-INFO
/home/jesus/Desktop/ros2_ws/install/ament_index_python/lib/python3.8/site-packages/ament_index_python-1.1.0-py3.8.egg-info/SOURCES.txt
/home/jesus/Desktop/ros2_ws/install/ament_index_python/lib/python3.8/site-packages/ament_index_python-1.1.0-py3.8.egg-info/entry_points.txt
/home/jesus/Desktop/ros2_ws/install/ament_index_python/lib/python3.8/site-packages/ament_index_python-1.1.0-py3.8.egg-info/zip-safe
/home/jesus/Desktop/ros2_ws/install/ament_index_python/lib/python3.8/site-packages/ament_index_python-1.1.0-py3.8.egg-info/dependency_links.txt
/home/jesus/Desktop/ros2_ws/install/ament_index_python/bin/ament_index
