[0.028s] Invoking command in '/home/jesus/Desktop/ros2_ws/build/ament_cmake_export_link_flags': AMENT_PREFIX_PATH=/home/jesus/Desktop/ros2_ws/install/ament_cmake_core:/home/jesus/Desktop/ros2_ws/install/ament_package CMAKE_PREFIX_PATH=/home/jesus/Desktop/ros2_ws/install/ament_cmake_core PYTHONPATH=/home/jesus/Desktop/ros2_ws/install/ament_package/lib/python3.8/site-packages /usr/bin/cmake /home/jesus/Desktop/ros2_ws/src/ament/ament_cmake/ament_cmake_export_link_flags -DCMAKE_INSTALL_PREFIX=/home/jesus/Desktop/ros2_ws/install/ament_cmake_export_link_flags
[0.057s] -- Found ament_cmake_core: 0.9.12 (/home/jesus/Desktop/ros2_ws/install/ament_cmake_core/share/ament_cmake_core/cmake)
[0.104s] -- Found PythonInterp: /usr/bin/python3 (found suitable version "3.8.10", minimum required is "3") 
[0.104s] -- Using PYTHON_EXECUTABLE: /usr/bin/python3
[0.519s] -- Configuring done
[0.522s] -- Generating done
[0.524s] -- Build files have been written to: /home/jesus/Desktop/ros2_ws/build/ament_cmake_export_link_flags
[0.528s] Invoked command in '/home/jesus/Desktop/ros2_ws/build/ament_cmake_export_link_flags' returned '0': AMENT_PREFIX_PATH=/home/jesus/Desktop/ros2_ws/install/ament_cmake_core:/home/jesus/Desktop/ros2_ws/install/ament_package CMAKE_PREFIX_PATH=/home/jesus/Desktop/ros2_ws/install/ament_cmake_core PYTHONPATH=/home/jesus/Desktop/ros2_ws/install/ament_package/lib/python3.8/site-packages /usr/bin/cmake /home/jesus/Desktop/ros2_ws/src/ament/ament_cmake/ament_cmake_export_link_flags -DCMAKE_INSTALL_PREFIX=/home/jesus/Desktop/ros2_ws/install/ament_cmake_export_link_flags
[0.530s] Invoking command in '/home/jesus/Desktop/ros2_ws/build/ament_cmake_export_link_flags': AMENT_PREFIX_PATH=/home/jesus/Desktop/ros2_ws/install/ament_cmake_core:/home/jesus/Desktop/ros2_ws/install/ament_package CMAKE_PREFIX_PATH=/home/jesus/Desktop/ros2_ws/install/ament_cmake_core PYTHONPATH=/home/jesus/Desktop/ros2_ws/install/ament_package/lib/python3.8/site-packages /usr/bin/cmake --build /home/jesus/Desktop/ros2_ws/build/ament_cmake_export_link_flags -- -j2 -l2
[0.669s] Invoked command in '/home/jesus/Desktop/ros2_ws/build/ament_cmake_export_link_flags' returned '0': AMENT_PREFIX_PATH=/home/jesus/Desktop/ros2_ws/install/ament_cmake_core:/home/jesus/Desktop/ros2_ws/install/ament_package CMAKE_PREFIX_PATH=/home/jesus/Desktop/ros2_ws/install/ament_cmake_core PYTHONPATH=/home/jesus/Desktop/ros2_ws/install/ament_package/lib/python3.8/site-packages /usr/bin/cmake --build /home/jesus/Desktop/ros2_ws/build/ament_cmake_export_link_flags -- -j2 -l2
[0.754s] Invoking command in '/home/jesus/Desktop/ros2_ws/build/ament_cmake_export_link_flags': AMENT_PREFIX_PATH=/home/jesus/Desktop/ros2_ws/install/ament_cmake_core:/home/jesus/Desktop/ros2_ws/install/ament_package CMAKE_PREFIX_PATH=/home/jesus/Desktop/ros2_ws/install/ament_cmake_core PYTHONPATH=/home/jesus/Desktop/ros2_ws/install/ament_package/lib/python3.8/site-packages /usr/bin/cmake --install /home/jesus/Desktop/ros2_ws/build/ament_cmake_export_link_flags
[0.773s] -- Install configuration: ""
[0.774s] -- Installing: /home/jesus/Desktop/ros2_ws/install/ament_cmake_export_link_flags/share/ament_index/resource_index/package_run_dependencies/ament_cmake_export_link_flags
[0.774s] -- Installing: /home/jesus/Desktop/ros2_ws/install/ament_cmake_export_link_flags/share/ament_index/resource_index/parent_prefix_path/ament_cmake_export_link_flags
[0.775s] -- Installing: /home/jesus/Desktop/ros2_ws/install/ament_cmake_export_link_flags/share/ament_cmake_export_link_flags/environment/ament_prefix_path.sh
[0.775s] -- Installing: /home/jesus/Desktop/ros2_ws/install/ament_cmake_export_link_flags/share/ament_cmake_export_link_flags/environment/ament_prefix_path.dsv
[0.775s] -- Installing: /home/jesus/Desktop/ros2_ws/install/ament_cmake_export_link_flags/share/ament_cmake_export_link_flags/environment/path.sh
[0.776s] -- Installing: /home/jesus/Desktop/ros2_ws/install/ament_cmake_export_link_flags/share/ament_cmake_export_link_flags/environment/path.dsv
[0.776s] -- Installing: /home/jesus/Desktop/ros2_ws/install/ament_cmake_export_link_flags/share/ament_cmake_export_link_flags/local_setup.bash
[0.776s] -- Installing: /home/jesus/Desktop/ros2_ws/install/ament_cmake_export_link_flags/share/ament_cmake_export_link_flags/local_setup.sh
[0.776s] -- Installing: /home/jesus/Desktop/ros2_ws/install/ament_cmake_export_link_flags/share/ament_cmake_export_link_flags/local_setup.zsh
[0.777s] -- Installing: /home/jesus/Desktop/ros2_ws/install/ament_cmake_export_link_flags/share/ament_cmake_export_link_flags/local_setup.dsv
[0.777s] -- Installing: /home/jesus/Desktop/ros2_ws/install/ament_cmake_export_link_flags/share/ament_cmake_export_link_flags/package.dsv
[0.777s] -- Installing: /home/jesus/Desktop/ros2_ws/install/ament_cmake_export_link_flags/share/ament_index/resource_index/packages/ament_cmake_export_link_flags
[0.777s] -- Installing: /home/jesus/Desktop/ros2_ws/install/ament_cmake_export_link_flags/share/ament_cmake_export_link_flags/cmake/ament_cmake_export_link_flags-extras.cmake
[0.778s] -- Installing: /home/jesus/Desktop/ros2_ws/install/ament_cmake_export_link_flags/share/ament_cmake_export_link_flags/cmake/ament_cmake_export_link_flagsConfig.cmake
[0.778s] -- Installing: /home/jesus/Desktop/ros2_ws/install/ament_cmake_export_link_flags/share/ament_cmake_export_link_flags/cmake/ament_cmake_export_link_flagsConfig-version.cmake
[0.806s] -- Installing: /home/jesus/Desktop/ros2_ws/install/ament_cmake_export_link_flags/share/ament_cmake_export_link_flags/package.xml
[0.806s] -- Up-to-date: /home/jesus/Desktop/ros2_ws/install/ament_cmake_export_link_flags/share/ament_cmake_export_link_flags/cmake
[0.806s] -- Installing: /home/jesus/Desktop/ros2_ws/install/ament_cmake_export_link_flags/share/ament_cmake_export_link_flags/cmake/ament_cmake_export_link_flags-extras.cmake.in
[0.807s] -- Installing: /home/jesus/Desktop/ros2_ws/install/ament_cmake_export_link_flags/share/ament_cmake_export_link_flags/cmake/ament_cmake_export_link_flags_package_hook.cmake
[0.807s] -- Installing: /home/jesus/Desktop/ros2_ws/install/ament_cmake_export_link_flags/share/ament_cmake_export_link_flags/cmake/ament_export_link_flags.cmake
[0.807s] Invoked command in '/home/jesus/Desktop/ros2_ws/build/ament_cmake_export_link_flags' returned '0': AMENT_PREFIX_PATH=/home/jesus/Desktop/ros2_ws/install/ament_cmake_core:/home/jesus/Desktop/ros2_ws/install/ament_package CMAKE_PREFIX_PATH=/home/jesus/Desktop/ros2_ws/install/ament_cmake_core PYTHONPATH=/home/jesus/Desktop/ros2_ws/install/ament_package/lib/python3.8/site-packages /usr/bin/cmake --install /home/jesus/Desktop/ros2_ws/build/ament_cmake_export_link_flags
