[0.050s] Invoking command in '/home/jesus/Desktop/ros2_ws/build/ament_cmake_python': AMENT_PREFIX_PATH=/home/jesus/Desktop/ros2_ws/install/ament_cmake_core:/home/jesus/Desktop/ros2_ws/install/ament_package CMAKE_PREFIX_PATH=/home/jesus/Desktop/ros2_ws/install/ament_cmake_core PYTHONPATH=/home/jesus/Desktop/ros2_ws/install/ament_package/lib/python3.8/site-packages /usr/bin/cmake /home/jesus/Desktop/ros2_ws/src/ament/ament_cmake/ament_cmake_python -DCMAKE_INSTALL_PREFIX=/home/jesus/Desktop/ros2_ws/install/ament_cmake_python
[0.091s] -- Found ament_cmake_core: 0.9.12 (/home/jesus/Desktop/ros2_ws/install/ament_cmake_core/share/ament_cmake_core/cmake)
[0.122s] -- Found PythonInterp: /usr/bin/python3 (found suitable version "3.8.10", minimum required is "3") 
[0.123s] -- Using PYTHON_EXECUTABLE: /usr/bin/python3
[0.465s] -- Configuring done
[0.475s] -- Generating done
[0.475s] -- Build files have been written to: /home/jesus/Desktop/ros2_ws/build/ament_cmake_python
[0.740s] Invoked command in '/home/jesus/Desktop/ros2_ws/build/ament_cmake_python' returned '0': AMENT_PREFIX_PATH=/home/jesus/Desktop/ros2_ws/install/ament_cmake_core:/home/jesus/Desktop/ros2_ws/install/ament_package CMAKE_PREFIX_PATH=/home/jesus/Desktop/ros2_ws/install/ament_cmake_core PYTHONPATH=/home/jesus/Desktop/ros2_ws/install/ament_package/lib/python3.8/site-packages /usr/bin/cmake /home/jesus/Desktop/ros2_ws/src/ament/ament_cmake/ament_cmake_python -DCMAKE_INSTALL_PREFIX=/home/jesus/Desktop/ros2_ws/install/ament_cmake_python
[0.743s] Invoking command in '/home/jesus/Desktop/ros2_ws/build/ament_cmake_python': AMENT_PREFIX_PATH=/home/jesus/Desktop/ros2_ws/install/ament_cmake_core:/home/jesus/Desktop/ros2_ws/install/ament_package CMAKE_PREFIX_PATH=/home/jesus/Desktop/ros2_ws/install/ament_cmake_core PYTHONPATH=/home/jesus/Desktop/ros2_ws/install/ament_package/lib/python3.8/site-packages /usr/bin/cmake --build /home/jesus/Desktop/ros2_ws/build/ament_cmake_python -- -j2 -l2
[0.870s] Invoked command in '/home/jesus/Desktop/ros2_ws/build/ament_cmake_python' returned '0': AMENT_PREFIX_PATH=/home/jesus/Desktop/ros2_ws/install/ament_cmake_core:/home/jesus/Desktop/ros2_ws/install/ament_package CMAKE_PREFIX_PATH=/home/jesus/Desktop/ros2_ws/install/ament_cmake_core PYTHONPATH=/home/jesus/Desktop/ros2_ws/install/ament_package/lib/python3.8/site-packages /usr/bin/cmake --build /home/jesus/Desktop/ros2_ws/build/ament_cmake_python -- -j2 -l2
[1.009s] Invoking command in '/home/jesus/Desktop/ros2_ws/build/ament_cmake_python': AMENT_PREFIX_PATH=/home/jesus/Desktop/ros2_ws/install/ament_cmake_core:/home/jesus/Desktop/ros2_ws/install/ament_package CMAKE_PREFIX_PATH=/home/jesus/Desktop/ros2_ws/install/ament_cmake_core PYTHONPATH=/home/jesus/Desktop/ros2_ws/install/ament_package/lib/python3.8/site-packages /usr/bin/cmake --install /home/jesus/Desktop/ros2_ws/build/ament_cmake_python
[1.049s] -- Install configuration: ""
[1.050s] -- Installing: /home/jesus/Desktop/ros2_ws/install/ament_cmake_python/share/ament_index/resource_index/package_run_dependencies/ament_cmake_python
[1.051s] -- Installing: /home/jesus/Desktop/ros2_ws/install/ament_cmake_python/share/ament_index/resource_index/parent_prefix_path/ament_cmake_python
[1.051s] -- Installing: /home/jesus/Desktop/ros2_ws/install/ament_cmake_python/share/ament_cmake_python/environment/ament_prefix_path.sh
[1.052s] -- Installing: /home/jesus/Desktop/ros2_ws/install/ament_cmake_python/share/ament_cmake_python/environment/ament_prefix_path.dsv
[1.053s] -- Installing: /home/jesus/Desktop/ros2_ws/install/ament_cmake_python/share/ament_cmake_python/environment/path.sh
[1.053s] -- Installing: /home/jesus/Desktop/ros2_ws/install/ament_cmake_python/share/ament_cmake_python/environment/path.dsv
[1.054s] -- Installing: /home/jesus/Desktop/ros2_ws/install/ament_cmake_python/share/ament_cmake_python/local_setup.bash
[1.055s] -- Installing: /home/jesus/Desktop/ros2_ws/install/ament_cmake_python/share/ament_cmake_python/local_setup.sh
[1.055s] -- Installing: /home/jesus/Desktop/ros2_ws/install/ament_cmake_python/share/ament_cmake_python/local_setup.zsh
[1.056s] -- Installing: /home/jesus/Desktop/ros2_ws/install/ament_cmake_python/share/ament_cmake_python/local_setup.dsv
[1.057s] -- Installing: /home/jesus/Desktop/ros2_ws/install/ament_cmake_python/share/ament_cmake_python/package.dsv
[1.058s] -- Installing: /home/jesus/Desktop/ros2_ws/install/ament_cmake_python/share/ament_index/resource_index/packages/ament_cmake_python
[1.060s] -- Installing: /home/jesus/Desktop/ros2_ws/install/ament_cmake_python/share/ament_cmake_python/cmake/ament_cmake_python-extras.cmake
[1.067s] -- Installing: /home/jesus/Desktop/ros2_ws/install/ament_cmake_python/share/ament_cmake_python/cmake/ament_cmake_pythonConfig.cmake
[1.067s] -- Installing: /home/jesus/Desktop/ros2_ws/install/ament_cmake_python/share/ament_cmake_python/cmake/ament_cmake_pythonConfig-version.cmake
[1.068s] -- Installing: /home/jesus/Desktop/ros2_ws/install/ament_cmake_python/share/ament_cmake_python/package.xml
[1.068s] -- Up-to-date: /home/jesus/Desktop/ros2_ws/install/ament_cmake_python/share/ament_cmake_python/cmake
[1.068s] -- Installing: /home/jesus/Desktop/ros2_ws/install/ament_cmake_python/share/ament_cmake_python/cmake/ament_python_install_module.cmake
[1.069s] -- Installing: /home/jesus/Desktop/ros2_ws/install/ament_cmake_python/share/ament_cmake_python/cmake/ament_python_install_package.cmake
[1.079s] Invoked command in '/home/jesus/Desktop/ros2_ws/build/ament_cmake_python' returned '0': AMENT_PREFIX_PATH=/home/jesus/Desktop/ros2_ws/install/ament_cmake_core:/home/jesus/Desktop/ros2_ws/install/ament_package CMAKE_PREFIX_PATH=/home/jesus/Desktop/ros2_ws/install/ament_cmake_core PYTHONPATH=/home/jesus/Desktop/ros2_ws/install/ament_package/lib/python3.8/site-packages /usr/bin/cmake --install /home/jesus/Desktop/ros2_ws/build/ament_cmake_python
