[0.039s] Invoking command in '/home/jesus/Desktop/ros2_ws/build/gmock_vendor': CMAKE_PREFIX_PATH=/home/jesus/Desktop/ros2_ws/install/gtest_vendor PKG_CONFIG_PATH=/home/jesus/Desktop/ros2_ws/install/gtest_vendor/lib/x86_64-linux-gnu/pkgconfig:/home/jesus/Desktop/ros2_ws/install/gtest_vendor/lib/pkgconfig /usr/bin/cmake /home/jesus/Desktop/ros2_ws/src/ament/googletest/googlemock -DCMAKE_INSTALL_PREFIX=/home/jesus/Desktop/ros2_ws/install/gmock_vendor
[0.067s] -- Configuring done
[0.068s] -- Generating done
[0.069s] -- Build files have been written to: /home/jesus/Desktop/ros2_ws/build/gmock_vendor
[0.074s] Invoked command in '/home/jesus/Desktop/ros2_ws/build/gmock_vendor' returned '0': CMAKE_PREFIX_PATH=/home/jesus/Desktop/ros2_ws/install/gtest_vendor PKG_CONFIG_PATH=/home/jesus/Desktop/ros2_ws/install/gtest_vendor/lib/x86_64-linux-gnu/pkgconfig:/home/jesus/Desktop/ros2_ws/install/gtest_vendor/lib/pkgconfig /usr/bin/cmake /home/jesus/Desktop/ros2_ws/src/ament/googletest/googlemock -DCMAKE_INSTALL_PREFIX=/home/jesus/Desktop/ros2_ws/install/gmock_vendor
[0.075s] Invoking command in '/home/jesus/Desktop/ros2_ws/build/gmock_vendor': CMAKE_PREFIX_PATH=/home/jesus/Desktop/ros2_ws/install/gtest_vendor PKG_CONFIG_PATH=/home/jesus/Desktop/ros2_ws/install/gtest_vendor/lib/x86_64-linux-gnu/pkgconfig:/home/jesus/Desktop/ros2_ws/install/gtest_vendor/lib/pkgconfig /usr/bin/cmake --build /home/jesus/Desktop/ros2_ws/build/gmock_vendor -- -j2 -l2
[0.135s] Invoked command in '/home/jesus/Desktop/ros2_ws/build/gmock_vendor' returned '0': CMAKE_PREFIX_PATH=/home/jesus/Desktop/ros2_ws/install/gtest_vendor PKG_CONFIG_PATH=/home/jesus/Desktop/ros2_ws/install/gtest_vendor/lib/x86_64-linux-gnu/pkgconfig:/home/jesus/Desktop/ros2_ws/install/gtest_vendor/lib/pkgconfig /usr/bin/cmake --build /home/jesus/Desktop/ros2_ws/build/gmock_vendor -- -j2 -l2
[0.172s] Invoking command in '/home/jesus/Desktop/ros2_ws/build/gmock_vendor': CMAKE_PREFIX_PATH=/home/jesus/Desktop/ros2_ws/install/gtest_vendor PKG_CONFIG_PATH=/home/jesus/Desktop/ros2_ws/install/gtest_vendor/lib/x86_64-linux-gnu/pkgconfig:/home/jesus/Desktop/ros2_ws/install/gtest_vendor/lib/pkgconfig /usr/bin/cmake --install /home/jesus/Desktop/ros2_ws/build/gmock_vendor
[0.187s] -- Install configuration: ""
[0.188s] -- Installing: /home/jesus/Desktop/ros2_ws/install/gmock_vendor/share/gmock_vendor/cmake/gmock_vendorConfig.cmake
[0.189s] -- Installing: /home/jesus/Desktop/ros2_ws/install/gmock_vendor/share/gmock_vendor/package.xml
[0.190s] -- Installing: /home/jesus/Desktop/ros2_ws/install/gmock_vendor/src/gmock_vendor/CMakeLists.txt
[0.191s] -- Installing: /home/jesus/Desktop/ros2_ws/install/gmock_vendor/src/gmock_vendor/include/gmock
[0.191s] -- Installing: /home/jesus/Desktop/ros2_ws/install/gmock_vendor/src/gmock_vendor/include/gmock/gmock-cardinalities.h
[0.192s] -- Installing: /home/jesus/Desktop/ros2_ws/install/gmock_vendor/src/gmock_vendor/include/gmock/gmock-generated-nice-strict.h
[0.192s] -- Installing: /home/jesus/Desktop/ros2_ws/install/gmock_vendor/src/gmock_vendor/include/gmock/gmock-generated-function-mockers.h
[0.193s] -- Installing: /home/jesus/Desktop/ros2_ws/install/gmock_vendor/src/gmock_vendor/include/gmock/gmock-generated-matchers.h
[0.194s] -- Installing: /home/jesus/Desktop/ros2_ws/install/gmock_vendor/src/gmock_vendor/include/gmock/gmock-generated-function-mockers.h.pump
[0.194s] -- Installing: /home/jesus/Desktop/ros2_ws/install/gmock_vendor/src/gmock_vendor/include/gmock/internal
[0.194s] -- Installing: /home/jesus/Desktop/ros2_ws/install/gmock_vendor/src/gmock_vendor/include/gmock/internal/custom
[0.195s] -- Installing: /home/jesus/Desktop/ros2_ws/install/gmock_vendor/src/gmock_vendor/include/gmock/internal/custom/README.md
[0.196s] -- Installing: /home/jesus/Desktop/ros2_ws/install/gmock_vendor/src/gmock_vendor/include/gmock/internal/custom/gmock-generated-actions.h
[0.196s] -- Installing: /home/jesus/Desktop/ros2_ws/install/gmock_vendor/src/gmock_vendor/include/gmock/internal/custom/gmock-generated-actions.h.pump
[0.197s] -- Installing: /home/jesus/Desktop/ros2_ws/install/gmock_vendor/src/gmock_vendor/include/gmock/internal/custom/gmock-port.h
[0.197s] -- Installing: /home/jesus/Desktop/ros2_ws/install/gmock_vendor/src/gmock_vendor/include/gmock/internal/custom/gmock-matchers.h
[0.198s] -- Installing: /home/jesus/Desktop/ros2_ws/install/gmock_vendor/src/gmock_vendor/include/gmock/internal/gmock-pp.h
[0.198s] -- Installing: /home/jesus/Desktop/ros2_ws/install/gmock_vendor/src/gmock_vendor/include/gmock/internal/gmock-internal-utils.h
[0.199s] -- Installing: /home/jesus/Desktop/ros2_ws/install/gmock_vendor/src/gmock_vendor/include/gmock/internal/gmock-port.h
[0.200s] -- Installing: /home/jesus/Desktop/ros2_ws/install/gmock_vendor/src/gmock_vendor/include/gmock/internal/gmock-generated-internal-utils.h.pump
[0.200s] -- Installing: /home/jesus/Desktop/ros2_ws/install/gmock_vendor/src/gmock_vendor/include/gmock/internal/gmock-generated-internal-utils.h
[0.201s] -- Installing: /home/jesus/Desktop/ros2_ws/install/gmock_vendor/src/gmock_vendor/include/gmock/gmock-more-matchers.h
[0.201s] -- Installing: /home/jesus/Desktop/ros2_ws/install/gmock_vendor/src/gmock_vendor/include/gmock/gmock-generated-matchers.h.pump
[0.202s] -- Installing: /home/jesus/Desktop/ros2_ws/install/gmock_vendor/src/gmock_vendor/include/gmock/gmock-function-mocker.h
[0.202s] -- Installing: /home/jesus/Desktop/ros2_ws/install/gmock_vendor/src/gmock_vendor/include/gmock/gmock-generated-actions.h
[0.203s] -- Installing: /home/jesus/Desktop/ros2_ws/install/gmock_vendor/src/gmock_vendor/include/gmock/gmock-generated-actions.h.pump
[0.204s] -- Installing: /home/jesus/Desktop/ros2_ws/install/gmock_vendor/src/gmock_vendor/include/gmock/gmock-matchers.h
[0.204s] -- Installing: /home/jesus/Desktop/ros2_ws/install/gmock_vendor/src/gmock_vendor/include/gmock/gmock-more-actions.h
[0.205s] -- Installing: /home/jesus/Desktop/ros2_ws/install/gmock_vendor/src/gmock_vendor/include/gmock/gmock.h
[0.206s] -- Installing: /home/jesus/Desktop/ros2_ws/install/gmock_vendor/src/gmock_vendor/include/gmock/gmock-spec-builders.h
[0.208s] -- Installing: /home/jesus/Desktop/ros2_ws/install/gmock_vendor/src/gmock_vendor/include/gmock/gmock-actions.h
[0.209s] -- Installing: /home/jesus/Desktop/ros2_ws/install/gmock_vendor/src/gmock_vendor/include/gmock/gmock-generated-nice-strict.h.pump
[0.209s] -- Installing: /home/jesus/Desktop/ros2_ws/install/gmock_vendor/src/gmock_vendor/src
[0.210s] -- Installing: /home/jesus/Desktop/ros2_ws/install/gmock_vendor/src/gmock_vendor/src/gmock-matchers.cc
[0.211s] -- Installing: /home/jesus/Desktop/ros2_ws/install/gmock_vendor/src/gmock_vendor/src/gmock_main.cc
[0.212s] -- Installing: /home/jesus/Desktop/ros2_ws/install/gmock_vendor/src/gmock_vendor/src/gmock-internal-utils.cc
[0.212s] -- Installing: /home/jesus/Desktop/ros2_ws/install/gmock_vendor/src/gmock_vendor/src/gmock-all.cc
[0.213s] -- Installing: /home/jesus/Desktop/ros2_ws/install/gmock_vendor/src/gmock_vendor/src/gmock-spec-builders.cc
[0.213s] -- Installing: /home/jesus/Desktop/ros2_ws/install/gmock_vendor/src/gmock_vendor/src/gmock-cardinalities.cc
[0.213s] -- Installing: /home/jesus/Desktop/ros2_ws/install/gmock_vendor/src/gmock_vendor/src/gmock.cc
[0.218s] Invoked command in '/home/jesus/Desktop/ros2_ws/build/gmock_vendor' returned '0': CMAKE_PREFIX_PATH=/home/jesus/Desktop/ros2_ws/install/gtest_vendor PKG_CONFIG_PATH=/home/jesus/Desktop/ros2_ws/install/gtest_vendor/lib/x86_64-linux-gnu/pkgconfig:/home/jesus/Desktop/ros2_ws/install/gtest_vendor/lib/pkgconfig /usr/bin/cmake --install /home/jesus/Desktop/ros2_ws/build/gmock_vendor
