[0.990s] Invoking command in '/home/jesus/Desktop/ros2_ws/src/prueba': PYTHONPATH=/home/jesus/Desktop/ros2_ws/build/prueba/prefix_override:/usr/lib/python3/dist-packages/colcon_core/task/python/colcon_distutils_commands:/home/jesus/Desktop/ros2_ws/install/prueba/lib/python3.8/site-packages:${PYTHONPATH} /usr/bin/python3 -W ignore:setup.py install is deprecated setup.py egg_info --egg-base ../../build/prueba build --build-base /home/jesus/Desktop/ros2_ws/build/prueba/build install --record /home/jesus/Desktop/ros2_ws/build/prueba/install.log --install-scripts $base/lib/prueba --single-version-externally-managed install_data
[1.264s] running egg_info
[1.265s] writing ../../build/prueba/prueba.egg-info/PKG-INFO
[1.266s] writing dependency_links to ../../build/prueba/prueba.egg-info/dependency_links.txt
[1.266s] writing entry points to ../../build/prueba/prueba.egg-info/entry_points.txt
[1.267s] writing requirements to ../../build/prueba/prueba.egg-info/requires.txt
[1.268s] writing top-level names to ../../build/prueba/prueba.egg-info/top_level.txt
[1.304s] reading manifest file '../../build/prueba/prueba.egg-info/SOURCES.txt'
[1.306s] writing manifest file '../../build/prueba/prueba.egg-info/SOURCES.txt'
[1.307s] running build
[1.307s] running build_py
[1.308s] copying prueba/can_read_node.py -> /home/jesus/Desktop/ros2_ws/build/prueba/build/lib/prueba
[1.309s] copying prueba/rpm_sender_node.py -> /home/jesus/Desktop/ros2_ws/build/prueba/build/lib/prueba
[1.310s] running install
[1.311s] running install_lib
[1.313s] copying /home/jesus/Desktop/ros2_ws/build/prueba/build/lib/prueba/can_read_node.py -> /home/jesus/Desktop/ros2_ws/install/prueba/lib/python3.8/site-packages/prueba
[1.313s] copying /home/jesus/Desktop/ros2_ws/build/prueba/build/lib/prueba/rpm_sender_node.py -> /home/jesus/Desktop/ros2_ws/install/prueba/lib/python3.8/site-packages/prueba
[1.314s] byte-compiling /home/jesus/Desktop/ros2_ws/install/prueba/lib/python3.8/site-packages/prueba/can_read_node.py to can_read_node.cpython-38.pyc
[1.316s] byte-compiling /home/jesus/Desktop/ros2_ws/install/prueba/lib/python3.8/site-packages/prueba/rpm_sender_node.py to rpm_sender_node.cpython-38.pyc
[1.318s] running install_data
[1.319s] running install_egg_info
[1.321s] removing '/home/jesus/Desktop/ros2_ws/install/prueba/lib/python3.8/site-packages/prueba-0.0.0-py3.8.egg-info' (and everything under it)
[1.346s] Copying ../../build/prueba/prueba.egg-info to /home/jesus/Desktop/ros2_ws/install/prueba/lib/python3.8/site-packages/prueba-0.0.0-py3.8.egg-info
[1.346s] running install_scripts
[1.364s] Installing can_receive_node script to /home/jesus/Desktop/ros2_ws/install/prueba/lib/prueba
[1.366s] Installing data_logger_node script to /home/jesus/Desktop/ros2_ws/install/prueba/lib/prueba
[1.367s] Installing rpm_sender_node script to /home/jesus/Desktop/ros2_ws/install/prueba/lib/prueba
[1.368s] Installing vesc_can_node script to /home/jesus/Desktop/ros2_ws/install/prueba/lib/prueba
[1.370s] writing list of installed files to '/home/jesus/Desktop/ros2_ws/build/prueba/install.log'
[1.418s] Invoked command in '/home/jesus/Desktop/ros2_ws/src/prueba' returned '0': PYTHONPATH=/home/jesus/Desktop/ros2_ws/build/prueba/prefix_override:/usr/lib/python3/dist-packages/colcon_core/task/python/colcon_distutils_commands:/home/jesus/Desktop/ros2_ws/install/prueba/lib/python3.8/site-packages:${PYTHONPATH} /usr/bin/python3 -W ignore:setup.py install is deprecated setup.py egg_info --egg-base ../../build/prueba build --build-base /home/jesus/Desktop/ros2_ws/build/prueba/build install --record /home/jesus/Desktop/ros2_ws/build/prueba/install.log --install-scripts $base/lib/prueba --single-version-externally-managed install_data
