[0.956s] Invoking command in '/home/jesus/Desktop/ros2_ws/src/prueba': PYTHONPATH=/home/jesus/Desktop/ros2_ws/src/build/prueba/prefix_override:/usr/lib/python3/dist-packages/colcon_core/task/python/colcon_distutils_commands:/home/jesus/Desktop/ros2_ws/src/install/prueba/lib/python3.8/site-packages:${PYTHONPATH} /usr/bin/python3 -W ignore:setup.py install is deprecated setup.py egg_info --egg-base ../build/prueba build --build-base /home/jesus/Desktop/ros2_ws/src/build/prueba/build install --record /home/jesus/Desktop/ros2_ws/src/build/prueba/install.log --install-scripts $base/lib/prueba --single-version-externally-managed install_data
[1.171s] running egg_info
[1.173s] creating ../build/prueba/prueba.egg-info
[1.173s] writing ../build/prueba/prueba.egg-info/PKG-INFO
[1.174s] writing dependency_links to ../build/prueba/prueba.egg-info/dependency_links.txt
[1.175s] writing entry points to ../build/prueba/prueba.egg-info/entry_points.txt
[1.175s] writing requirements to ../build/prueba/prueba.egg-info/requires.txt
[1.175s] writing top-level names to ../build/prueba/prueba.egg-info/top_level.txt
[1.186s] writing manifest file '../build/prueba/prueba.egg-info/SOURCES.txt'
[1.227s] reading manifest file '../build/prueba/prueba.egg-info/SOURCES.txt'
[1.228s] writing manifest file '../build/prueba/prueba.egg-info/SOURCES.txt'
[1.229s] running build
[1.229s] running build_py
[1.229s] creating /home/jesus/Desktop/ros2_ws/src/build/prueba/build
[1.229s] creating /home/jesus/Desktop/ros2_ws/src/build/prueba/build/lib
[1.229s] creating /home/jesus/Desktop/ros2_ws/src/build/prueba/build/lib/prueba
[1.229s] copying prueba/vesc_can_node.py -> /home/jesus/Desktop/ros2_ws/src/build/prueba/build/lib/prueba
[1.229s] copying prueba/__init__.py -> /home/jesus/Desktop/ros2_ws/src/build/prueba/build/lib/prueba
[1.229s] running install
[1.230s] running install_lib
[1.232s] creating /home/jesus/Desktop/ros2_ws/src/install/prueba/lib/python3.8/site-packages/prueba
[1.232s] copying /home/jesus/Desktop/ros2_ws/src/build/prueba/build/lib/prueba/vesc_can_node.py -> /home/jesus/Desktop/ros2_ws/src/install/prueba/lib/python3.8/site-packages/prueba
[1.233s] copying /home/jesus/Desktop/ros2_ws/src/build/prueba/build/lib/prueba/__init__.py -> /home/jesus/Desktop/ros2_ws/src/install/prueba/lib/python3.8/site-packages/prueba
[1.236s] byte-compiling /home/jesus/Desktop/ros2_ws/src/install/prueba/lib/python3.8/site-packages/prueba/vesc_can_node.py to vesc_can_node.cpython-38.pyc
[1.236s] byte-compiling /home/jesus/Desktop/ros2_ws/src/install/prueba/lib/python3.8/site-packages/prueba/__init__.py to __init__.cpython-38.pyc
[1.237s] running install_data
[1.237s] creating /home/jesus/Desktop/ros2_ws/src/install/prueba/share/ament_index
[1.237s] creating /home/jesus/Desktop/ros2_ws/src/install/prueba/share/ament_index/resource_index
[1.237s] creating /home/jesus/Desktop/ros2_ws/src/install/prueba/share/ament_index/resource_index/packages
[1.237s] copying resource/prueba -> /home/jesus/Desktop/ros2_ws/src/install/prueba/share/ament_index/resource_index/packages
[1.237s] copying package.xml -> /home/jesus/Desktop/ros2_ws/src/install/prueba/share/prueba
[1.237s] running install_egg_info
[1.238s] Copying ../build/prueba/prueba.egg-info to /home/jesus/Desktop/ros2_ws/src/install/prueba/lib/python3.8/site-packages/prueba-0.0.0-py3.8.egg-info
[1.238s] running install_scripts
[1.260s] Installing vesc_can_node script to /home/jesus/Desktop/ros2_ws/src/install/prueba/lib/prueba
[1.260s] writing list of installed files to '/home/jesus/Desktop/ros2_ws/src/build/prueba/install.log'
[1.294s] Invoked command in '/home/jesus/Desktop/ros2_ws/src/prueba' returned '0': PYTHONPATH=/home/jesus/Desktop/ros2_ws/src/build/prueba/prefix_override:/usr/lib/python3/dist-packages/colcon_core/task/python/colcon_distutils_commands:/home/jesus/Desktop/ros2_ws/src/install/prueba/lib/python3.8/site-packages:${PYTHONPATH} /usr/bin/python3 -W ignore:setup.py install is deprecated setup.py egg_info --egg-base ../build/prueba build --build-base /home/jesus/Desktop/ros2_ws/src/build/prueba/build install --record /home/jesus/Desktop/ros2_ws/src/build/prueba/install.log --install-scripts $base/lib/prueba --single-version-externally-managed install_data
