[1.137s] Invoking command in '/home/jesus/Desktop/ros2_ws/src/ament/ament_lint/ament_uncrustify': AMENT_PREFIX_PATH=/home/jesus/Desktop/ros2_ws/install/uncrustify_vendor:/home/jesus/Desktop/ros2_ws/install/ament_cmake:/home/jesus/Desktop/ros2_ws/install/ament_cmake_test:/home/jesus/Desktop/ros2_ws/install/ament_cmake_target_dependencies:/home/jesus/Desktop/ros2_ws/install/ament_cmake_export_targets:/home/jesus/Desktop/ros2_ws/install/ament_cmake_export_interfaces:/home/jesus/Desktop/ros2_ws/install/ament_cmake_export_dependencies:/home/jesus/Desktop/ros2_ws/install/ament_cmake_version:/home/jesus/Desktop/ros2_ws/install/ament_cmake_python:/home/jesus/Desktop/ros2_ws/install/ament_cmake_libraries:/home/jesus/Desktop/ros2_ws/install/ament_cmake_include_directories:/home/jesus/Desktop/ros2_ws/install/ament_cmake_export_link_flags:/home/jesus/Desktop/ros2_ws/install/ament_cmake_export_libraries:/home/jesus/Desktop/ros2_ws/install/ament_cmake_export_include_directories:/home/jesus/Desktop/ros2_ws/install/ament_cmake_export_definitions:/home/jesus/Desktop/ros2_ws/install/ament_cmake_core:/home/jesus/Desktop/ros2_ws/install/ament_package CMAKE_PREFIX_PATH=/home/jesus/Desktop/ros2_ws/install/uncrustify_vendor:/home/jesus/Desktop/ros2_ws/install/ament_cmake:/home/jesus/Desktop/ros2_ws/install/ament_cmake_test:/home/jesus/Desktop/ros2_ws/install/ament_cmake_target_dependencies:/home/jesus/Desktop/ros2_ws/install/ament_cmake_export_targets:/home/jesus/Desktop/ros2_ws/install/ament_cmake_export_interfaces:/home/jesus/Desktop/ros2_ws/install/ament_cmake_export_dependencies:/home/jesus/Desktop/ros2_ws/install/ament_cmake_version:/home/jesus/Desktop/ros2_ws/install/ament_cmake_python:/home/jesus/Desktop/ros2_ws/install/ament_cmake_libraries:/home/jesus/Desktop/ros2_ws/install/ament_cmake_include_directories:/home/jesus/Desktop/ros2_ws/install/ament_cmake_export_link_flags:/home/jesus/Desktop/ros2_ws/install/ament_cmake_export_libraries:/home/jesus/Desktop/ros2_ws/install/ament_cmake_export_include_directories:/home/jesus/Desktop/ros2_ws/install/ament_cmake_export_definitions:/home/jesus/Desktop/ros2_ws/install/ament_cmake_core PATH=/home/jesus/Desktop/ros2_ws/install/uncrustify_vendor/bin:${PATH} PYTHONPATH=/home/jesus/Desktop/ros2_ws/build/ament_uncrustify/prefix_override:/usr/lib/python3/dist-packages/colcon_core/task/python/colcon_distutils_commands:/home/jesus/Desktop/ros2_ws/install/ament_uncrustify/lib/python3.8/site-packages:/home/jesus/Desktop/ros2_ws/install/ament_cmake_test/lib/python3.8/site-packages:/home/jesus/Desktop/ros2_ws/install/ament_package/lib/python3.8/site-packages /usr/bin/python3 -W ignore:setup.py install is deprecated setup.py egg_info --egg-base ../../../../build/ament_uncrustify build --build-base /home/jesus/Desktop/ros2_ws/build/ament_uncrustify/build install --record /home/jesus/Desktop/ros2_ws/build/ament_uncrustify/install.log --single-version-externally-managed install_data
[1.478s] running egg_info
[1.486s] creating ../../../../build/ament_uncrustify/ament_uncrustify.egg-info
[1.486s] writing ../../../../build/ament_uncrustify/ament_uncrustify.egg-info/PKG-INFO
[1.486s] writing dependency_links to ../../../../build/ament_uncrustify/ament_uncrustify.egg-info/dependency_links.txt
[1.487s] writing entry points to ../../../../build/ament_uncrustify/ament_uncrustify.egg-info/entry_points.txt
[1.487s] writing requirements to ../../../../build/ament_uncrustify/ament_uncrustify.egg-info/requires.txt
[1.489s] writing top-level names to ../../../../build/ament_uncrustify/ament_uncrustify.egg-info/top_level.txt
[1.489s] writing manifest file '../../../../build/ament_uncrustify/ament_uncrustify.egg-info/SOURCES.txt'
[1.561s] reading manifest file '../../../../build/ament_uncrustify/ament_uncrustify.egg-info/SOURCES.txt'
[1.562s] writing manifest file '../../../../build/ament_uncrustify/ament_uncrustify.egg-info/SOURCES.txt'
[1.563s] running build
[1.563s] running build_py
[1.563s] creating /home/jesus/Desktop/ros2_ws/build/ament_uncrustify/build
[1.564s] creating /home/jesus/Desktop/ros2_ws/build/ament_uncrustify/build/lib
[1.564s] creating /home/jesus/Desktop/ros2_ws/build/ament_uncrustify/build/lib/ament_uncrustify
[1.564s] copying ament_uncrustify/main.py -> /home/jesus/Desktop/ros2_ws/build/ament_uncrustify/build/lib/ament_uncrustify
[1.564s] copying ament_uncrustify/__init__.py -> /home/jesus/Desktop/ros2_ws/build/ament_uncrustify/build/lib/ament_uncrustify
[1.565s] creating /home/jesus/Desktop/ros2_ws/build/ament_uncrustify/build/lib/ament_uncrustify/configuration
[1.565s] copying ament_uncrustify/configuration/ament_code_style.cfg -> /home/jesus/Desktop/ros2_ws/build/ament_uncrustify/build/lib/ament_uncrustify/configuration
[1.566s] running install
[1.567s] running install_lib
[1.573s] creating /home/jesus/Desktop/ros2_ws/install/ament_uncrustify/lib/python3.8/site-packages/ament_uncrustify
[1.574s] creating /home/jesus/Desktop/ros2_ws/install/ament_uncrustify/lib/python3.8/site-packages/ament_uncrustify/configuration
[1.574s] copying /home/jesus/Desktop/ros2_ws/build/ament_uncrustify/build/lib/ament_uncrustify/configuration/ament_code_style.cfg -> /home/jesus/Desktop/ros2_ws/install/ament_uncrustify/lib/python3.8/site-packages/ament_uncrustify/configuration
[1.575s] copying /home/jesus/Desktop/ros2_ws/build/ament_uncrustify/build/lib/ament_uncrustify/main.py -> /home/jesus/Desktop/ros2_ws/install/ament_uncrustify/lib/python3.8/site-packages/ament_uncrustify
[1.575s] copying /home/jesus/Desktop/ros2_ws/build/ament_uncrustify/build/lib/ament_uncrustify/__init__.py -> /home/jesus/Desktop/ros2_ws/install/ament_uncrustify/lib/python3.8/site-packages/ament_uncrustify
[1.576s] byte-compiling /home/jesus/Desktop/ros2_ws/install/ament_uncrustify/lib/python3.8/site-packages/ament_uncrustify/main.py to main.cpython-38.pyc
[1.585s] byte-compiling /home/jesus/Desktop/ros2_ws/install/ament_uncrustify/lib/python3.8/site-packages/ament_uncrustify/__init__.py to __init__.cpython-38.pyc
[1.589s] running install_data
[1.589s] copying package.xml -> /home/jesus/Desktop/ros2_ws/install/ament_uncrustify/share/ament_uncrustify
[1.590s] creating /home/jesus/Desktop/ros2_ws/install/ament_uncrustify/share/ament_index
[1.590s] creating /home/jesus/Desktop/ros2_ws/install/ament_uncrustify/share/ament_index/resource_index
[1.590s] creating /home/jesus/Desktop/ros2_ws/install/ament_uncrustify/share/ament_index/resource_index/packages
[1.591s] copying resource/ament_uncrustify -> /home/jesus/Desktop/ros2_ws/install/ament_uncrustify/share/ament_index/resource_index/packages
[1.591s] running install_egg_info
[1.592s] Copying ../../../../build/ament_uncrustify/ament_uncrustify.egg-info to /home/jesus/Desktop/ros2_ws/install/ament_uncrustify/lib/python3.8/site-packages/ament_uncrustify-0.9.8-py3.8.egg-info
[1.594s] running install_scripts
[1.633s] Installing ament_uncrustify script to /home/jesus/Desktop/ros2_ws/install/ament_uncrustify/bin
[1.634s] writing list of installed files to '/home/jesus/Desktop/ros2_ws/build/ament_uncrustify/install.log'
[1.724s] Invoked command in '/home/jesus/Desktop/ros2_ws/src/ament/ament_lint/ament_uncrustify' returned '0': AMENT_PREFIX_PATH=/home/jesus/Desktop/ros2_ws/install/uncrustify_vendor:/home/jesus/Desktop/ros2_ws/install/ament_cmake:/home/jesus/Desktop/ros2_ws/install/ament_cmake_test:/home/jesus/Desktop/ros2_ws/install/ament_cmake_target_dependencies:/home/jesus/Desktop/ros2_ws/install/ament_cmake_export_targets:/home/jesus/Desktop/ros2_ws/install/ament_cmake_export_interfaces:/home/jesus/Desktop/ros2_ws/install/ament_cmake_export_dependencies:/home/jesus/Desktop/ros2_ws/install/ament_cmake_version:/home/jesus/Desktop/ros2_ws/install/ament_cmake_python:/home/jesus/Desktop/ros2_ws/install/ament_cmake_libraries:/home/jesus/Desktop/ros2_ws/install/ament_cmake_include_directories:/home/jesus/Desktop/ros2_ws/install/ament_cmake_export_link_flags:/home/jesus/Desktop/ros2_ws/install/ament_cmake_export_libraries:/home/jesus/Desktop/ros2_ws/install/ament_cmake_export_include_directories:/home/jesus/Desktop/ros2_ws/install/ament_cmake_export_definitions:/home/jesus/Desktop/ros2_ws/install/ament_cmake_core:/home/jesus/Desktop/ros2_ws/install/ament_package CMAKE_PREFIX_PATH=/home/jesus/Desktop/ros2_ws/install/uncrustify_vendor:/home/jesus/Desktop/ros2_ws/install/ament_cmake:/home/jesus/Desktop/ros2_ws/install/ament_cmake_test:/home/jesus/Desktop/ros2_ws/install/ament_cmake_target_dependencies:/home/jesus/Desktop/ros2_ws/install/ament_cmake_export_targets:/home/jesus/Desktop/ros2_ws/install/ament_cmake_export_interfaces:/home/jesus/Desktop/ros2_ws/install/ament_cmake_export_dependencies:/home/jesus/Desktop/ros2_ws/install/ament_cmake_version:/home/jesus/Desktop/ros2_ws/install/ament_cmake_python:/home/jesus/Desktop/ros2_ws/install/ament_cmake_libraries:/home/jesus/Desktop/ros2_ws/install/ament_cmake_include_directories:/home/jesus/Desktop/ros2_ws/install/ament_cmake_export_link_flags:/home/jesus/Desktop/ros2_ws/install/ament_cmake_export_libraries:/home/jesus/Desktop/ros2_ws/install/ament_cmake_export_include_directories:/home/jesus/Desktop/ros2_ws/install/ament_cmake_export_definitions:/home/jesus/Desktop/ros2_ws/install/ament_cmake_core PATH=/home/jesus/Desktop/ros2_ws/install/uncrustify_vendor/bin:${PATH} PYTHONPATH=/home/jesus/Desktop/ros2_ws/build/ament_uncrustify/prefix_override:/usr/lib/python3/dist-packages/colcon_core/task/python/colcon_distutils_commands:/home/jesus/Desktop/ros2_ws/install/ament_uncrustify/lib/python3.8/site-packages:/home/jesus/Desktop/ros2_ws/install/ament_cmake_test/lib/python3.8/site-packages:/home/jesus/Desktop/ros2_ws/install/ament_package/lib/python3.8/site-packages /usr/bin/python3 -W ignore:setup.py install is deprecated setup.py egg_info --egg-base ../../../../build/ament_uncrustify build --build-base /home/jesus/Desktop/ros2_ws/build/ament_uncrustify/build install --record /home/jesus/Desktop/ros2_ws/build/ament_uncrustify/install.log --single-version-externally-managed install_data
