[1.034s] Invoking command in '/home/jesus/Desktop/ros2_ws/src/ament/ament_lint/ament_cpplint': AMENT_PREFIX_PATH=/home/jesus/Desktop/ros2_ws/install/ament_copyright:/home/jesus/Desktop/ros2_ws/install/ament_pep257:/home/jesus/Desktop/ros2_ws/install/ament_flake8:/home/jesus/Desktop/ros2_ws/install/ament_lint PATH=/home/jesus/Desktop/ros2_ws/install/ament_copyright/bin:/home/jesus/Desktop/ros2_ws/install/ament_pep257/bin:/home/jesus/Desktop/ros2_ws/install/ament_flake8/bin:${PATH} PYTHONPATH=/home/jesus/Desktop/ros2_ws/build/ament_cpplint/prefix_override:/usr/lib/python3/dist-packages/colcon_core/task/python/colcon_distutils_commands:/home/jesus/Desktop/ros2_ws/install/ament_cpplint/lib/python3.8/site-packages:/home/jesus/Desktop/ros2_ws/install/ament_copyright/lib/python3.8/site-packages:/home/jesus/Desktop/ros2_ws/install/ament_pep257/lib/python3.8/site-packages:/home/jesus/Desktop/ros2_ws/install/ament_flake8/lib/python3.8/site-packages:/home/jesus/Desktop/ros2_ws/install/ament_lint/lib/python3.8/site-packages /usr/bin/python3 -W ignore:setup.py install is deprecated setup.py egg_info --egg-base ../../../../build/ament_cpplint build --build-base /home/jesus/Desktop/ros2_ws/build/ament_cpplint/build install --record /home/jesus/Desktop/ros2_ws/build/ament_cpplint/install.log --single-version-externally-managed install_data
[1.296s] running egg_info
[1.297s] creating ../../../../build/ament_cpplint/ament_cpplint.egg-info
[1.297s] writing ../../../../build/ament_cpplint/ament_cpplint.egg-info/PKG-INFO
[1.298s] writing dependency_links to ../../../../build/ament_cpplint/ament_cpplint.egg-info/dependency_links.txt
[1.298s] writing entry points to ../../../../build/ament_cpplint/ament_cpplint.egg-info/entry_points.txt
[1.298s] writing requirements to ../../../../build/ament_cpplint/ament_cpplint.egg-info/requires.txt
[1.299s] writing top-level names to ../../../../build/ament_cpplint/ament_cpplint.egg-info/top_level.txt
[1.299s] writing manifest file '../../../../build/ament_cpplint/ament_cpplint.egg-info/SOURCES.txt'
[1.385s] reading manifest file '../../../../build/ament_cpplint/ament_cpplint.egg-info/SOURCES.txt'
[1.386s] writing manifest file '../../../../build/ament_cpplint/ament_cpplint.egg-info/SOURCES.txt'
[1.386s] running build
[1.387s] running build_py
[1.387s] creating /home/jesus/Desktop/ros2_ws/build/ament_cpplint/build
[1.387s] creating /home/jesus/Desktop/ros2_ws/build/ament_cpplint/build/lib
[1.400s] creating /home/jesus/Desktop/ros2_ws/build/ament_cpplint/build/lib/ament_cpplint
[1.401s] copying ament_cpplint/main.py -> /home/jesus/Desktop/ros2_ws/build/ament_cpplint/build/lib/ament_cpplint
[1.401s] copying ament_cpplint/__init__.py -> /home/jesus/Desktop/ros2_ws/build/ament_cpplint/build/lib/ament_cpplint
[1.401s] copying ament_cpplint/cpplint.py -> /home/jesus/Desktop/ros2_ws/build/ament_cpplint/build/lib/ament_cpplint
[1.401s] running install
[1.401s] running install_lib
[1.401s] creating /home/jesus/Desktop/ros2_ws/install/ament_cpplint/lib/python3.8/site-packages/ament_cpplint
[1.401s] copying /home/jesus/Desktop/ros2_ws/build/ament_cpplint/build/lib/ament_cpplint/main.py -> /home/jesus/Desktop/ros2_ws/install/ament_cpplint/lib/python3.8/site-packages/ament_cpplint
[1.401s] copying /home/jesus/Desktop/ros2_ws/build/ament_cpplint/build/lib/ament_cpplint/__init__.py -> /home/jesus/Desktop/ros2_ws/install/ament_cpplint/lib/python3.8/site-packages/ament_cpplint
[1.401s] copying /home/jesus/Desktop/ros2_ws/build/ament_cpplint/build/lib/ament_cpplint/cpplint.py -> /home/jesus/Desktop/ros2_ws/install/ament_cpplint/lib/python3.8/site-packages/ament_cpplint
[1.401s] byte-compiling /home/jesus/Desktop/ros2_ws/install/ament_cpplint/lib/python3.8/site-packages/ament_cpplint/main.py to main.cpython-38.pyc
[1.412s] byte-compiling /home/jesus/Desktop/ros2_ws/install/ament_cpplint/lib/python3.8/site-packages/ament_cpplint/__init__.py to __init__.cpython-38.pyc
[1.418s] byte-compiling /home/jesus/Desktop/ros2_ws/install/ament_cpplint/lib/python3.8/site-packages/ament_cpplint/cpplint.py to cpplint.cpython-38.pyc
[1.743s] running install_data
[1.744s] copying package.xml -> /home/jesus/Desktop/ros2_ws/install/ament_cpplint/share/ament_cpplint
[1.750s] creating /home/jesus/Desktop/ros2_ws/install/ament_cpplint/share/ament_index
[1.750s] creating /home/jesus/Desktop/ros2_ws/install/ament_cpplint/share/ament_index/resource_index
[1.750s] creating /home/jesus/Desktop/ros2_ws/install/ament_cpplint/share/ament_index/resource_index/packages
[1.750s] copying resource/ament_cpplint -> /home/jesus/Desktop/ros2_ws/install/ament_cpplint/share/ament_index/resource_index/packages
[1.750s] running install_egg_info
[1.752s] Copying ../../../../build/ament_cpplint/ament_cpplint.egg-info to /home/jesus/Desktop/ros2_ws/install/ament_cpplint/lib/python3.8/site-packages/ament_cpplint-0.9.8-py3.8.egg-info
[1.756s] running install_scripts
[1.838s] Installing ament_cpplint script to /home/jesus/Desktop/ros2_ws/install/ament_cpplint/bin
[1.842s] writing list of installed files to '/home/jesus/Desktop/ros2_ws/build/ament_cpplint/install.log'
[1.979s] Invoked command in '/home/jesus/Desktop/ros2_ws/src/ament/ament_lint/ament_cpplint' returned '0': AMENT_PREFIX_PATH=/home/jesus/Desktop/ros2_ws/install/ament_copyright:/home/jesus/Desktop/ros2_ws/install/ament_pep257:/home/jesus/Desktop/ros2_ws/install/ament_flake8:/home/jesus/Desktop/ros2_ws/install/ament_lint PATH=/home/jesus/Desktop/ros2_ws/install/ament_copyright/bin:/home/jesus/Desktop/ros2_ws/install/ament_pep257/bin:/home/jesus/Desktop/ros2_ws/install/ament_flake8/bin:${PATH} PYTHONPATH=/home/jesus/Desktop/ros2_ws/build/ament_cpplint/prefix_override:/usr/lib/python3/dist-packages/colcon_core/task/python/colcon_distutils_commands:/home/jesus/Desktop/ros2_ws/install/ament_cpplint/lib/python3.8/site-packages:/home/jesus/Desktop/ros2_ws/install/ament_copyright/lib/python3.8/site-packages:/home/jesus/Desktop/ros2_ws/install/ament_pep257/lib/python3.8/site-packages:/home/jesus/Desktop/ros2_ws/install/ament_flake8/lib/python3.8/site-packages:/home/jesus/Desktop/ros2_ws/install/ament_lint/lib/python3.8/site-packages /usr/bin/python3 -W ignore:setup.py install is deprecated setup.py egg_info --egg-base ../../../../build/ament_cpplint build --build-base /home/jesus/Desktop/ros2_ws/build/ament_cpplint/build install --record /home/jesus/Desktop/ros2_ws/build/ament_cpplint/install.log --single-version-externally-managed install_data
