/home/jesus/Desktop/ros2_ws/install/ament_package/lib/python3.8/site-packages/ament_package/__init__.py
/home/jesus/Desktop/ros2_ws/install/ament_package/lib/python3.8/site-packages/ament_package/templates.py
/home/jesus/Desktop/ros2_ws/install/ament_package/lib/python3.8/site-packages/ament_package/template/environment_hook/library_path.sh
/home/jesus/Desktop/ros2_ws/install/ament_package/lib/python3.8/site-packages/ament_package/template/environment_hook/ament_prefix_path.bat
/home/jesus/Desktop/ros2_ws/install/ament_package/lib/python3.8/site-packages/ament_package/template/environment_hook/pkg_config_path.sh
/home/jesus/Desktop/ros2_ws/install/ament_package/lib/python3.8/site-packages/ament_package/template/environment_hook/path.sh
/home/jesus/Desktop/ros2_ws/install/ament_package/lib/python3.8/site-packages/ament_package/template/environment_hook/pythonpath.bat.in
/home/jesus/Desktop/ros2_ws/install/ament_package/lib/python3.8/site-packages/ament_package/template/environment_hook/ament_prefix_path.sh
/home/jesus/Desktop/ros2_ws/install/ament_package/lib/python3.8/site-packages/ament_package/template/environment_hook/path.bat
/home/jesus/Desktop/ros2_ws/install/ament_package/lib/python3.8/site-packages/ament_package/template/environment_hook/pythonpath.sh.in
/home/jesus/Desktop/ros2_ws/install/ament_package/lib/python3.8/site-packages/ament_package/template/environment_hook/pkg_config_path.bat
/home/jesus/Desktop/ros2_ws/install/ament_package/lib/python3.8/site-packages/ament_package/template/isolated_prefix_level/local_setup.sh.in
/home/jesus/Desktop/ros2_ws/install/ament_package/lib/python3.8/site-packages/ament_package/template/isolated_prefix_level/local_setup.zsh
/home/jesus/Desktop/ros2_ws/install/ament_package/lib/python3.8/site-packages/ament_package/template/isolated_prefix_level/local_setup.bash
/home/jesus/Desktop/ros2_ws/install/ament_package/lib/python3.8/site-packages/ament_package/template/isolated_prefix_level/local_setup.bat.in
/home/jesus/Desktop/ros2_ws/install/ament_package/lib/python3.8/site-packages/ament_package/template/isolated_prefix_level/_order_isolated_packages.py
/home/jesus/Desktop/ros2_ws/install/ament_package/lib/python3.8/site-packages/ament_package/template/package_level/local_setup.sh.in
/home/jesus/Desktop/ros2_ws/install/ament_package/lib/python3.8/site-packages/ament_package/template/package_level/local_setup.zsh.in
/home/jesus/Desktop/ros2_ws/install/ament_package/lib/python3.8/site-packages/ament_package/template/package_level/local_setup.bat.in
/home/jesus/Desktop/ros2_ws/install/ament_package/lib/python3.8/site-packages/ament_package/template/package_level/local_setup.bash.in
/home/jesus/Desktop/ros2_ws/install/ament_package/lib/python3.8/site-packages/ament_package/template/prefix_level/_local_setup_util.py
/home/jesus/Desktop/ros2_ws/install/ament_package/lib/python3.8/site-packages/ament_package/template/prefix_level/local_setup.sh.in
/home/jesus/Desktop/ros2_ws/install/ament_package/lib/python3.8/site-packages/ament_package/template/prefix_level/local_setup.zsh
/home/jesus/Desktop/ros2_ws/install/ament_package/lib/python3.8/site-packages/ament_package/template/prefix_level/local_setup.bash
/home/jesus/Desktop/ros2_ws/install/ament_package/lib/python3.8/site-packages/ament_package/template/prefix_level/setup.bat.in
/home/jesus/Desktop/ros2_ws/install/ament_package/lib/python3.8/site-packages/ament_package/template/prefix_level/local_setup.bat.in
/home/jesus/Desktop/ros2_ws/install/ament_package/lib/python3.8/site-packages/ament_package/template/prefix_level/setup.zsh
/home/jesus/Desktop/ros2_ws/install/ament_package/lib/python3.8/site-packages/ament_package/template/prefix_level/setup.bash
/home/jesus/Desktop/ros2_ws/install/ament_package/lib/python3.8/site-packages/ament_package/template/prefix_level/setup.sh.in
/home/jesus/Desktop/ros2_ws/install/ament_package/lib/python3.8/site-packages/ament_package/__pycache__/__init__.cpython-38.pyc
/home/jesus/Desktop/ros2_ws/install/ament_package/lib/python3.8/site-packages/ament_package/__pycache__/templates.cpython-38.pyc
/home/jesus/Desktop/ros2_ws/install/ament_package/lib/python3.8/site-packages/ament_package/template/isolated_prefix_level/__pycache__/_order_isolated_packages.cpython-38.pyc
/home/jesus/Desktop/ros2_ws/install/ament_package/lib/python3.8/site-packages/ament_package/template/prefix_level/__pycache__/_local_setup_util.cpython-38.pyc
/home/jesus/Desktop/ros2_ws/install/ament_package/share/ament_package/package.xml
/home/jesus/Desktop/ros2_ws/install/ament_package/share/ament_index/resource_index/packages/ament_package
/home/jesus/Desktop/ros2_ws/install/ament_package/lib/python3.8/site-packages/ament_package-0.9.5-py3.8.egg-info/top_level.txt
/home/jesus/Desktop/ros2_ws/install/ament_package/lib/python3.8/site-packages/ament_package-0.9.5-py3.8.egg-info/PKG-INFO
/home/jesus/Desktop/ros2_ws/install/ament_package/lib/python3.8/site-packages/ament_package-0.9.5-py3.8.egg-info/SOURCES.txt
/home/jesus/Desktop/ros2_ws/install/ament_package/lib/python3.8/site-packages/ament_package-0.9.5-py3.8.egg-info/zip-safe
/home/jesus/Desktop/ros2_ws/install/ament_package/lib/python3.8/site-packages/ament_package-0.9.5-py3.8.egg-info/dependency_links.txt
