[0.047s] Invoking command in '/home/jesus/Desktop/ros2_ws/build/ament_cmake_export_include_directories': AMENT_PREFIX_PATH=/home/jesus/Desktop/ros2_ws/install/ament_cmake_core:/home/jesus/Desktop/ros2_ws/install/ament_package CMAKE_PREFIX_PATH=/home/jesus/Desktop/ros2_ws/install/ament_cmake_core PYTHONPATH=/home/jesus/Desktop/ros2_ws/install/ament_package/lib/python3.8/site-packages /usr/bin/cmake /home/jesus/Desktop/ros2_ws/src/ament/ament_cmake/ament_cmake_export_include_directories -DCMAKE_INSTALL_PREFIX=/home/jesus/Desktop/ros2_ws/install/ament_cmake_export_include_directories
[0.132s] -- Found ament_cmake_core: 0.9.12 (/home/jesus/Desktop/ros2_ws/install/ament_cmake_core/share/ament_cmake_core/cmake)
[0.169s] -- Found PythonInterp: /usr/bin/python3 (found suitable version "3.8.10", minimum required is "3") 
[0.171s] -- Using PYTHON_EXECUTABLE: /usr/bin/python3
[0.689s] -- Configuring done
[0.692s] -- Generating done
[0.695s] -- Build files have been written to: /home/jesus/Desktop/ros2_ws/build/ament_cmake_export_include_directories
[0.713s] Invoked command in '/home/jesus/Desktop/ros2_ws/build/ament_cmake_export_include_directories' returned '0': AMENT_PREFIX_PATH=/home/jesus/Desktop/ros2_ws/install/ament_cmake_core:/home/jesus/Desktop/ros2_ws/install/ament_package CMAKE_PREFIX_PATH=/home/jesus/Desktop/ros2_ws/install/ament_cmake_core PYTHONPATH=/home/jesus/Desktop/ros2_ws/install/ament_package/lib/python3.8/site-packages /usr/bin/cmake /home/jesus/Desktop/ros2_ws/src/ament/ament_cmake/ament_cmake_export_include_directories -DCMAKE_INSTALL_PREFIX=/home/jesus/Desktop/ros2_ws/install/ament_cmake_export_include_directories
[0.714s] Invoking command in '/home/jesus/Desktop/ros2_ws/build/ament_cmake_export_include_directories': AMENT_PREFIX_PATH=/home/jesus/Desktop/ros2_ws/install/ament_cmake_core:/home/jesus/Desktop/ros2_ws/install/ament_package CMAKE_PREFIX_PATH=/home/jesus/Desktop/ros2_ws/install/ament_cmake_core PYTHONPATH=/home/jesus/Desktop/ros2_ws/install/ament_package/lib/python3.8/site-packages /usr/bin/cmake --build /home/jesus/Desktop/ros2_ws/build/ament_cmake_export_include_directories -- -j2 -l2
[0.791s] Invoked command in '/home/jesus/Desktop/ros2_ws/build/ament_cmake_export_include_directories' returned '0': AMENT_PREFIX_PATH=/home/jesus/Desktop/ros2_ws/install/ament_cmake_core:/home/jesus/Desktop/ros2_ws/install/ament_package CMAKE_PREFIX_PATH=/home/jesus/Desktop/ros2_ws/install/ament_cmake_core PYTHONPATH=/home/jesus/Desktop/ros2_ws/install/ament_package/lib/python3.8/site-packages /usr/bin/cmake --build /home/jesus/Desktop/ros2_ws/build/ament_cmake_export_include_directories -- -j2 -l2
[0.930s] Invoking command in '/home/jesus/Desktop/ros2_ws/build/ament_cmake_export_include_directories': AMENT_PREFIX_PATH=/home/jesus/Desktop/ros2_ws/install/ament_cmake_core:/home/jesus/Desktop/ros2_ws/install/ament_package CMAKE_PREFIX_PATH=/home/jesus/Desktop/ros2_ws/install/ament_cmake_core PYTHONPATH=/home/jesus/Desktop/ros2_ws/install/ament_package/lib/python3.8/site-packages /usr/bin/cmake --install /home/jesus/Desktop/ros2_ws/build/ament_cmake_export_include_directories
[0.947s] -- Install configuration: ""
[0.948s] -- Installing: /home/jesus/Desktop/ros2_ws/install/ament_cmake_export_include_directories/share/ament_index/resource_index/package_run_dependencies/ament_cmake_export_include_directories
[0.948s] -- Installing: /home/jesus/Desktop/ros2_ws/install/ament_cmake_export_include_directories/share/ament_index/resource_index/parent_prefix_path/ament_cmake_export_include_directories
[0.949s] -- Installing: /home/jesus/Desktop/ros2_ws/install/ament_cmake_export_include_directories/share/ament_cmake_export_include_directories/environment/ament_prefix_path.sh
[0.950s] -- Installing: /home/jesus/Desktop/ros2_ws/install/ament_cmake_export_include_directories/share/ament_cmake_export_include_directories/environment/ament_prefix_path.dsv
[0.950s] -- Installing: /home/jesus/Desktop/ros2_ws/install/ament_cmake_export_include_directories/share/ament_cmake_export_include_directories/environment/path.sh
[0.954s] -- Installing: /home/jesus/Desktop/ros2_ws/install/ament_cmake_export_include_directories/share/ament_cmake_export_include_directories/environment/path.dsv
[0.955s] -- Installing: /home/jesus/Desktop/ros2_ws/install/ament_cmake_export_include_directories/share/ament_cmake_export_include_directories/local_setup.bash
[0.955s] -- Installing: /home/jesus/Desktop/ros2_ws/install/ament_cmake_export_include_directories/share/ament_cmake_export_include_directories/local_setup.sh
[0.955s] -- Installing: /home/jesus/Desktop/ros2_ws/install/ament_cmake_export_include_directories/share/ament_cmake_export_include_directories/local_setup.zsh
[0.957s] -- Installing: /home/jesus/Desktop/ros2_ws/install/ament_cmake_export_include_directories/share/ament_cmake_export_include_directories/local_setup.dsv
[0.957s] -- Installing: /home/jesus/Desktop/ros2_ws/install/ament_cmake_export_include_directories/share/ament_cmake_export_include_directories/package.dsv
[0.957s] -- Installing: /home/jesus/Desktop/ros2_ws/install/ament_cmake_export_include_directories/share/ament_index/resource_index/packages/ament_cmake_export_include_directories
[0.958s] -- Installing: /home/jesus/Desktop/ros2_ws/install/ament_cmake_export_include_directories/share/ament_cmake_export_include_directories/cmake/ament_cmake_export_include_directories-extras.cmake
[0.958s] -- Installing: /home/jesus/Desktop/ros2_ws/install/ament_cmake_export_include_directories/share/ament_cmake_export_include_directories/cmake/ament_cmake_export_include_directoriesConfig.cmake
[0.958s] -- Installing: /home/jesus/Desktop/ros2_ws/install/ament_cmake_export_include_directories/share/ament_cmake_export_include_directories/cmake/ament_cmake_export_include_directoriesConfig-version.cmake
[0.958s] -- Installing: /home/jesus/Desktop/ros2_ws/install/ament_cmake_export_include_directories/share/ament_cmake_export_include_directories/package.xml
[0.958s] -- Up-to-date: /home/jesus/Desktop/ros2_ws/install/ament_cmake_export_include_directories/share/ament_cmake_export_include_directories/cmake
[0.958s] -- Installing: /home/jesus/Desktop/ros2_ws/install/ament_cmake_export_include_directories/share/ament_cmake_export_include_directories/cmake/ament_cmake_export_include_directories-extras.cmake.in
[0.958s] -- Installing: /home/jesus/Desktop/ros2_ws/install/ament_cmake_export_include_directories/share/ament_cmake_export_include_directories/cmake/ament_export_include_directories.cmake
[0.958s] -- Installing: /home/jesus/Desktop/ros2_ws/install/ament_cmake_export_include_directories/share/ament_cmake_export_include_directories/cmake/ament_cmake_export_include_directories_package_hook.cmake
[0.971s] Invoked command in '/home/jesus/Desktop/ros2_ws/build/ament_cmake_export_include_directories' returned '0': AMENT_PREFIX_PATH=/home/jesus/Desktop/ros2_ws/install/ament_cmake_core:/home/jesus/Desktop/ros2_ws/install/ament_package CMAKE_PREFIX_PATH=/home/jesus/Desktop/ros2_ws/install/ament_cmake_core PYTHONPATH=/home/jesus/Desktop/ros2_ws/install/ament_package/lib/python3.8/site-packages /usr/bin/cmake --install /home/jesus/Desktop/ros2_ws/build/ament_cmake_export_include_directories
