[0.087s] Invoking command in '/home/jesus/Desktop/ros2_ws/build/ament_cmake_export_libraries': AMENT_PREFIX_PATH=/home/jesus/Desktop/ros2_ws/install/ament_cmake_core:/home/jesus/Desktop/ros2_ws/install/ament_package CMAKE_PREFIX_PATH=/home/jesus/Desktop/ros2_ws/install/ament_cmake_core PYTHONPATH=/home/jesus/Desktop/ros2_ws/install/ament_package/lib/python3.8/site-packages /usr/bin/cmake /home/jesus/Desktop/ros2_ws/src/ament/ament_cmake/ament_cmake_export_libraries -DCMAKE_INSTALL_PREFIX=/home/jesus/Desktop/ros2_ws/install/ament_cmake_export_libraries
[0.124s] -- Found ament_cmake_core: 0.9.12 (/home/jesus/Desktop/ros2_ws/install/ament_cmake_core/share/ament_cmake_core/cmake)
[0.157s] -- Found PythonInterp: /usr/bin/python3 (found suitable version "3.8.10", minimum required is "3") 
[0.158s] -- Using PYTHON_EXECUTABLE: /usr/bin/python3
[0.894s] -- Configuring done
[0.901s] -- Generating done
[0.903s] -- Build files have been written to: /home/jesus/Desktop/ros2_ws/build/ament_cmake_export_libraries
[0.909s] Invoked command in '/home/jesus/Desktop/ros2_ws/build/ament_cmake_export_libraries' returned '0': AMENT_PREFIX_PATH=/home/jesus/Desktop/ros2_ws/install/ament_cmake_core:/home/jesus/Desktop/ros2_ws/install/ament_package CMAKE_PREFIX_PATH=/home/jesus/Desktop/ros2_ws/install/ament_cmake_core PYTHONPATH=/home/jesus/Desktop/ros2_ws/install/ament_package/lib/python3.8/site-packages /usr/bin/cmake /home/jesus/Desktop/ros2_ws/src/ament/ament_cmake/ament_cmake_export_libraries -DCMAKE_INSTALL_PREFIX=/home/jesus/Desktop/ros2_ws/install/ament_cmake_export_libraries
[0.911s] Invoking command in '/home/jesus/Desktop/ros2_ws/build/ament_cmake_export_libraries': AMENT_PREFIX_PATH=/home/jesus/Desktop/ros2_ws/install/ament_cmake_core:/home/jesus/Desktop/ros2_ws/install/ament_package CMAKE_PREFIX_PATH=/home/jesus/Desktop/ros2_ws/install/ament_cmake_core PYTHONPATH=/home/jesus/Desktop/ros2_ws/install/ament_package/lib/python3.8/site-packages /usr/bin/cmake --build /home/jesus/Desktop/ros2_ws/build/ament_cmake_export_libraries -- -j2 -l2
[1.055s] Invoked command in '/home/jesus/Desktop/ros2_ws/build/ament_cmake_export_libraries' returned '0': AMENT_PREFIX_PATH=/home/jesus/Desktop/ros2_ws/install/ament_cmake_core:/home/jesus/Desktop/ros2_ws/install/ament_package CMAKE_PREFIX_PATH=/home/jesus/Desktop/ros2_ws/install/ament_cmake_core PYTHONPATH=/home/jesus/Desktop/ros2_ws/install/ament_package/lib/python3.8/site-packages /usr/bin/cmake --build /home/jesus/Desktop/ros2_ws/build/ament_cmake_export_libraries -- -j2 -l2
[1.212s] Invoking command in '/home/jesus/Desktop/ros2_ws/build/ament_cmake_export_libraries': AMENT_PREFIX_PATH=/home/jesus/Desktop/ros2_ws/install/ament_cmake_core:/home/jesus/Desktop/ros2_ws/install/ament_package CMAKE_PREFIX_PATH=/home/jesus/Desktop/ros2_ws/install/ament_cmake_core PYTHONPATH=/home/jesus/Desktop/ros2_ws/install/ament_package/lib/python3.8/site-packages /usr/bin/cmake --install /home/jesus/Desktop/ros2_ws/build/ament_cmake_export_libraries
[1.246s] -- Install configuration: ""
[1.246s] -- Installing: /home/jesus/Desktop/ros2_ws/install/ament_cmake_export_libraries/share/ament_index/resource_index/package_run_dependencies/ament_cmake_export_libraries
[1.247s] -- Installing: /home/jesus/Desktop/ros2_ws/install/ament_cmake_export_libraries/share/ament_index/resource_index/parent_prefix_path/ament_cmake_export_libraries
[1.247s] -- Installing: /home/jesus/Desktop/ros2_ws/install/ament_cmake_export_libraries/share/ament_cmake_export_libraries/environment/ament_prefix_path.sh
[1.249s] -- Installing: /home/jesus/Desktop/ros2_ws/install/ament_cmake_export_libraries/share/ament_cmake_export_libraries/environment/ament_prefix_path.dsv
[1.249s] -- Installing: /home/jesus/Desktop/ros2_ws/install/ament_cmake_export_libraries/share/ament_cmake_export_libraries/environment/path.sh
[1.249s] -- Installing: /home/jesus/Desktop/ros2_ws/install/ament_cmake_export_libraries/share/ament_cmake_export_libraries/environment/path.dsv
[1.249s] -- Installing: /home/jesus/Desktop/ros2_ws/install/ament_cmake_export_libraries/share/ament_cmake_export_libraries/local_setup.bash
[1.249s] -- Installing: /home/jesus/Desktop/ros2_ws/install/ament_cmake_export_libraries/share/ament_cmake_export_libraries/local_setup.sh
[1.249s] -- Installing: /home/jesus/Desktop/ros2_ws/install/ament_cmake_export_libraries/share/ament_cmake_export_libraries/local_setup.zsh
[1.249s] -- Installing: /home/jesus/Desktop/ros2_ws/install/ament_cmake_export_libraries/share/ament_cmake_export_libraries/local_setup.dsv
[1.249s] -- Installing: /home/jesus/Desktop/ros2_ws/install/ament_cmake_export_libraries/share/ament_cmake_export_libraries/package.dsv
[1.249s] -- Installing: /home/jesus/Desktop/ros2_ws/install/ament_cmake_export_libraries/share/ament_index/resource_index/packages/ament_cmake_export_libraries
[1.250s] -- Installing: /home/jesus/Desktop/ros2_ws/install/ament_cmake_export_libraries/share/ament_cmake_export_libraries/cmake/ament_cmake_export_libraries-extras.cmake
[1.250s] -- Installing: /home/jesus/Desktop/ros2_ws/install/ament_cmake_export_libraries/share/ament_cmake_export_libraries/cmake/ament_cmake_export_librariesConfig.cmake
[1.250s] -- Installing: /home/jesus/Desktop/ros2_ws/install/ament_cmake_export_libraries/share/ament_cmake_export_libraries/cmake/ament_cmake_export_librariesConfig-version.cmake
[1.250s] -- Installing: /home/jesus/Desktop/ros2_ws/install/ament_cmake_export_libraries/share/ament_cmake_export_libraries/package.xml
[1.250s] -- Up-to-date: /home/jesus/Desktop/ros2_ws/install/ament_cmake_export_libraries/share/ament_cmake_export_libraries/cmake
[1.250s] -- Installing: /home/jesus/Desktop/ros2_ws/install/ament_cmake_export_libraries/share/ament_cmake_export_libraries/cmake/ament_export_library_names.cmake
[1.250s] -- Installing: /home/jesus/Desktop/ros2_ws/install/ament_cmake_export_libraries/share/ament_cmake_export_libraries/cmake/ament_cmake_export_libraries_package_hook.cmake
[1.250s] -- Installing: /home/jesus/Desktop/ros2_ws/install/ament_cmake_export_libraries/share/ament_cmake_export_libraries/cmake/ament_cmake_export_libraries-extras.cmake.in
[1.250s] -- Installing: /home/jesus/Desktop/ros2_ws/install/ament_cmake_export_libraries/share/ament_cmake_export_libraries/cmake/ament_export_libraries.cmake
[1.252s] Invoked command in '/home/jesus/Desktop/ros2_ws/build/ament_cmake_export_libraries' returned '0': AMENT_PREFIX_PATH=/home/jesus/Desktop/ros2_ws/install/ament_cmake_core:/home/jesus/Desktop/ros2_ws/install/ament_package CMAKE_PREFIX_PATH=/home/jesus/Desktop/ros2_ws/install/ament_cmake_core PYTHONPATH=/home/jesus/Desktop/ros2_ws/install/ament_package/lib/python3.8/site-packages /usr/bin/cmake --install /home/jesus/Desktop/ros2_ws/build/ament_cmake_export_libraries
