[0.731s] Invoking command in '/home/jesus/Desktop/ros2_ws/src/prueba': PYTHONPATH=/home/jesus/Desktop/ros2_ws/build/prueba/prefix_override:/usr/lib/python3/dist-packages/colcon_core/task/python/colcon_distutils_commands:/home/jesus/Desktop/ros2_ws/install/prueba/lib/python3.8/site-packages:${PYTHONPATH} /usr/bin/python3 -W ignore:setup.py install is deprecated setup.py egg_info --egg-base ../../build/prueba build --build-base /home/jesus/Desktop/ros2_ws/build/prueba/build install --record /home/jesus/Desktop/ros2_ws/build/prueba/install.log --install-scripts $base/lib/prueba --single-version-externally-managed install_data
[0.986s] running egg_info
[0.988s] writing ../../build/prueba/prueba.egg-info/PKG-INFO
[0.990s] writing dependency_links to ../../build/prueba/prueba.egg-info/dependency_links.txt
[0.991s] writing entry points to ../../build/prueba/prueba.egg-info/entry_points.txt
[0.991s] writing requirements to ../../build/prueba/prueba.egg-info/requires.txt
[0.992s] writing top-level names to ../../build/prueba/prueba.egg-info/top_level.txt
[1.046s] reading manifest file '../../build/prueba/prueba.egg-info/SOURCES.txt'
[1.047s] writing manifest file '../../build/prueba/prueba.egg-info/SOURCES.txt'
[1.048s] running build
[1.048s] running build_py
[1.049s] copying prueba/rpm_sender_node.py -> /home/jesus/Desktop/ros2_ws/build/prueba/build/lib/prueba
[1.050s] running install
[1.051s] running install_lib
[1.052s] copying /home/jesus/Desktop/ros2_ws/build/prueba/build/lib/prueba/rpm_sender_node.py -> /home/jesus/Desktop/ros2_ws/install/prueba/lib/python3.8/site-packages/prueba
[1.053s] byte-compiling /home/jesus/Desktop/ros2_ws/install/prueba/lib/python3.8/site-packages/prueba/rpm_sender_node.py to rpm_sender_node.cpython-38.pyc
[1.055s] running install_data
[1.055s] running install_egg_info
[1.057s] removing '/home/jesus/Desktop/ros2_ws/install/prueba/lib/python3.8/site-packages/prueba-0.0.0-py3.8.egg-info' (and everything under it)
[1.066s] Copying ../../build/prueba/prueba.egg-info to /home/jesus/Desktop/ros2_ws/install/prueba/lib/python3.8/site-packages/prueba-0.0.0-py3.8.egg-info
[1.067s] running install_scripts
[1.098s] Installing can_receive_node script to /home/jesus/Desktop/ros2_ws/install/prueba/lib/prueba
[1.099s] Installing data_logger_node script to /home/jesus/Desktop/ros2_ws/install/prueba/lib/prueba
[1.100s] Installing rpm_sender_node script to /home/jesus/Desktop/ros2_ws/install/prueba/lib/prueba
[1.102s] Installing vesc_can_node script to /home/jesus/Desktop/ros2_ws/install/prueba/lib/prueba
[1.115s] writing list of installed files to '/home/jesus/Desktop/ros2_ws/build/prueba/install.log'
[1.149s] Invoked command in '/home/jesus/Desktop/ros2_ws/src/prueba' returned '0': PYTHONPATH=/home/jesus/Desktop/ros2_ws/build/prueba/prefix_override:/usr/lib/python3/dist-packages/colcon_core/task/python/colcon_distutils_commands:/home/jesus/Desktop/ros2_ws/install/prueba/lib/python3.8/site-packages:${PYTHONPATH} /usr/bin/python3 -W ignore:setup.py install is deprecated setup.py egg_info --egg-base ../../build/prueba build --build-base /home/jesus/Desktop/ros2_ws/build/prueba/build install --record /home/jesus/Desktop/ros2_ws/build/prueba/install.log --install-scripts $base/lib/prueba --single-version-externally-managed install_data
