/home/jesus/Desktop/ros2_ws/install/prueba/lib/python3.8/site-packages/prueba/vesc_can_node.py
/home/jesus/Desktop/ros2_ws/install/prueba/lib/python3.8/site-packages/prueba/can_receive_node.py
/home/jesus/Desktop/ros2_ws/install/prueba/lib/python3.8/site-packages/prueba/can_read_node.py
/home/jesus/Desktop/ros2_ws/install/prueba/lib/python3.8/site-packages/prueba/data_logger_node.py
/home/jesus/Desktop/ros2_ws/install/prueba/lib/python3.8/site-packages/prueba/__init__.py
/home/jesus/Desktop/ros2_ws/install/prueba/lib/python3.8/site-packages/prueba/rpm_sender_node.py
/home/jesus/Desktop/ros2_ws/install/prueba/lib/python3.8/site-packages/prueba/__pycache__/vesc_can_node.cpython-38.pyc
/home/jesus/Desktop/ros2_ws/install/prueba/lib/python3.8/site-packages/prueba/__pycache__/can_receive_node.cpython-38.pyc
/home/jesus/Desktop/ros2_ws/install/prueba/lib/python3.8/site-packages/prueba/__pycache__/can_read_node.cpython-38.pyc
/home/jesus/Desktop/ros2_ws/install/prueba/lib/python3.8/site-packages/prueba/__pycache__/data_logger_node.cpython-38.pyc
/home/jesus/Desktop/ros2_ws/install/prueba/lib/python3.8/site-packages/prueba/__pycache__/__init__.cpython-38.pyc
/home/jesus/Desktop/ros2_ws/install/prueba/lib/python3.8/site-packages/prueba/__pycache__/rpm_sender_node.cpython-38.pyc
/home/jesus/Desktop/ros2_ws/install/prueba/share/ament_index/resource_index/packages/prueba
/home/jesus/Desktop/ros2_ws/install/prueba/share/prueba/package.xml
/home/jesus/Desktop/ros2_ws/install/prueba/lib/python3.8/site-packages/prueba-0.0.0-py3.8.egg-info/top_level.txt
/home/jesus/Desktop/ros2_ws/install/prueba/lib/python3.8/site-packages/prueba-0.0.0-py3.8.egg-info/requires.txt
/home/jesus/Desktop/ros2_ws/install/prueba/lib/python3.8/site-packages/prueba-0.0.0-py3.8.egg-info/PKG-INFO
/home/jesus/Desktop/ros2_ws/install/prueba/lib/python3.8/site-packages/prueba-0.0.0-py3.8.egg-info/SOURCES.txt
/home/jesus/Desktop/ros2_ws/install/prueba/lib/python3.8/site-packages/prueba-0.0.0-py3.8.egg-info/entry_points.txt
/home/jesus/Desktop/ros2_ws/install/prueba/lib/python3.8/site-packages/prueba-0.0.0-py3.8.egg-info/zip-safe
/home/jesus/Desktop/ros2_ws/install/prueba/lib/python3.8/site-packages/prueba-0.0.0-py3.8.egg-info/dependency_links.txt
/home/jesus/Desktop/ros2_ws/install/prueba/lib/prueba/can_read_node
/home/jesus/Desktop/ros2_ws/install/prueba/lib/prueba/can_receive_node
/home/jesus/Desktop/ros2_ws/install/prueba/lib/prueba/data_logger_node
/home/jesus/Desktop/ros2_ws/install/prueba/lib/prueba/rpm_sender_node
/home/jesus/Desktop/ros2_ws/install/prueba/lib/prueba/vesc_can_node
