[0.716s] DEBUG:colcon:Command line arguments: ['/usr/bin/colcon', 'build']
[0.716s] DEBUG:colcon:Parsed command line arguments: Namespace(allow_overriding=[], ament_cmake_args=None, base_paths=['.'], build_base='build', catkin_cmake_args=None, catkin_skip_building_tests=False, cmake_args=None, cmake_clean_cache=False, cmake_clean_first=False, cmake_force_configure=False, cmake_target=None, cmake_target_skip_unavailable=False, continue_on_error=False, event_handlers=None, executor='parallel', ignore_user_meta=False, install_base='install', log_base=None, log_level=None, main=<bound method BuildVerb.main of <colcon_core.verb.build.BuildVerb object at 0x7f83ef870b80>>, merge_install=False, metas=['./colcon.meta'], mixin=None, mixin_files=None, mixin_verb=('build',), packages_above=None, packages_above_and_dependencies=None, packages_above_depth=None, packages_end=None, packages_ignore=None, packages_ignore_regex=None, packages_select=None, packages_select_build_failed=False, packages_select_by_dep=None, packages_select_regex=None, packages_select_test_failures=False, packages_skip=None, packages_skip_build_finished=False, packages_skip_by_dep=None, packages_skip_regex=None, packages_skip_test_passed=False, packages_skip_up_to=None, packages_start=None, packages_up_to=None, packages_up_to_regex=None, parallel_workers=2, paths=None, symlink_install=False, test_result_base=None, verb_extension=<colcon_core.verb.build.BuildVerb object at 0x7f83ef870b80>, verb_name='build', verb_parser=<colcon_mixin.mixin.mixin_argument.MixinArgumentDecorator object at 0x7f83ef7b9d90>)
[1.095s] Level 1:colcon.colcon_core.package_discovery:discover_packages(colcon_meta) check parameters
[1.095s] Level 1:colcon.colcon_core.package_discovery:discover_packages(recursive) check parameters
[1.095s] Level 1:colcon.colcon_core.package_discovery:discover_packages(ignore) check parameters
[1.095s] Level 1:colcon.colcon_core.package_discovery:discover_packages(path) check parameters
[1.095s] Level 1:colcon.colcon_core.package_discovery:discover_packages(colcon_meta) discover
[1.095s] Level 1:colcon.colcon_core.package_discovery:discover_packages(recursive) discover
[1.095s] INFO:colcon.colcon_core.package_discovery:Crawling recursively for packages in '/home/jesus/Desktop/ros2_ws'
[1.096s] Level 1:colcon.colcon_core.package_identification:_identify(.) by extensions ['ignore', 'ignore_ament_install']
[1.096s] Level 1:colcon.colcon_core.package_identification:_identify(.) by extension 'ignore'
[1.096s] Level 1:colcon.colcon_core.package_identification:_identify(.) by extension 'ignore_ament_install'
[1.096s] Level 1:colcon.colcon_core.package_identification:_identify(.) by extensions ['colcon_pkg']
[1.096s] Level 1:colcon.colcon_core.package_identification:_identify(.) by extension 'colcon_pkg'
[1.096s] Level 1:colcon.colcon_core.package_identification:_identify(.) by extensions ['colcon_meta']
[1.096s] Level 1:colcon.colcon_core.package_identification:_identify(.) by extension 'colcon_meta'
[1.096s] Level 1:colcon.colcon_core.package_identification:_identify(.) by extensions ['ros']
[1.096s] Level 1:colcon.colcon_core.package_identification:_identify(.) by extension 'ros'
[1.137s] Level 1:colcon.colcon_core.package_identification:_identify(.) by extensions ['cmake', 'python']
[1.137s] Level 1:colcon.colcon_core.package_identification:_identify(.) by extension 'cmake'
[1.137s] Level 1:colcon.colcon_core.package_identification:_identify(.) by extension 'python'
[1.137s] Level 1:colcon.colcon_core.package_identification:_identify(.) by extensions ['python_setup_py']
[1.137s] Level 1:colcon.colcon_core.package_identification:_identify(.) by extension 'python_setup_py'
[1.138s] Level 1:colcon.colcon_core.package_identification:_identify(build) by extensions ['ignore', 'ignore_ament_install']
[1.138s] Level 1:colcon.colcon_core.package_identification:_identify(build) by extension 'ignore'
[1.138s] Level 1:colcon.colcon_core.package_identification:_identify(build) ignored
[1.138s] Level 1:colcon.colcon_core.package_identification:_identify(install) by extensions ['ignore', 'ignore_ament_install']
[1.138s] Level 1:colcon.colcon_core.package_identification:_identify(install) by extension 'ignore'
[1.138s] Level 1:colcon.colcon_core.package_identification:_identify(install) ignored
[1.138s] Level 1:colcon.colcon_core.package_identification:_identify(log) by extensions ['ignore', 'ignore_ament_install']
[1.138s] Level 1:colcon.colcon_core.package_identification:_identify(log) by extension 'ignore'
[1.138s] Level 1:colcon.colcon_core.package_identification:_identify(log) ignored
[1.138s] Level 1:colcon.colcon_core.package_identification:_identify(src) by extensions ['ignore', 'ignore_ament_install']
[1.138s] Level 1:colcon.colcon_core.package_identification:_identify(src) by extension 'ignore'
[1.138s] Level 1:colcon.colcon_core.package_identification:_identify(src) by extension 'ignore_ament_install'
[1.139s] Level 1:colcon.colcon_core.package_identification:_identify(src) by extensions ['colcon_pkg']
[1.139s] Level 1:colcon.colcon_core.package_identification:_identify(src) by extension 'colcon_pkg'
[1.139s] Level 1:colcon.colcon_core.package_identification:_identify(src) by extensions ['colcon_meta']
[1.139s] Level 1:colcon.colcon_core.package_identification:_identify(src) by extension 'colcon_meta'
[1.139s] Level 1:colcon.colcon_core.package_identification:_identify(src) by extensions ['ros']
[1.139s] Level 1:colcon.colcon_core.package_identification:_identify(src) by extension 'ros'
[1.139s] Level 1:colcon.colcon_core.package_identification:_identify(src) by extensions ['cmake', 'python']
[1.139s] Level 1:colcon.colcon_core.package_identification:_identify(src) by extension 'cmake'
[1.139s] Level 1:colcon.colcon_core.package_identification:_identify(src) by extension 'python'
[1.139s] Level 1:colcon.colcon_core.package_identification:_identify(src) by extensions ['python_setup_py']
[1.139s] Level 1:colcon.colcon_core.package_identification:_identify(src) by extension 'python_setup_py'
[1.139s] Level 1:colcon.colcon_core.package_identification:_identify(src/build) by extensions ['ignore', 'ignore_ament_install']
[1.139s] Level 1:colcon.colcon_core.package_identification:_identify(src/build) by extension 'ignore'
[1.139s] Level 1:colcon.colcon_core.package_identification:_identify(src/build) ignored
[1.139s] Level 1:colcon.colcon_core.package_identification:_identify(src/install) by extensions ['ignore', 'ignore_ament_install']
[1.139s] Level 1:colcon.colcon_core.package_identification:_identify(src/install) by extension 'ignore'
[1.139s] Level 1:colcon.colcon_core.package_identification:_identify(src/install) ignored
[1.139s] Level 1:colcon.colcon_core.package_identification:_identify(src/log) by extensions ['ignore', 'ignore_ament_install']
[1.139s] Level 1:colcon.colcon_core.package_identification:_identify(src/log) by extension 'ignore'
[1.140s] Level 1:colcon.colcon_core.package_identification:_identify(src/log) ignored
[1.140s] Level 1:colcon.colcon_core.package_identification:_identify(src/prueba) by extensions ['ignore', 'ignore_ament_install']
[1.140s] Level 1:colcon.colcon_core.package_identification:_identify(src/prueba) by extension 'ignore'
[1.140s] Level 1:colcon.colcon_core.package_identification:_identify(src/prueba) by extension 'ignore_ament_install'
[1.140s] Level 1:colcon.colcon_core.package_identification:_identify(src/prueba) by extensions ['colcon_pkg']
[1.140s] Level 1:colcon.colcon_core.package_identification:_identify(src/prueba) by extension 'colcon_pkg'
[1.140s] Level 1:colcon.colcon_core.package_identification:_identify(src/prueba) by extensions ['colcon_meta']
[1.140s] Level 1:colcon.colcon_core.package_identification:_identify(src/prueba) by extension 'colcon_meta'
[1.140s] Level 1:colcon.colcon_core.package_identification:_identify(src/prueba) by extensions ['ros']
[1.140s] Level 1:colcon.colcon_core.package_identification:_identify(src/prueba) by extension 'ros'
[1.147s] DEBUG:colcon.colcon_core.package_identification:Package 'src/prueba' with type 'ros.ament_python' and name 'prueba'
[1.147s] Level 1:colcon.colcon_core.package_discovery:discover_packages(recursive) using defaults
[1.147s] Level 1:colcon.colcon_core.package_discovery:discover_packages(ignore) discover
[1.147s] Level 1:colcon.colcon_core.package_discovery:discover_packages(ignore) using defaults
[1.147s] Level 1:colcon.colcon_core.package_discovery:discover_packages(path) discover
[1.148s] Level 1:colcon.colcon_core.package_discovery:discover_packages(path) using defaults
[1.199s] Level 1:colcon.colcon_core.package_discovery:discover_packages(prefix_path) check parameters
[1.199s] Level 1:colcon.colcon_core.package_discovery:discover_packages(prefix_path) discover
[1.211s] DEBUG:colcon.colcon_installed_package_information.package_discovery:Found 263 installed packages in /opt/ros/foxy
[1.214s] Level 1:colcon.colcon_core.package_discovery:discover_packages(prefix_path) using defaults
[1.481s] Level 5:colcon.colcon_core.verb:set package 'prueba' build argument 'cmake_args' from command line to 'None'
[1.482s] Level 5:colcon.colcon_core.verb:set package 'prueba' build argument 'cmake_target' from command line to 'None'
[1.482s] Level 5:colcon.colcon_core.verb:set package 'prueba' build argument 'cmake_target_skip_unavailable' from command line to 'False'
[1.482s] Level 5:colcon.colcon_core.verb:set package 'prueba' build argument 'cmake_clean_cache' from command line to 'False'
[1.482s] Level 5:colcon.colcon_core.verb:set package 'prueba' build argument 'cmake_clean_first' from command line to 'False'
[1.483s] Level 5:colcon.colcon_core.verb:set package 'prueba' build argument 'cmake_force_configure' from command line to 'False'
[1.483s] Level 5:colcon.colcon_core.verb:set package 'prueba' build argument 'ament_cmake_args' from command line to 'None'
[1.483s] Level 5:colcon.colcon_core.verb:set package 'prueba' build argument 'catkin_cmake_args' from command line to 'None'
[1.483s] Level 5:colcon.colcon_core.verb:set package 'prueba' build argument 'catkin_skip_building_tests' from command line to 'False'
[1.483s] DEBUG:colcon.colcon_core.verb:Building package 'prueba' with the following arguments: {'ament_cmake_args': None, 'build_base': '/home/jesus/Desktop/ros2_ws/build/prueba', 'catkin_cmake_args': None, 'catkin_skip_building_tests': False, 'cmake_args': None, 'cmake_clean_cache': False, 'cmake_clean_first': False, 'cmake_force_configure': False, 'cmake_target': None, 'cmake_target_skip_unavailable': False, 'install_base': '/home/jesus/Desktop/ros2_ws/install/prueba', 'merge_install': False, 'path': '/home/jesus/Desktop/ros2_ws/src/prueba', 'symlink_install': False, 'test_result_base': None}
[1.483s] INFO:colcon.colcon_core.executor:Executing jobs using 'parallel' executor
[1.487s] DEBUG:colcon.colcon_parallel_executor.executor.parallel:run_until_complete
[1.488s] INFO:colcon.colcon_ros.task.ament_python.build:Building ROS package in '/home/jesus/Desktop/ros2_ws/src/prueba' with build type 'ament_python'
[1.488s] Level 1:colcon.colcon_core.shell:create_environment_hook('prueba', 'ament_prefix_path')
[1.506s] INFO:colcon.colcon_core.plugin_system:Skipping extension 'colcon_core.shell.bat': Not used on non-Windows systems
[1.506s] INFO:colcon.colcon_core.shell:Creating environment hook '/home/jesus/Desktop/ros2_ws/install/prueba/share/prueba/hook/ament_prefix_path.ps1'
[1.514s] INFO:colcon.colcon_core.shell:Creating environment descriptor '/home/jesus/Desktop/ros2_ws/install/prueba/share/prueba/hook/ament_prefix_path.dsv'
[1.517s] INFO:colcon.colcon_core.shell:Creating environment hook '/home/jesus/Desktop/ros2_ws/install/prueba/share/prueba/hook/ament_prefix_path.sh'
[1.520s] INFO:colcon.colcon_core.shell:Skip shell extension 'powershell' for command environment: Not usable outside of PowerShell
[1.521s] DEBUG:colcon.colcon_core.shell:Skip shell extension 'dsv' for command environment
[1.800s] INFO:colcon.colcon_core.task.python.build:Building Python package in '/home/jesus/Desktop/ros2_ws/src/prueba'
[1.801s] INFO:colcon.colcon_core.shell:Skip shell extension 'powershell' for command environment: Not usable outside of PowerShell
[1.802s] DEBUG:colcon.colcon_core.shell:Skip shell extension 'dsv' for command environment
[2.572s] DEBUG:colcon.colcon_core.event_handler.log_command:Invoking command in '/home/jesus/Desktop/ros2_ws/src/prueba': PYTHONPATH=/home/jesus/Desktop/ros2_ws/build/prueba/prefix_override:/usr/lib/python3/dist-packages/colcon_core/task/python/colcon_distutils_commands:/home/jesus/Desktop/ros2_ws/install/prueba/lib/python3.8/site-packages:${PYTHONPATH} /usr/bin/python3 -W ignore:setup.py install is deprecated setup.py egg_info --egg-base ../../build/prueba build --build-base /home/jesus/Desktop/ros2_ws/build/prueba/build install --record /home/jesus/Desktop/ros2_ws/build/prueba/install.log --install-scripts $base/lib/prueba --single-version-externally-managed install_data
[2.944s] DEBUG:colcon.colcon_core.event_handler.log_command:Invoked command in '/home/jesus/Desktop/ros2_ws/src/prueba' returned '0': PYTHONPATH=/home/jesus/Desktop/ros2_ws/build/prueba/prefix_override:/usr/lib/python3/dist-packages/colcon_core/task/python/colcon_distutils_commands:/home/jesus/Desktop/ros2_ws/install/prueba/lib/python3.8/site-packages:${PYTHONPATH} /usr/bin/python3 -W ignore:setup.py install is deprecated setup.py egg_info --egg-base ../../build/prueba build --build-base /home/jesus/Desktop/ros2_ws/build/prueba/build install --record /home/jesus/Desktop/ros2_ws/build/prueba/install.log --install-scripts $base/lib/prueba --single-version-externally-managed install_data
[2.969s] Level 1:colcon.colcon_core.environment:checking '/home/jesus/Desktop/ros2_ws/install/prueba' for CMake module files
[2.972s] Level 1:colcon.colcon_core.environment:checking '/home/jesus/Desktop/ros2_ws/install/prueba' for CMake config files
[2.974s] Level 1:colcon.colcon_core.environment:checking '/home/jesus/Desktop/ros2_ws/install/prueba/lib'
[2.974s] Level 1:colcon.colcon_core.environment:checking '/home/jesus/Desktop/ros2_ws/install/prueba/bin'
[2.974s] Level 1:colcon.colcon_core.environment:checking '/home/jesus/Desktop/ros2_ws/install/prueba/lib/pkgconfig/prueba.pc'
[2.974s] Level 1:colcon.colcon_core.environment:checking '/home/jesus/Desktop/ros2_ws/install/prueba/lib/python3.8/site-packages'
[2.974s] Level 1:colcon.colcon_core.shell:create_environment_hook('prueba', 'pythonpath')
[2.974s] INFO:colcon.colcon_core.shell:Creating environment hook '/home/jesus/Desktop/ros2_ws/install/prueba/share/prueba/hook/pythonpath.ps1'
[2.975s] INFO:colcon.colcon_core.shell:Creating environment descriptor '/home/jesus/Desktop/ros2_ws/install/prueba/share/prueba/hook/pythonpath.dsv'
[2.976s] INFO:colcon.colcon_core.shell:Creating environment hook '/home/jesus/Desktop/ros2_ws/install/prueba/share/prueba/hook/pythonpath.sh'
[2.978s] Level 1:colcon.colcon_core.environment:checking '/home/jesus/Desktop/ros2_ws/install/prueba/bin'
[2.978s] Level 1:colcon.colcon_core.environment:create_environment_scripts_only(prueba)
[2.978s] INFO:colcon.colcon_core.shell:Creating package script '/home/jesus/Desktop/ros2_ws/install/prueba/share/prueba/package.ps1'
[2.980s] INFO:colcon.colcon_core.shell:Creating package descriptor '/home/jesus/Desktop/ros2_ws/install/prueba/share/prueba/package.dsv'
[2.982s] INFO:colcon.colcon_core.shell:Creating package script '/home/jesus/Desktop/ros2_ws/install/prueba/share/prueba/package.sh'
[2.985s] INFO:colcon.colcon_core.shell:Creating package script '/home/jesus/Desktop/ros2_ws/install/prueba/share/prueba/package.bash'
[2.988s] INFO:colcon.colcon_core.shell:Creating package script '/home/jesus/Desktop/ros2_ws/install/prueba/share/prueba/package.zsh'
[2.991s] Level 1:colcon.colcon_core.environment:create_file_with_runtime_dependencies(/home/jesus/Desktop/ros2_ws/install/prueba/share/colcon-core/packages/prueba)
[2.993s] DEBUG:colcon.colcon_parallel_executor.executor.parallel:closing loop
[2.994s] DEBUG:colcon.colcon_parallel_executor.executor.parallel:loop closed
[2.994s] DEBUG:colcon.colcon_parallel_executor.executor.parallel:run_until_complete finished with '0'
[2.994s] DEBUG:colcon.colcon_core.event_reactor:joining thread
[3.036s] INFO:colcon.colcon_core.plugin_system:Skipping extension 'colcon_notification.desktop_notification.terminal_notifier': Not used on non-Darwin systems
[3.036s] INFO:colcon.colcon_core.plugin_system:Skipping extension 'colcon_notification.desktop_notification.win32': Not used on non-Windows systems
[3.037s] INFO:colcon.colcon_notification.desktop_notification:Sending desktop notification using 'notify2'
[3.211s] DEBUG:colcon.colcon_core.event_reactor:joined thread
[3.212s] INFO:colcon.colcon_core.shell:Creating prefix script '/home/jesus/Desktop/ros2_ws/install/local_setup.ps1'
[3.215s] INFO:colcon.colcon_core.shell:Creating prefix util module '/home/jesus/Desktop/ros2_ws/install/_local_setup_util_ps1.py'
[3.219s] INFO:colcon.colcon_core.shell:Creating prefix chain script '/home/jesus/Desktop/ros2_ws/install/setup.ps1'
[3.221s] INFO:colcon.colcon_core.shell:Creating prefix script '/home/jesus/Desktop/ros2_ws/install/local_setup.sh'
[3.224s] INFO:colcon.colcon_core.shell:Creating prefix util module '/home/jesus/Desktop/ros2_ws/install/_local_setup_util_sh.py'
[3.230s] INFO:colcon.colcon_core.shell:Creating prefix chain script '/home/jesus/Desktop/ros2_ws/install/setup.sh'
[3.232s] INFO:colcon.colcon_core.shell:Creating prefix script '/home/jesus/Desktop/ros2_ws/install/local_setup.bash'
[3.234s] INFO:colcon.colcon_core.shell:Creating prefix chain script '/home/jesus/Desktop/ros2_ws/install/setup.bash'
[3.237s] INFO:colcon.colcon_core.shell:Creating prefix script '/home/jesus/Desktop/ros2_ws/install/local_setup.zsh'
[3.238s] INFO:colcon.colcon_core.shell:Creating prefix chain script '/home/jesus/Desktop/ros2_ws/install/setup.zsh'
