[1.491s] Invoking command in '/home/jesus/Desktop/ros2_ws/src/ament/ament_lint/ament_copyright': AMENT_PREFIX_PATH=/home/jesus/Desktop/ros2_ws/install/ament_pep257:/home/jesus/Desktop/ros2_ws/install/ament_flake8:/home/jesus/Desktop/ros2_ws/install/ament_lint PATH=/home/jesus/Desktop/ros2_ws/install/ament_pep257/bin:/home/jesus/Desktop/ros2_ws/install/ament_flake8/bin:${PATH} PYTHONPATH=/home/jesus/Desktop/ros2_ws/build/ament_copyright/prefix_override:/usr/lib/python3/dist-packages/colcon_core/task/python/colcon_distutils_commands:/home/jesus/Desktop/ros2_ws/install/ament_copyright/lib/python3.8/site-packages:/home/jesus/Desktop/ros2_ws/install/ament_pep257/lib/python3.8/site-packages:/home/jesus/Desktop/ros2_ws/install/ament_flake8/lib/python3.8/site-packages:/home/jesus/Desktop/ros2_ws/install/ament_lint/lib/python3.8/site-packages /usr/bin/python3 -W ignore:setup.py install is deprecated setup.py egg_info --egg-base ../../../../build/ament_copyright build --build-base /home/jesus/Desktop/ros2_ws/build/ament_copyright/build install --record /home/jesus/Desktop/ros2_ws/build/ament_copyright/install.log --single-version-externally-managed install_data
[1.860s] running egg_info
[1.861s] creating ../../../../build/ament_copyright/ament_copyright.egg-info
[1.861s] writing ../../../../build/ament_copyright/ament_copyright.egg-info/PKG-INFO
[1.861s] writing dependency_links to ../../../../build/ament_copyright/ament_copyright.egg-info/dependency_links.txt
[1.862s] writing entry points to ../../../../build/ament_copyright/ament_copyright.egg-info/entry_points.txt
[1.862s] writing requirements to ../../../../build/ament_copyright/ament_copyright.egg-info/requires.txt
[1.862s] writing top-level names to ../../../../build/ament_copyright/ament_copyright.egg-info/top_level.txt
[1.865s] writing manifest file '../../../../build/ament_copyright/ament_copyright.egg-info/SOURCES.txt'
[1.960s] reading manifest file '../../../../build/ament_copyright/ament_copyright.egg-info/SOURCES.txt'
[1.965s] writing manifest file '../../../../build/ament_copyright/ament_copyright.egg-info/SOURCES.txt'
[1.965s] running build
[1.965s] running build_py
[1.965s] creating /home/jesus/Desktop/ros2_ws/build/ament_copyright/build
[1.965s] creating /home/jesus/Desktop/ros2_ws/build/ament_copyright/build/lib
[1.966s] creating /home/jesus/Desktop/ros2_ws/build/ament_copyright/build/lib/ament_copyright
[1.966s] copying ament_copyright/pytest_marker.py -> /home/jesus/Desktop/ros2_ws/build/ament_copyright/build/lib/ament_copyright
[1.966s] copying ament_copyright/parser.py -> /home/jesus/Desktop/ros2_ws/build/ament_copyright/build/lib/ament_copyright
[1.966s] copying ament_copyright/copyright_names.py -> /home/jesus/Desktop/ros2_ws/build/ament_copyright/build/lib/ament_copyright
[1.966s] copying ament_copyright/licenses.py -> /home/jesus/Desktop/ros2_ws/build/ament_copyright/build/lib/ament_copyright
[1.966s] copying ament_copyright/main.py -> /home/jesus/Desktop/ros2_ws/build/ament_copyright/build/lib/ament_copyright
[1.966s] copying ament_copyright/__init__.py -> /home/jesus/Desktop/ros2_ws/build/ament_copyright/build/lib/ament_copyright
[1.966s] copying ament_copyright/crawler.py -> /home/jesus/Desktop/ros2_ws/build/ament_copyright/build/lib/ament_copyright
[1.966s] creating /home/jesus/Desktop/ros2_ws/build/ament_copyright/build/lib/ament_copyright/template
[1.966s] copying ament_copyright/template/gplv3_license.txt -> /home/jesus/Desktop/ros2_ws/build/ament_copyright/build/lib/ament_copyright/template
[1.966s] copying ament_copyright/template/lgplv3_contributing.txt -> /home/jesus/Desktop/ros2_ws/build/ament_copyright/build/lib/ament_copyright/template
[1.967s] copying ament_copyright/template/bsd_3clause_header.txt -> /home/jesus/Desktop/ros2_ws/build/ament_copyright/build/lib/ament_copyright/template
[1.967s] copying ament_copyright/template/apache2_contributing.txt -> /home/jesus/Desktop/ros2_ws/build/ament_copyright/build/lib/ament_copyright/template
[1.967s] copying ament_copyright/template/gplv3_header.txt -> /home/jesus/Desktop/ros2_ws/build/ament_copyright/build/lib/ament_copyright/template
[1.967s] copying ament_copyright/template/lgplv3_header.txt -> /home/jesus/Desktop/ros2_ws/build/ament_copyright/build/lib/ament_copyright/template
[1.967s] copying ament_copyright/template/bsd2_contributing.txt -> /home/jesus/Desktop/ros2_ws/build/ament_copyright/build/lib/ament_copyright/template
[1.967s] copying ament_copyright/template/apache2_header.txt -> /home/jesus/Desktop/ros2_ws/build/ament_copyright/build/lib/ament_copyright/template
[1.967s] copying ament_copyright/template/mit_contributing.txt -> /home/jesus/Desktop/ros2_ws/build/ament_copyright/build/lib/ament_copyright/template
[1.967s] copying ament_copyright/template/bsd2_license.txt -> /home/jesus/Desktop/ros2_ws/build/ament_copyright/build/lib/ament_copyright/template
[1.967s] copying ament_copyright/template/bsd2_header.txt -> /home/jesus/Desktop/ros2_ws/build/ament_copyright/build/lib/ament_copyright/template
[1.967s] copying ament_copyright/template/bsd_3clause_contributing.txt -> /home/jesus/Desktop/ros2_ws/build/ament_copyright/build/lib/ament_copyright/template
[1.967s] copying ament_copyright/template/bsd_3clause_license.txt -> /home/jesus/Desktop/ros2_ws/build/ament_copyright/build/lib/ament_copyright/template
[1.967s] copying ament_copyright/template/apache2_license.txt -> /home/jesus/Desktop/ros2_ws/build/ament_copyright/build/lib/ament_copyright/template
[1.968s] copying ament_copyright/template/boost1_license.txt -> /home/jesus/Desktop/ros2_ws/build/ament_copyright/build/lib/ament_copyright/template
[1.968s] copying ament_copyright/template/mit_license.txt -> /home/jesus/Desktop/ros2_ws/build/ament_copyright/build/lib/ament_copyright/template
[1.968s] copying ament_copyright/template/boost1_header.txt -> /home/jesus/Desktop/ros2_ws/build/ament_copyright/build/lib/ament_copyright/template
[1.968s] copying ament_copyright/template/lgplv3_license.txt -> /home/jesus/Desktop/ros2_ws/build/ament_copyright/build/lib/ament_copyright/template
[1.968s] copying ament_copyright/template/gplv3_contributing.txt -> /home/jesus/Desktop/ros2_ws/build/ament_copyright/build/lib/ament_copyright/template
[1.968s] copying ament_copyright/template/boost1_contributing.txt -> /home/jesus/Desktop/ros2_ws/build/ament_copyright/build/lib/ament_copyright/template
[1.968s] copying ament_copyright/template/mit_header.txt -> /home/jesus/Desktop/ros2_ws/build/ament_copyright/build/lib/ament_copyright/template
[1.968s] running install
[1.968s] running install_lib
[1.969s] creating /home/jesus/Desktop/ros2_ws/install/ament_copyright/lib/python3.8/site-packages/ament_copyright
[1.969s] creating /home/jesus/Desktop/ros2_ws/install/ament_copyright/lib/python3.8/site-packages/ament_copyright/template
[1.981s] copying /home/jesus/Desktop/ros2_ws/build/ament_copyright/build/lib/ament_copyright/template/gplv3_license.txt -> /home/jesus/Desktop/ros2_ws/install/ament_copyright/lib/python3.8/site-packages/ament_copyright/template
[1.981s] copying /home/jesus/Desktop/ros2_ws/build/ament_copyright/build/lib/ament_copyright/template/lgplv3_contributing.txt -> /home/jesus/Desktop/ros2_ws/install/ament_copyright/lib/python3.8/site-packages/ament_copyright/template
[1.982s] copying /home/jesus/Desktop/ros2_ws/build/ament_copyright/build/lib/ament_copyright/template/bsd_3clause_header.txt -> /home/jesus/Desktop/ros2_ws/install/ament_copyright/lib/python3.8/site-packages/ament_copyright/template
[1.982s] copying /home/jesus/Desktop/ros2_ws/build/ament_copyright/build/lib/ament_copyright/template/apache2_contributing.txt -> /home/jesus/Desktop/ros2_ws/install/ament_copyright/lib/python3.8/site-packages/ament_copyright/template
[1.982s] copying /home/jesus/Desktop/ros2_ws/build/ament_copyright/build/lib/ament_copyright/template/gplv3_header.txt -> /home/jesus/Desktop/ros2_ws/install/ament_copyright/lib/python3.8/site-packages/ament_copyright/template
[1.982s] copying /home/jesus/Desktop/ros2_ws/build/ament_copyright/build/lib/ament_copyright/template/lgplv3_header.txt -> /home/jesus/Desktop/ros2_ws/install/ament_copyright/lib/python3.8/site-packages/ament_copyright/template
[1.982s] copying /home/jesus/Desktop/ros2_ws/build/ament_copyright/build/lib/ament_copyright/template/bsd2_contributing.txt -> /home/jesus/Desktop/ros2_ws/install/ament_copyright/lib/python3.8/site-packages/ament_copyright/template
[1.982s] copying /home/jesus/Desktop/ros2_ws/build/ament_copyright/build/lib/ament_copyright/template/apache2_header.txt -> /home/jesus/Desktop/ros2_ws/install/ament_copyright/lib/python3.8/site-packages/ament_copyright/template
[1.982s] copying /home/jesus/Desktop/ros2_ws/build/ament_copyright/build/lib/ament_copyright/template/mit_contributing.txt -> /home/jesus/Desktop/ros2_ws/install/ament_copyright/lib/python3.8/site-packages/ament_copyright/template
[1.982s] copying /home/jesus/Desktop/ros2_ws/build/ament_copyright/build/lib/ament_copyright/template/bsd2_license.txt -> /home/jesus/Desktop/ros2_ws/install/ament_copyright/lib/python3.8/site-packages/ament_copyright/template
[1.982s] copying /home/jesus/Desktop/ros2_ws/build/ament_copyright/build/lib/ament_copyright/template/bsd2_header.txt -> /home/jesus/Desktop/ros2_ws/install/ament_copyright/lib/python3.8/site-packages/ament_copyright/template
[1.982s] copying /home/jesus/Desktop/ros2_ws/build/ament_copyright/build/lib/ament_copyright/template/bsd_3clause_contributing.txt -> /home/jesus/Desktop/ros2_ws/install/ament_copyright/lib/python3.8/site-packages/ament_copyright/template
[1.982s] copying /home/jesus/Desktop/ros2_ws/build/ament_copyright/build/lib/ament_copyright/template/bsd_3clause_license.txt -> /home/jesus/Desktop/ros2_ws/install/ament_copyright/lib/python3.8/site-packages/ament_copyright/template
[1.983s] copying /home/jesus/Desktop/ros2_ws/build/ament_copyright/build/lib/ament_copyright/template/apache2_license.txt -> /home/jesus/Desktop/ros2_ws/install/ament_copyright/lib/python3.8/site-packages/ament_copyright/template
[1.983s] copying /home/jesus/Desktop/ros2_ws/build/ament_copyright/build/lib/ament_copyright/template/boost1_license.txt -> /home/jesus/Desktop/ros2_ws/install/ament_copyright/lib/python3.8/site-packages/ament_copyright/template
[1.983s] copying /home/jesus/Desktop/ros2_ws/build/ament_copyright/build/lib/ament_copyright/template/mit_license.txt -> /home/jesus/Desktop/ros2_ws/install/ament_copyright/lib/python3.8/site-packages/ament_copyright/template
[1.983s] copying /home/jesus/Desktop/ros2_ws/build/ament_copyright/build/lib/ament_copyright/template/boost1_header.txt -> /home/jesus/Desktop/ros2_ws/install/ament_copyright/lib/python3.8/site-packages/ament_copyright/template
[1.983s] copying /home/jesus/Desktop/ros2_ws/build/ament_copyright/build/lib/ament_copyright/template/lgplv3_license.txt -> /home/jesus/Desktop/ros2_ws/install/ament_copyright/lib/python3.8/site-packages/ament_copyright/template
[1.983s] copying /home/jesus/Desktop/ros2_ws/build/ament_copyright/build/lib/ament_copyright/template/gplv3_contributing.txt -> /home/jesus/Desktop/ros2_ws/install/ament_copyright/lib/python3.8/site-packages/ament_copyright/template
[1.983s] copying /home/jesus/Desktop/ros2_ws/build/ament_copyright/build/lib/ament_copyright/template/boost1_contributing.txt -> /home/jesus/Desktop/ros2_ws/install/ament_copyright/lib/python3.8/site-packages/ament_copyright/template
[1.983s] copying /home/jesus/Desktop/ros2_ws/build/ament_copyright/build/lib/ament_copyright/template/mit_header.txt -> /home/jesus/Desktop/ros2_ws/install/ament_copyright/lib/python3.8/site-packages/ament_copyright/template
[1.983s] copying /home/jesus/Desktop/ros2_ws/build/ament_copyright/build/lib/ament_copyright/pytest_marker.py -> /home/jesus/Desktop/ros2_ws/install/ament_copyright/lib/python3.8/site-packages/ament_copyright
[1.983s] copying /home/jesus/Desktop/ros2_ws/build/ament_copyright/build/lib/ament_copyright/parser.py -> /home/jesus/Desktop/ros2_ws/install/ament_copyright/lib/python3.8/site-packages/ament_copyright
[1.983s] copying /home/jesus/Desktop/ros2_ws/build/ament_copyright/build/lib/ament_copyright/copyright_names.py -> /home/jesus/Desktop/ros2_ws/install/ament_copyright/lib/python3.8/site-packages/ament_copyright
[1.983s] copying /home/jesus/Desktop/ros2_ws/build/ament_copyright/build/lib/ament_copyright/licenses.py -> /home/jesus/Desktop/ros2_ws/install/ament_copyright/lib/python3.8/site-packages/ament_copyright
[1.984s] copying /home/jesus/Desktop/ros2_ws/build/ament_copyright/build/lib/ament_copyright/main.py -> /home/jesus/Desktop/ros2_ws/install/ament_copyright/lib/python3.8/site-packages/ament_copyright
[1.984s] copying /home/jesus/Desktop/ros2_ws/build/ament_copyright/build/lib/ament_copyright/__init__.py -> /home/jesus/Desktop/ros2_ws/install/ament_copyright/lib/python3.8/site-packages/ament_copyright
[1.984s] copying /home/jesus/Desktop/ros2_ws/build/ament_copyright/build/lib/ament_copyright/crawler.py -> /home/jesus/Desktop/ros2_ws/install/ament_copyright/lib/python3.8/site-packages/ament_copyright
[1.984s] byte-compiling /home/jesus/Desktop/ros2_ws/install/ament_copyright/lib/python3.8/site-packages/ament_copyright/pytest_marker.py to pytest_marker.cpython-38.pyc
[1.984s] byte-compiling /home/jesus/Desktop/ros2_ws/install/ament_copyright/lib/python3.8/site-packages/ament_copyright/parser.py to parser.cpython-38.pyc
[1.984s] byte-compiling /home/jesus/Desktop/ros2_ws/install/ament_copyright/lib/python3.8/site-packages/ament_copyright/copyright_names.py to copyright_names.cpython-38.pyc
[1.984s] byte-compiling /home/jesus/Desktop/ros2_ws/install/ament_copyright/lib/python3.8/site-packages/ament_copyright/licenses.py to licenses.cpython-38.pyc
[1.984s] byte-compiling /home/jesus/Desktop/ros2_ws/install/ament_copyright/lib/python3.8/site-packages/ament_copyright/main.py to main.cpython-38.pyc
[1.984s] byte-compiling /home/jesus/Desktop/ros2_ws/install/ament_copyright/lib/python3.8/site-packages/ament_copyright/__init__.py to __init__.cpython-38.pyc
[1.984s] byte-compiling /home/jesus/Desktop/ros2_ws/install/ament_copyright/lib/python3.8/site-packages/ament_copyright/crawler.py to crawler.cpython-38.pyc
[1.998s] running install_data
[1.998s] copying package.xml -> /home/jesus/Desktop/ros2_ws/install/ament_copyright/share/ament_copyright
[1.999s] creating /home/jesus/Desktop/ros2_ws/install/ament_copyright/share/ament_index
[1.999s] creating /home/jesus/Desktop/ros2_ws/install/ament_copyright/share/ament_index/resource_index
[1.999s] creating /home/jesus/Desktop/ros2_ws/install/ament_copyright/share/ament_index/resource_index/packages
[1.999s] copying resource/ament_copyright -> /home/jesus/Desktop/ros2_ws/install/ament_copyright/share/ament_index/resource_index/packages
[1.999s] running install_egg_info
[1.999s] Copying ../../../../build/ament_copyright/ament_copyright.egg-info to /home/jesus/Desktop/ros2_ws/install/ament_copyright/lib/python3.8/site-packages/ament_copyright-0.9.8-py3.8.egg-info
[1.999s] running install_scripts
[1.999s] Installing ament_copyright script to /home/jesus/Desktop/ros2_ws/install/ament_copyright/bin
[1.999s] writing list of installed files to '/home/jesus/Desktop/ros2_ws/build/ament_copyright/install.log'
[2.053s] Invoked command in '/home/jesus/Desktop/ros2_ws/src/ament/ament_lint/ament_copyright' returned '0': AMENT_PREFIX_PATH=/home/jesus/Desktop/ros2_ws/install/ament_pep257:/home/jesus/Desktop/ros2_ws/install/ament_flake8:/home/jesus/Desktop/ros2_ws/install/ament_lint PATH=/home/jesus/Desktop/ros2_ws/install/ament_pep257/bin:/home/jesus/Desktop/ros2_ws/install/ament_flake8/bin:${PATH} PYTHONPATH=/home/jesus/Desktop/ros2_ws/build/ament_copyright/prefix_override:/usr/lib/python3/dist-packages/colcon_core/task/python/colcon_distutils_commands:/home/jesus/Desktop/ros2_ws/install/ament_copyright/lib/python3.8/site-packages:/home/jesus/Desktop/ros2_ws/install/ament_pep257/lib/python3.8/site-packages:/home/jesus/Desktop/ros2_ws/install/ament_flake8/lib/python3.8/site-packages:/home/jesus/Desktop/ros2_ws/install/ament_lint/lib/python3.8/site-packages /usr/bin/python3 -W ignore:setup.py install is deprecated setup.py egg_info --egg-base ../../../../build/ament_copyright build --build-base /home/jesus/Desktop/ros2_ws/build/ament_copyright/build install --record /home/jesus/Desktop/ros2_ws/build/ament_copyright/install.log --single-version-externally-managed install_data
