[1.135s] Invoking command in '/home/jesus/Desktop/ros2_ws/src/osrf/osrf_pycommon': PYTHONPATH=/home/jesus/Desktop/ros2_ws/build/osrf_pycommon/prefix_override:/usr/lib/python3/dist-packages/colcon_core/task/python/colcon_distutils_commands:/home/jesus/Desktop/ros2_ws/install/osrf_pycommon/lib/python3.8/site-packages: /usr/bin/python3 -W ignore:setup.py install is deprecated setup.py egg_info --egg-base ../../../build/osrf_pycommon build --build-base /home/jesus/Desktop/ros2_ws/build/osrf_pycommon/build install --record /home/jesus/Desktop/ros2_ws/build/osrf_pycommon/install.log --single-version-externally-managed install_data
[1.463s] running egg_info
[1.465s] creating ../../../build/osrf_pycommon/osrf_pycommon.egg-info
[1.466s] writing ../../../build/osrf_pycommon/osrf_pycommon.egg-info/PKG-INFO
[1.466s] writing dependency_links to ../../../build/osrf_pycommon/osrf_pycommon.egg-info/dependency_links.txt
[1.466s] writing requirements to ../../../build/osrf_pycommon/osrf_pycommon.egg-info/requires.txt
[1.466s] writing top-level names to ../../../build/osrf_pycommon/osrf_pycommon.egg-info/top_level.txt
[1.466s] writing manifest file '../../../build/osrf_pycommon/osrf_pycommon.egg-info/SOURCES.txt'
[1.533s] reading manifest file '../../../build/osrf_pycommon/osrf_pycommon.egg-info/SOURCES.txt'
[1.533s] reading manifest template 'MANIFEST.in'
[1.535s] writing manifest file '../../../build/osrf_pycommon/osrf_pycommon.egg-info/SOURCES.txt'
[1.536s] running build
[1.536s] running build_py
[1.540s] creating /home/jesus/Desktop/ros2_ws/build/osrf_pycommon/build
[1.541s] creating /home/jesus/Desktop/ros2_ws/build/osrf_pycommon/build/lib
[1.541s] creating /home/jesus/Desktop/ros2_ws/build/osrf_pycommon/build/lib/osrf_pycommon
[1.541s] copying osrf_pycommon/terminal_utils.py -> /home/jesus/Desktop/ros2_ws/build/osrf_pycommon/build/lib/osrf_pycommon
[1.541s] copying osrf_pycommon/__init__.py -> /home/jesus/Desktop/ros2_ws/build/osrf_pycommon/build/lib/osrf_pycommon
[1.542s] creating /home/jesus/Desktop/ros2_ws/build/osrf_pycommon/build/lib/osrf_pycommon/terminal_color
[1.542s] copying osrf_pycommon/terminal_color/windows.py -> /home/jesus/Desktop/ros2_ws/build/osrf_pycommon/build/lib/osrf_pycommon/terminal_color
[1.542s] copying osrf_pycommon/terminal_color/ansi_re.py -> /home/jesus/Desktop/ros2_ws/build/osrf_pycommon/build/lib/osrf_pycommon/terminal_color
[1.542s] copying osrf_pycommon/terminal_color/impl.py -> /home/jesus/Desktop/ros2_ws/build/osrf_pycommon/build/lib/osrf_pycommon/terminal_color
[1.543s] copying osrf_pycommon/terminal_color/__init__.py -> /home/jesus/Desktop/ros2_ws/build/osrf_pycommon/build/lib/osrf_pycommon/terminal_color
[1.543s] creating /home/jesus/Desktop/ros2_ws/build/osrf_pycommon/build/lib/osrf_pycommon/cli_utils
[1.543s] copying osrf_pycommon/cli_utils/verb_pattern.py -> /home/jesus/Desktop/ros2_ws/build/osrf_pycommon/build/lib/osrf_pycommon/cli_utils
[1.543s] copying osrf_pycommon/cli_utils/common.py -> /home/jesus/Desktop/ros2_ws/build/osrf_pycommon/build/lib/osrf_pycommon/cli_utils
[1.544s] copying osrf_pycommon/cli_utils/__init__.py -> /home/jesus/Desktop/ros2_ws/build/osrf_pycommon/build/lib/osrf_pycommon/cli_utils
[1.552s] creating /home/jesus/Desktop/ros2_ws/build/osrf_pycommon/build/lib/osrf_pycommon/process_utils
[1.553s] copying osrf_pycommon/process_utils/async_execute_process.py -> /home/jesus/Desktop/ros2_ws/build/osrf_pycommon/build/lib/osrf_pycommon/process_utils
[1.553s] copying osrf_pycommon/process_utils/execute_process_pty.py -> /home/jesus/Desktop/ros2_ws/build/osrf_pycommon/build/lib/osrf_pycommon/process_utils
[1.553s] copying osrf_pycommon/process_utils/impl.py -> /home/jesus/Desktop/ros2_ws/build/osrf_pycommon/build/lib/osrf_pycommon/process_utils
[1.553s] copying osrf_pycommon/process_utils/execute_process_nopty.py -> /home/jesus/Desktop/ros2_ws/build/osrf_pycommon/build/lib/osrf_pycommon/process_utils
[1.553s] copying osrf_pycommon/process_utils/__init__.py -> /home/jesus/Desktop/ros2_ws/build/osrf_pycommon/build/lib/osrf_pycommon/process_utils
[1.553s] copying osrf_pycommon/process_utils/get_loop_impl.py -> /home/jesus/Desktop/ros2_ws/build/osrf_pycommon/build/lib/osrf_pycommon/process_utils
[1.553s] copying osrf_pycommon/process_utils/async_execute_process_trollius.py -> /home/jesus/Desktop/ros2_ws/build/osrf_pycommon/build/lib/osrf_pycommon/process_utils
[1.553s] creating /home/jesus/Desktop/ros2_ws/build/osrf_pycommon/build/lib/osrf_pycommon/process_utils/async_execute_process_asyncio
[1.553s] copying osrf_pycommon/process_utils/async_execute_process_asyncio/impl.py -> /home/jesus/Desktop/ros2_ws/build/osrf_pycommon/build/lib/osrf_pycommon/process_utils/async_execute_process_asyncio
[1.553s] copying osrf_pycommon/process_utils/async_execute_process_asyncio/__init__.py -> /home/jesus/Desktop/ros2_ws/build/osrf_pycommon/build/lib/osrf_pycommon/process_utils/async_execute_process_asyncio
[1.553s] running install
[1.553s] running install_lib
[1.554s] creating /home/jesus/Desktop/ros2_ws/install/osrf_pycommon/lib/python3.8/site-packages/osrf_pycommon
[1.554s] creating /home/jesus/Desktop/ros2_ws/install/osrf_pycommon/lib/python3.8/site-packages/osrf_pycommon/terminal_color
[1.554s] copying /home/jesus/Desktop/ros2_ws/build/osrf_pycommon/build/lib/osrf_pycommon/terminal_color/windows.py -> /home/jesus/Desktop/ros2_ws/install/osrf_pycommon/lib/python3.8/site-packages/osrf_pycommon/terminal_color
[1.554s] copying /home/jesus/Desktop/ros2_ws/build/osrf_pycommon/build/lib/osrf_pycommon/terminal_color/ansi_re.py -> /home/jesus/Desktop/ros2_ws/install/osrf_pycommon/lib/python3.8/site-packages/osrf_pycommon/terminal_color
[1.554s] copying /home/jesus/Desktop/ros2_ws/build/osrf_pycommon/build/lib/osrf_pycommon/terminal_color/impl.py -> /home/jesus/Desktop/ros2_ws/install/osrf_pycommon/lib/python3.8/site-packages/osrf_pycommon/terminal_color
[1.554s] copying /home/jesus/Desktop/ros2_ws/build/osrf_pycommon/build/lib/osrf_pycommon/terminal_color/__init__.py -> /home/jesus/Desktop/ros2_ws/install/osrf_pycommon/lib/python3.8/site-packages/osrf_pycommon/terminal_color
[1.554s] copying /home/jesus/Desktop/ros2_ws/build/osrf_pycommon/build/lib/osrf_pycommon/terminal_utils.py -> /home/jesus/Desktop/ros2_ws/install/osrf_pycommon/lib/python3.8/site-packages/osrf_pycommon
[1.556s] creating /home/jesus/Desktop/ros2_ws/install/osrf_pycommon/lib/python3.8/site-packages/osrf_pycommon/cli_utils
[1.557s] copying /home/jesus/Desktop/ros2_ws/build/osrf_pycommon/build/lib/osrf_pycommon/cli_utils/verb_pattern.py -> /home/jesus/Desktop/ros2_ws/install/osrf_pycommon/lib/python3.8/site-packages/osrf_pycommon/cli_utils
[1.557s] copying /home/jesus/Desktop/ros2_ws/build/osrf_pycommon/build/lib/osrf_pycommon/cli_utils/common.py -> /home/jesus/Desktop/ros2_ws/install/osrf_pycommon/lib/python3.8/site-packages/osrf_pycommon/cli_utils
[1.557s] copying /home/jesus/Desktop/ros2_ws/build/osrf_pycommon/build/lib/osrf_pycommon/cli_utils/__init__.py -> /home/jesus/Desktop/ros2_ws/install/osrf_pycommon/lib/python3.8/site-packages/osrf_pycommon/cli_utils
[1.565s] creating /home/jesus/Desktop/ros2_ws/install/osrf_pycommon/lib/python3.8/site-packages/osrf_pycommon/process_utils
[1.565s] copying /home/jesus/Desktop/ros2_ws/build/osrf_pycommon/build/lib/osrf_pycommon/process_utils/async_execute_process.py -> /home/jesus/Desktop/ros2_ws/install/osrf_pycommon/lib/python3.8/site-packages/osrf_pycommon/process_utils
[1.565s] copying /home/jesus/Desktop/ros2_ws/build/osrf_pycommon/build/lib/osrf_pycommon/process_utils/execute_process_pty.py -> /home/jesus/Desktop/ros2_ws/install/osrf_pycommon/lib/python3.8/site-packages/osrf_pycommon/process_utils
[1.565s] copying /home/jesus/Desktop/ros2_ws/build/osrf_pycommon/build/lib/osrf_pycommon/process_utils/impl.py -> /home/jesus/Desktop/ros2_ws/install/osrf_pycommon/lib/python3.8/site-packages/osrf_pycommon/process_utils
[1.565s] copying /home/jesus/Desktop/ros2_ws/build/osrf_pycommon/build/lib/osrf_pycommon/process_utils/execute_process_nopty.py -> /home/jesus/Desktop/ros2_ws/install/osrf_pycommon/lib/python3.8/site-packages/osrf_pycommon/process_utils
[1.565s] copying /home/jesus/Desktop/ros2_ws/build/osrf_pycommon/build/lib/osrf_pycommon/process_utils/__init__.py -> /home/jesus/Desktop/ros2_ws/install/osrf_pycommon/lib/python3.8/site-packages/osrf_pycommon/process_utils
[1.565s] copying /home/jesus/Desktop/ros2_ws/build/osrf_pycommon/build/lib/osrf_pycommon/process_utils/get_loop_impl.py -> /home/jesus/Desktop/ros2_ws/install/osrf_pycommon/lib/python3.8/site-packages/osrf_pycommon/process_utils
[1.565s] creating /home/jesus/Desktop/ros2_ws/install/osrf_pycommon/lib/python3.8/site-packages/osrf_pycommon/process_utils/async_execute_process_asyncio
[1.565s] copying /home/jesus/Desktop/ros2_ws/build/osrf_pycommon/build/lib/osrf_pycommon/process_utils/async_execute_process_asyncio/impl.py -> /home/jesus/Desktop/ros2_ws/install/osrf_pycommon/lib/python3.8/site-packages/osrf_pycommon/process_utils/async_execute_process_asyncio
[1.565s] copying /home/jesus/Desktop/ros2_ws/build/osrf_pycommon/build/lib/osrf_pycommon/process_utils/async_execute_process_asyncio/__init__.py -> /home/jesus/Desktop/ros2_ws/install/osrf_pycommon/lib/python3.8/site-packages/osrf_pycommon/process_utils/async_execute_process_asyncio
[1.565s] copying /home/jesus/Desktop/ros2_ws/build/osrf_pycommon/build/lib/osrf_pycommon/process_utils/async_execute_process_trollius.py -> /home/jesus/Desktop/ros2_ws/install/osrf_pycommon/lib/python3.8/site-packages/osrf_pycommon/process_utils
[1.565s] copying /home/jesus/Desktop/ros2_ws/build/osrf_pycommon/build/lib/osrf_pycommon/__init__.py -> /home/jesus/Desktop/ros2_ws/install/osrf_pycommon/lib/python3.8/site-packages/osrf_pycommon
[1.565s] byte-compiling /home/jesus/Desktop/ros2_ws/install/osrf_pycommon/lib/python3.8/site-packages/osrf_pycommon/terminal_color/windows.py to windows.cpython-38.pyc
[1.567s] byte-compiling /home/jesus/Desktop/ros2_ws/install/osrf_pycommon/lib/python3.8/site-packages/osrf_pycommon/terminal_color/ansi_re.py to ansi_re.cpython-38.pyc
[1.567s] byte-compiling /home/jesus/Desktop/ros2_ws/install/osrf_pycommon/lib/python3.8/site-packages/osrf_pycommon/terminal_color/impl.py to impl.cpython-38.pyc
[1.572s] byte-compiling /home/jesus/Desktop/ros2_ws/install/osrf_pycommon/lib/python3.8/site-packages/osrf_pycommon/terminal_color/__init__.py to __init__.cpython-38.pyc
[1.573s] byte-compiling /home/jesus/Desktop/ros2_ws/install/osrf_pycommon/lib/python3.8/site-packages/osrf_pycommon/terminal_utils.py to terminal_utils.cpython-38.pyc
[1.574s] byte-compiling /home/jesus/Desktop/ros2_ws/install/osrf_pycommon/lib/python3.8/site-packages/osrf_pycommon/cli_utils/verb_pattern.py to verb_pattern.cpython-38.pyc
[1.575s] byte-compiling /home/jesus/Desktop/ros2_ws/install/osrf_pycommon/lib/python3.8/site-packages/osrf_pycommon/cli_utils/common.py to common.cpython-38.pyc
[1.580s] byte-compiling /home/jesus/Desktop/ros2_ws/install/osrf_pycommon/lib/python3.8/site-packages/osrf_pycommon/cli_utils/__init__.py to __init__.cpython-38.pyc
[1.581s] byte-compiling /home/jesus/Desktop/ros2_ws/install/osrf_pycommon/lib/python3.8/site-packages/osrf_pycommon/process_utils/async_execute_process.py to async_execute_process.cpython-38.pyc
[1.582s] byte-compiling /home/jesus/Desktop/ros2_ws/install/osrf_pycommon/lib/python3.8/site-packages/osrf_pycommon/process_utils/execute_process_pty.py to execute_process_pty.cpython-38.pyc
[1.582s] byte-compiling /home/jesus/Desktop/ros2_ws/install/osrf_pycommon/lib/python3.8/site-packages/osrf_pycommon/process_utils/impl.py to impl.cpython-38.pyc
[1.583s] byte-compiling /home/jesus/Desktop/ros2_ws/install/osrf_pycommon/lib/python3.8/site-packages/osrf_pycommon/process_utils/execute_process_nopty.py to execute_process_nopty.cpython-38.pyc
[1.585s] byte-compiling /home/jesus/Desktop/ros2_ws/install/osrf_pycommon/lib/python3.8/site-packages/osrf_pycommon/process_utils/__init__.py to __init__.cpython-38.pyc
[1.589s] byte-compiling /home/jesus/Desktop/ros2_ws/install/osrf_pycommon/lib/python3.8/site-packages/osrf_pycommon/process_utils/get_loop_impl.py to get_loop_impl.cpython-38.pyc
[1.589s] byte-compiling /home/jesus/Desktop/ros2_ws/install/osrf_pycommon/lib/python3.8/site-packages/osrf_pycommon/process_utils/async_execute_process_asyncio/impl.py to impl.cpython-38.pyc
[1.590s] byte-compiling /home/jesus/Desktop/ros2_ws/install/osrf_pycommon/lib/python3.8/site-packages/osrf_pycommon/process_utils/async_execute_process_asyncio/__init__.py to __init__.cpython-38.pyc
[1.591s] byte-compiling /home/jesus/Desktop/ros2_ws/install/osrf_pycommon/lib/python3.8/site-packages/osrf_pycommon/process_utils/async_execute_process_trollius.py to async_execute_process_trollius.cpython-38.pyc
[1.592s] byte-compiling /home/jesus/Desktop/ros2_ws/install/osrf_pycommon/lib/python3.8/site-packages/osrf_pycommon/__init__.py to __init__.cpython-38.pyc
[1.597s] running install_data
[1.598s] copying package.xml -> /home/jesus/Desktop/ros2_ws/install/osrf_pycommon/share/osrf_pycommon
[1.598s] creating /home/jesus/Desktop/ros2_ws/install/osrf_pycommon/share/ament_index
[1.598s] creating /home/jesus/Desktop/ros2_ws/install/osrf_pycommon/share/ament_index/resource_index
[1.598s] creating /home/jesus/Desktop/ros2_ws/install/osrf_pycommon/share/ament_index/resource_index/packages
[1.598s] copying resource/osrf_pycommon -> /home/jesus/Desktop/ros2_ws/install/osrf_pycommon/share/ament_index/resource_index/packages
[1.598s] running install_egg_info
[1.600s] Copying ../../../build/osrf_pycommon/osrf_pycommon.egg-info to /home/jesus/Desktop/ros2_ws/install/osrf_pycommon/lib/python3.8/site-packages/osrf_pycommon-0.1.11-py3.8.egg-info
[1.602s] running install_scripts
[1.649s] writing list of installed files to '/home/jesus/Desktop/ros2_ws/build/osrf_pycommon/install.log'
[1.732s] Invoked command in '/home/jesus/Desktop/ros2_ws/src/osrf/osrf_pycommon' returned '0': PYTHONPATH=/home/jesus/Desktop/ros2_ws/build/osrf_pycommon/prefix_override:/usr/lib/python3/dist-packages/colcon_core/task/python/colcon_distutils_commands:/home/jesus/Desktop/ros2_ws/install/osrf_pycommon/lib/python3.8/site-packages: /usr/bin/python3 -W ignore:setup.py install is deprecated setup.py egg_info --egg-base ../../../build/osrf_pycommon build --build-base /home/jesus/Desktop/ros2_ws/build/osrf_pycommon/build install --record /home/jesus/Desktop/ros2_ws/build/osrf_pycommon/install.log --single-version-externally-managed install_data
