[0.043s] Invoking command in '/home/jesus/Desktop/ros2_ws/build/ament_cmake_core': AMENT_PREFIX_PATH=/home/jesus/Desktop/ros2_ws/install/ament_package PYTHONPATH=/home/jesus/Desktop/ros2_ws/install/ament_package/lib/python3.8/site-packages /usr/bin/cmake /home/jesus/Desktop/ros2_ws/src/ament/ament_cmake/ament_cmake_core -DCMAKE_INSTALL_PREFIX=/home/jesus/Desktop/ros2_ws/install/ament_cmake_core
[0.219s] -- Found PythonInterp: /usr/bin/python3 (found suitable version "3.8.10", minimum required is "3") 
[0.231s] -- Using PYTHON_EXECUTABLE: /usr/bin/python3
[0.336s] -- ament_cmake_core 0.9.12
[0.700s] -- Configuring done
[0.703s] -- Generating done
[0.705s] -- Build files have been written to: /home/jesus/Desktop/ros2_ws/build/ament_cmake_core
[0.716s] Invoked command in '/home/jesus/Desktop/ros2_ws/build/ament_cmake_core' returned '0': AMENT_PREFIX_PATH=/home/jesus/Desktop/ros2_ws/install/ament_package PYTHONPATH=/home/jesus/Desktop/ros2_ws/install/ament_package/lib/python3.8/site-packages /usr/bin/cmake /home/jesus/Desktop/ros2_ws/src/ament/ament_cmake/ament_cmake_core -DCMAKE_INSTALL_PREFIX=/home/jesus/Desktop/ros2_ws/install/ament_cmake_core
[0.717s] Invoking command in '/home/jesus/Desktop/ros2_ws/build/ament_cmake_core': AMENT_PREFIX_PATH=/home/jesus/Desktop/ros2_ws/install/ament_package PYTHONPATH=/home/jesus/Desktop/ros2_ws/install/ament_package/lib/python3.8/site-packages /usr/bin/cmake --build /home/jesus/Desktop/ros2_ws/build/ament_cmake_core -- -j2 -l2
[0.862s] Invoked command in '/home/jesus/Desktop/ros2_ws/build/ament_cmake_core' returned '0': AMENT_PREFIX_PATH=/home/jesus/Desktop/ros2_ws/install/ament_package PYTHONPATH=/home/jesus/Desktop/ros2_ws/install/ament_package/lib/python3.8/site-packages /usr/bin/cmake --build /home/jesus/Desktop/ros2_ws/build/ament_cmake_core -- -j2 -l2
[1.019s] Invoking command in '/home/jesus/Desktop/ros2_ws/build/ament_cmake_core': AMENT_PREFIX_PATH=/home/jesus/Desktop/ros2_ws/install/ament_package PYTHONPATH=/home/jesus/Desktop/ros2_ws/install/ament_package/lib/python3.8/site-packages /usr/bin/cmake --install /home/jesus/Desktop/ros2_ws/build/ament_cmake_core
[1.048s] -- Install configuration: ""
[1.049s] -- Installing: /home/jesus/Desktop/ros2_ws/install/ament_cmake_core/share/ament_index/resource_index/package_run_dependencies/ament_cmake_core
[1.049s] -- Installing: /home/jesus/Desktop/ros2_ws/install/ament_cmake_core/share/ament_index/resource_index/parent_prefix_path/ament_cmake_core
[1.050s] -- Installing: /home/jesus/Desktop/ros2_ws/install/ament_cmake_core/share/ament_cmake_core/environment/ament_prefix_path.sh
[1.055s] -- Installing: /home/jesus/Desktop/ros2_ws/install/ament_cmake_core/share/ament_cmake_core/environment/ament_prefix_path.dsv
[1.055s] -- Installing: /home/jesus/Desktop/ros2_ws/install/ament_cmake_core/share/ament_cmake_core/environment/path.sh
[1.056s] -- Installing: /home/jesus/Desktop/ros2_ws/install/ament_cmake_core/share/ament_cmake_core/environment/path.dsv
[1.056s] -- Installing: /home/jesus/Desktop/ros2_ws/install/ament_cmake_core/share/ament_cmake_core/local_setup.bash
[1.057s] -- Installing: /home/jesus/Desktop/ros2_ws/install/ament_cmake_core/share/ament_cmake_core/local_setup.sh
[1.057s] -- Installing: /home/jesus/Desktop/ros2_ws/install/ament_cmake_core/share/ament_cmake_core/local_setup.zsh
[1.058s] -- Installing: /home/jesus/Desktop/ros2_ws/install/ament_cmake_core/share/ament_cmake_core/local_setup.dsv
[1.059s] -- Installing: /home/jesus/Desktop/ros2_ws/install/ament_cmake_core/share/ament_cmake_core/package.dsv
[1.060s] -- Installing: /home/jesus/Desktop/ros2_ws/install/ament_cmake_core/share/ament_index/resource_index/packages/ament_cmake_core
[1.061s] -- Installing: /home/jesus/Desktop/ros2_ws/install/ament_cmake_core/share/ament_cmake_core/cmake/ament_cmake_core-extras.cmake
[1.061s] -- Installing: /home/jesus/Desktop/ros2_ws/install/ament_cmake_core/share/ament_cmake_core/cmake/ament_cmake_environment-extras.cmake
[1.066s] -- Installing: /home/jesus/Desktop/ros2_ws/install/ament_cmake_core/share/ament_cmake_core/cmake/ament_cmake_environment_hooks-extras.cmake
[1.067s] -- Installing: /home/jesus/Desktop/ros2_ws/install/ament_cmake_core/share/ament_cmake_core/cmake/ament_cmake_index-extras.cmake
[1.067s] -- Installing: /home/jesus/Desktop/ros2_ws/install/ament_cmake_core/share/ament_cmake_core/cmake/ament_cmake_package_templates-extras.cmake
[1.067s] -- Installing: /home/jesus/Desktop/ros2_ws/install/ament_cmake_core/share/ament_cmake_core/cmake/ament_cmake_uninstall_target-extras.cmake
[1.068s] -- Installing: /home/jesus/Desktop/ros2_ws/install/ament_cmake_core/share/ament_cmake_core/cmake/ament_cmake_symlink_install-extras.cmake
[1.068s] -- Installing: /home/jesus/Desktop/ros2_ws/install/ament_cmake_core/share/ament_cmake_core/cmake/ament_cmake_coreConfig.cmake
[1.068s] -- Installing: /home/jesus/Desktop/ros2_ws/install/ament_cmake_core/share/ament_cmake_core/cmake/ament_cmake_coreConfig-version.cmake
[1.069s] -- Installing: /home/jesus/Desktop/ros2_ws/install/ament_cmake_core/share/ament_cmake_core/package.xml
[1.069s] -- Up-to-date: /home/jesus/Desktop/ros2_ws/install/ament_cmake_core/share/ament_cmake_core/cmake
[1.069s] -- Installing: /home/jesus/Desktop/ros2_ws/install/ament_cmake_core/share/ament_cmake_core/cmake/symlink_install
[1.070s] -- Installing: /home/jesus/Desktop/ros2_ws/install/ament_cmake_core/share/ament_cmake_core/cmake/symlink_install/ament_cmake_symlink_install_files.cmake
[1.070s] -- Installing: /home/jesus/Desktop/ros2_ws/install/ament_cmake_core/share/ament_cmake_core/cmake/symlink_install/ament_cmake_symlink_install_targets.cmake
[1.071s] -- Installing: /home/jesus/Desktop/ros2_ws/install/ament_cmake_core/share/ament_cmake_core/cmake/symlink_install/ament_cmake_symlink_install_programs.cmake
[1.071s] -- Installing: /home/jesus/Desktop/ros2_ws/install/ament_cmake_core/share/ament_cmake_core/cmake/symlink_install/install.cmake
[1.071s] -- Installing: /home/jesus/Desktop/ros2_ws/install/ament_cmake_core/share/ament_cmake_core/cmake/symlink_install/ament_cmake_symlink_install_uninstall_script.cmake.in
[1.072s] -- Installing: /home/jesus/Desktop/ros2_ws/install/ament_cmake_core/share/ament_cmake_core/cmake/symlink_install/ament_cmake_symlink_install.cmake.in
[1.072s] -- Installing: /home/jesus/Desktop/ros2_ws/install/ament_cmake_core/share/ament_cmake_core/cmake/symlink_install/ament_cmake_symlink_install_append_install_code.cmake
[1.073s] -- Installing: /home/jesus/Desktop/ros2_ws/install/ament_cmake_core/share/ament_cmake_core/cmake/symlink_install/ament_cmake_symlink_install_directory.cmake
[1.073s] -- Installing: /home/jesus/Desktop/ros2_ws/install/ament_cmake_core/share/ament_cmake_core/cmake/environment
[1.074s] -- Installing: /home/jesus/Desktop/ros2_ws/install/ament_cmake_core/share/ament_cmake_core/cmake/environment/ament_cmake_environment_package_hook.cmake
[1.074s] -- Installing: /home/jesus/Desktop/ros2_ws/install/ament_cmake_core/share/ament_cmake_core/cmake/environment/ament_generate_environment.cmake
[1.075s] -- Installing: /home/jesus/Desktop/ros2_ws/install/ament_cmake_core/share/ament_cmake_core/cmake/index
[1.078s] -- Installing: /home/jesus/Desktop/ros2_ws/install/ament_cmake_core/share/ament_cmake_core/cmake/index/ament_index_get_prefix_path.cmake
[1.079s] -- Installing: /home/jesus/Desktop/ros2_ws/install/ament_cmake_core/share/ament_cmake_core/cmake/index/ament_index_register_resource.cmake
[1.079s] -- Installing: /home/jesus/Desktop/ros2_ws/install/ament_cmake_core/share/ament_cmake_core/cmake/index/ament_cmake_index_package_hook.cmake
[1.079s] -- Installing: /home/jesus/Desktop/ros2_ws/install/ament_cmake_core/share/ament_cmake_core/cmake/index/ament_index_has_resource.cmake
[1.080s] -- Installing: /home/jesus/Desktop/ros2_ws/install/ament_cmake_core/share/ament_cmake_core/cmake/index/ament_index_get_resource.cmake
[1.080s] -- Installing: /home/jesus/Desktop/ros2_ws/install/ament_cmake_core/share/ament_cmake_core/cmake/index/ament_index_get_resources.cmake
[1.081s] -- Installing: /home/jesus/Desktop/ros2_ws/install/ament_cmake_core/share/ament_cmake_core/cmake/index/ament_index_register_package.cmake
[1.081s] -- Installing: /home/jesus/Desktop/ros2_ws/install/ament_cmake_core/share/ament_cmake_core/cmake/environment_hooks
[1.081s] -- Installing: /home/jesus/Desktop/ros2_ws/install/ament_cmake_core/share/ament_cmake_core/cmake/environment_hooks/ament_environment_hooks.cmake
[1.081s] -- Installing: /home/jesus/Desktop/ros2_ws/install/ament_cmake_core/share/ament_cmake_core/cmake/environment_hooks/ament_cmake_environment_hooks_package_hook.cmake
[1.082s] -- Installing: /home/jesus/Desktop/ros2_ws/install/ament_cmake_core/share/ament_cmake_core/cmake/environment_hooks/environment
[1.083s] -- Installing: /home/jesus/Desktop/ros2_ws/install/ament_cmake_core/share/ament_cmake_core/cmake/environment_hooks/environment/ament_prefix_path.bat
[1.084s] -- Installing: /home/jesus/Desktop/ros2_ws/install/ament_cmake_core/share/ament_cmake_core/cmake/environment_hooks/environment/path.sh
[1.084s] -- Installing: /home/jesus/Desktop/ros2_ws/install/ament_cmake_core/share/ament_cmake_core/cmake/environment_hooks/environment/ament_prefix_path.sh
[1.086s] -- Installing: /home/jesus/Desktop/ros2_ws/install/ament_cmake_core/share/ament_cmake_core/cmake/environment_hooks/environment/path.bat
[1.087s] -- Installing: /home/jesus/Desktop/ros2_ws/install/ament_cmake_core/share/ament_cmake_core/cmake/environment_hooks/ament_generate_package_environment.cmake
[1.087s] -- Installing: /home/jesus/Desktop/ros2_ws/install/ament_cmake_core/share/ament_cmake_core/cmake/core
[1.087s] -- Installing: /home/jesus/Desktop/ros2_ws/install/ament_cmake_core/share/ament_cmake_core/cmake/core/python.cmake
[1.088s] -- Installing: /home/jesus/Desktop/ros2_ws/install/ament_cmake_core/share/ament_cmake_core/cmake/core/all.cmake
[1.088s] -- Installing: /home/jesus/Desktop/ros2_ws/install/ament_cmake_core/share/ament_cmake_core/cmake/core/templates
[1.088s] -- Installing: /home/jesus/Desktop/ros2_ws/install/ament_cmake_core/share/ament_cmake_core/cmake/core/templates/nameConfig.cmake.in
[1.089s] -- Installing: /home/jesus/Desktop/ros2_ws/install/ament_cmake_core/share/ament_cmake_core/cmake/core/templates/nameConfig-version.cmake.in
[1.089s] -- Installing: /home/jesus/Desktop/ros2_ws/install/ament_cmake_core/share/ament_cmake_core/cmake/core/ament_register_extension.cmake
[1.089s] -- Installing: /home/jesus/Desktop/ros2_ws/install/ament_cmake_core/share/ament_cmake_core/cmake/core/stamp.cmake
[1.090s] -- Installing: /home/jesus/Desktop/ros2_ws/install/ament_cmake_core/share/ament_cmake_core/cmake/core/normalize_path.cmake
[1.093s] -- Installing: /home/jesus/Desktop/ros2_ws/install/ament_cmake_core/share/ament_cmake_core/cmake/core/package_xml_2_cmake.py
[1.094s] -- Installing: /home/jesus/Desktop/ros2_ws/install/ament_cmake_core/share/ament_cmake_core/cmake/core/ament_package.cmake
[1.095s] -- Installing: /home/jesus/Desktop/ros2_ws/install/ament_cmake_core/share/ament_cmake_core/cmake/core/ament_package_xml.cmake
[1.095s] -- Installing: /home/jesus/Desktop/ros2_ws/install/ament_cmake_core/share/ament_cmake_core/cmake/core/list_append_unique.cmake
[1.095s] -- Installing: /home/jesus/Desktop/ros2_ws/install/ament_cmake_core/share/ament_cmake_core/cmake/core/ament_execute_extensions.cmake
[1.096s] -- Installing: /home/jesus/Desktop/ros2_ws/install/ament_cmake_core/share/ament_cmake_core/cmake/core/string_ends_with.cmake
[1.096s] -- Installing: /home/jesus/Desktop/ros2_ws/install/ament_cmake_core/share/ament_cmake_core/cmake/core/assert_file_exists.cmake
[1.096s] -- Installing: /home/jesus/Desktop/ros2_ws/install/ament_cmake_core/share/ament_cmake_core/cmake/uninstall_target
[1.097s] -- Installing: /home/jesus/Desktop/ros2_ws/install/ament_cmake_core/share/ament_cmake_core/cmake/uninstall_target/ament_cmake_uninstall_target_append_uninstall_code.cmake
[1.097s] -- Installing: /home/jesus/Desktop/ros2_ws/install/ament_cmake_core/share/ament_cmake_core/cmake/uninstall_target/ament_cmake_uninstall_target.cmake.in
[1.097s] -- Installing: /home/jesus/Desktop/ros2_ws/install/ament_cmake_core/share/ament_cmake_core/cmake/package_templates
[1.098s] -- Installing: /home/jesus/Desktop/ros2_ws/install/ament_cmake_core/share/ament_cmake_core/cmake/package_templates/templates_2_cmake.py
[1.111s] Invoked command in '/home/jesus/Desktop/ros2_ws/build/ament_cmake_core' returned '0': AMENT_PREFIX_PATH=/home/jesus/Desktop/ros2_ws/install/ament_package PYTHONPATH=/home/jesus/Desktop/ros2_ws/install/ament_package/lib/python3.8/site-packages /usr/bin/cmake --install /home/jesus/Desktop/ros2_ws/build/ament_cmake_core
