[0.067s] Invoking command in '/home/jesus/Desktop/ros2_ws/build/ament_cmake_export_targets': AMENT_PREFIX_PATH=/home/jesus/Desktop/ros2_ws/install/ament_cmake_export_libraries:/home/jesus/Desktop/ros2_ws/install/ament_cmake_core:/home/jesus/Desktop/ros2_ws/install/ament_package CMAKE_PREFIX_PATH=/home/jesus/Desktop/ros2_ws/install/ament_cmake_export_libraries:/home/jesus/Desktop/ros2_ws/install/ament_cmake_core PYTHONPATH=/home/jesus/Desktop/ros2_ws/install/ament_package/lib/python3.8/site-packages /usr/bin/cmake /home/jesus/Desktop/ros2_ws/src/ament/ament_cmake/ament_cmake_export_targets -DCMAKE_INSTALL_PREFIX=/home/jesus/Desktop/ros2_ws/install/ament_cmake_export_targets
[0.139s] -- Found ament_cmake_core: 0.9.12 (/home/jesus/Desktop/ros2_ws/install/ament_cmake_core/share/ament_cmake_core/cmake)
[0.182s] -- Found PythonInterp: /usr/bin/python3 (found suitable version "3.8.10", minimum required is "3") 
[0.182s] -- Using PYTHON_EXECUTABLE: /usr/bin/python3
[0.536s] -- Configuring done
[0.536s] -- Generating done
[0.539s] -- Build files have been written to: /home/jesus/Desktop/ros2_ws/build/ament_cmake_export_targets
[0.558s] Invoked command in '/home/jesus/Desktop/ros2_ws/build/ament_cmake_export_targets' returned '0': AMENT_PREFIX_PATH=/home/jesus/Desktop/ros2_ws/install/ament_cmake_export_libraries:/home/jesus/Desktop/ros2_ws/install/ament_cmake_core:/home/jesus/Desktop/ros2_ws/install/ament_package CMAKE_PREFIX_PATH=/home/jesus/Desktop/ros2_ws/install/ament_cmake_export_libraries:/home/jesus/Desktop/ros2_ws/install/ament_cmake_core PYTHONPATH=/home/jesus/Desktop/ros2_ws/install/ament_package/lib/python3.8/site-packages /usr/bin/cmake /home/jesus/Desktop/ros2_ws/src/ament/ament_cmake/ament_cmake_export_targets -DCMAKE_INSTALL_PREFIX=/home/jesus/Desktop/ros2_ws/install/ament_cmake_export_targets
[0.559s] Invoking command in '/home/jesus/Desktop/ros2_ws/build/ament_cmake_export_targets': AMENT_PREFIX_PATH=/home/jesus/Desktop/ros2_ws/install/ament_cmake_export_libraries:/home/jesus/Desktop/ros2_ws/install/ament_cmake_core:/home/jesus/Desktop/ros2_ws/install/ament_package CMAKE_PREFIX_PATH=/home/jesus/Desktop/ros2_ws/install/ament_cmake_export_libraries:/home/jesus/Desktop/ros2_ws/install/ament_cmake_core PYTHONPATH=/home/jesus/Desktop/ros2_ws/install/ament_package/lib/python3.8/site-packages /usr/bin/cmake --build /home/jesus/Desktop/ros2_ws/build/ament_cmake_export_targets -- -j2 -l2
[0.658s] Invoked command in '/home/jesus/Desktop/ros2_ws/build/ament_cmake_export_targets' returned '0': AMENT_PREFIX_PATH=/home/jesus/Desktop/ros2_ws/install/ament_cmake_export_libraries:/home/jesus/Desktop/ros2_ws/install/ament_cmake_core:/home/jesus/Desktop/ros2_ws/install/ament_package CMAKE_PREFIX_PATH=/home/jesus/Desktop/ros2_ws/install/ament_cmake_export_libraries:/home/jesus/Desktop/ros2_ws/install/ament_cmake_core PYTHONPATH=/home/jesus/Desktop/ros2_ws/install/ament_package/lib/python3.8/site-packages /usr/bin/cmake --build /home/jesus/Desktop/ros2_ws/build/ament_cmake_export_targets -- -j2 -l2
[0.728s] Invoking command in '/home/jesus/Desktop/ros2_ws/build/ament_cmake_export_targets': AMENT_PREFIX_PATH=/home/jesus/Desktop/ros2_ws/install/ament_cmake_export_libraries:/home/jesus/Desktop/ros2_ws/install/ament_cmake_core:/home/jesus/Desktop/ros2_ws/install/ament_package CMAKE_PREFIX_PATH=/home/jesus/Desktop/ros2_ws/install/ament_cmake_export_libraries:/home/jesus/Desktop/ros2_ws/install/ament_cmake_core PYTHONPATH=/home/jesus/Desktop/ros2_ws/install/ament_package/lib/python3.8/site-packages /usr/bin/cmake --install /home/jesus/Desktop/ros2_ws/build/ament_cmake_export_targets
[0.745s] -- Install configuration: ""
[0.745s] -- Installing: /home/jesus/Desktop/ros2_ws/install/ament_cmake_export_targets/share/ament_index/resource_index/package_run_dependencies/ament_cmake_export_targets
[0.746s] -- Installing: /home/jesus/Desktop/ros2_ws/install/ament_cmake_export_targets/share/ament_index/resource_index/parent_prefix_path/ament_cmake_export_targets
[0.746s] -- Installing: /home/jesus/Desktop/ros2_ws/install/ament_cmake_export_targets/share/ament_cmake_export_targets/environment/ament_prefix_path.sh
[0.746s] -- Installing: /home/jesus/Desktop/ros2_ws/install/ament_cmake_export_targets/share/ament_cmake_export_targets/environment/ament_prefix_path.dsv
[0.747s] -- Installing: /home/jesus/Desktop/ros2_ws/install/ament_cmake_export_targets/share/ament_cmake_export_targets/environment/path.sh
[0.747s] -- Installing: /home/jesus/Desktop/ros2_ws/install/ament_cmake_export_targets/share/ament_cmake_export_targets/environment/path.dsv
[0.748s] -- Installing: /home/jesus/Desktop/ros2_ws/install/ament_cmake_export_targets/share/ament_cmake_export_targets/local_setup.bash
[0.748s] -- Installing: /home/jesus/Desktop/ros2_ws/install/ament_cmake_export_targets/share/ament_cmake_export_targets/local_setup.sh
[0.748s] -- Installing: /home/jesus/Desktop/ros2_ws/install/ament_cmake_export_targets/share/ament_cmake_export_targets/local_setup.zsh
[0.749s] -- Installing: /home/jesus/Desktop/ros2_ws/install/ament_cmake_export_targets/share/ament_cmake_export_targets/local_setup.dsv
[0.749s] -- Installing: /home/jesus/Desktop/ros2_ws/install/ament_cmake_export_targets/share/ament_cmake_export_targets/package.dsv
[0.750s] -- Installing: /home/jesus/Desktop/ros2_ws/install/ament_cmake_export_targets/share/ament_index/resource_index/packages/ament_cmake_export_targets
[0.751s] -- Installing: /home/jesus/Desktop/ros2_ws/install/ament_cmake_export_targets/share/ament_cmake_export_targets/cmake/ament_cmake_export_targets-extras.cmake
[0.751s] -- Installing: /home/jesus/Desktop/ros2_ws/install/ament_cmake_export_targets/share/ament_cmake_export_targets/cmake/ament_cmake_export_targetsConfig.cmake
[0.751s] -- Installing: /home/jesus/Desktop/ros2_ws/install/ament_cmake_export_targets/share/ament_cmake_export_targets/cmake/ament_cmake_export_targetsConfig-version.cmake
[0.751s] -- Installing: /home/jesus/Desktop/ros2_ws/install/ament_cmake_export_targets/share/ament_cmake_export_targets/package.xml
[0.752s] -- Up-to-date: /home/jesus/Desktop/ros2_ws/install/ament_cmake_export_targets/share/ament_cmake_export_targets/cmake
[0.752s] -- Installing: /home/jesus/Desktop/ros2_ws/install/ament_cmake_export_targets/share/ament_cmake_export_targets/cmake/ament_cmake_export_targets_package_hook.cmake
[0.752s] -- Installing: /home/jesus/Desktop/ros2_ws/install/ament_cmake_export_targets/share/ament_cmake_export_targets/cmake/ament_cmake_export_targets-extras.cmake.in
[0.752s] -- Installing: /home/jesus/Desktop/ros2_ws/install/ament_cmake_export_targets/share/ament_cmake_export_targets/cmake/ament_export_targets.cmake
[0.758s] Invoked command in '/home/jesus/Desktop/ros2_ws/build/ament_cmake_export_targets' returned '0': AMENT_PREFIX_PATH=/home/jesus/Desktop/ros2_ws/install/ament_cmake_export_libraries:/home/jesus/Desktop/ros2_ws/install/ament_cmake_core:/home/jesus/Desktop/ros2_ws/install/ament_package CMAKE_PREFIX_PATH=/home/jesus/Desktop/ros2_ws/install/ament_cmake_export_libraries:/home/jesus/Desktop/ros2_ws/install/ament_cmake_core PYTHONPATH=/home/jesus/Desktop/ros2_ws/install/ament_package/lib/python3.8/site-packages /usr/bin/cmake --install /home/jesus/Desktop/ros2_ws/build/ament_cmake_export_targets
