[1.120s] Invoking command in '/home/jesus/Desktop/ros2_ws/src/ros2/launch/launch': AMENT_PREFIX_PATH=/home/jesus/Desktop/ros2_ws/install/ament_index_python:/home/jesus/Desktop/ros2_ws/install/ament_copyright:/home/jesus/Desktop/ros2_ws/install/ament_pep257:/home/jesus/Desktop/ros2_ws/install/ament_flake8:/home/jesus/Desktop/ros2_ws/install/osrf_pycommon:/home/jesus/Desktop/ros2_ws/install/ament_lint PATH=/home/jesus/Desktop/ros2_ws/install/ament_index_python/bin:/home/jesus/Desktop/ros2_ws/install/ament_copyright/bin:/home/jesus/Desktop/ros2_ws/install/ament_pep257/bin:/home/jesus/Desktop/ros2_ws/install/ament_flake8/bin:${PATH} PYTHONPATH=/home/jesus/Desktop/ros2_ws/build/launch/prefix_override:/usr/lib/python3/dist-packages/colcon_core/task/python/colcon_distutils_commands:/home/jesus/Desktop/ros2_ws/install/launch/lib/python3.8/site-packages:/home/jesus/Desktop/ros2_ws/install/ament_index_python/lib/python3.8/site-packages:/home/jesus/Desktop/ros2_ws/install/ament_copyright/lib/python3.8/site-packages:/home/jesus/Desktop/ros2_ws/install/ament_pep257/lib/python3.8/site-packages:/home/jesus/Desktop/ros2_ws/install/ament_flake8/lib/python3.8/site-packages:/home/jesus/Desktop/ros2_ws/install/osrf_pycommon/lib/python3.8/site-packages:/home/jesus/Desktop/ros2_ws/install/ament_lint/lib/python3.8/site-packages /usr/bin/python3 -W ignore:setup.py install is deprecated setup.py egg_info --egg-base ../../../../build/launch build --build-base /home/jesus/Desktop/ros2_ws/build/launch/build install --record /home/jesus/Desktop/ros2_ws/build/launch/install.log --single-version-externally-managed install_data
[1.475s] running egg_info
[1.475s] creating ../../../../build/launch/launch.egg-info
[1.476s] writing ../../../../build/launch/launch.egg-info/PKG-INFO
[1.476s] writing dependency_links to ../../../../build/launch/launch.egg-info/dependency_links.txt
[1.476s] writing requirements to ../../../../build/launch/launch.egg-info/requires.txt
[1.476s] writing top-level names to ../../../../build/launch/launch.egg-info/top_level.txt
[1.476s] writing manifest file '../../../../build/launch/launch.egg-info/SOURCES.txt'
[1.519s] reading manifest file '../../../../build/launch/launch.egg-info/SOURCES.txt'
[1.527s] writing manifest file '../../../../build/launch/launch.egg-info/SOURCES.txt'
[1.527s] running build
[1.527s] running build_py
[1.527s] creating /home/jesus/Desktop/ros2_ws/build/launch/build
[1.527s] creating /home/jesus/Desktop/ros2_ws/build/launch/build/lib
[1.528s] creating /home/jesus/Desktop/ros2_ws/build/launch/build/lib/launch
[1.528s] copying launch/some_actions_type.py -> /home/jesus/Desktop/ros2_ws/build/launch/build/lib/launch
[1.528s] copying launch/invalid_launch_file_error.py -> /home/jesus/Desktop/ros2_ws/build/launch/build/lib/launch
[1.528s] copying launch/action.py -> /home/jesus/Desktop/ros2_ws/build/launch/build/lib/launch
[1.528s] copying launch/launch_introspector.py -> /home/jesus/Desktop/ros2_ws/build/launch/build/lib/launch
[1.528s] copying launch/some_substitutions_type.py -> /home/jesus/Desktop/ros2_ws/build/launch/build/lib/launch
[1.528s] copying launch/event.py -> /home/jesus/Desktop/ros2_ws/build/launch/build/lib/launch
[1.528s] copying launch/event_handler.py -> /home/jesus/Desktop/ros2_ws/build/launch/build/lib/launch
[1.528s] copying launch/launch_service.py -> /home/jesus/Desktop/ros2_ws/build/launch/build/lib/launch
[1.529s] copying launch/launch_description_source.py -> /home/jesus/Desktop/ros2_ws/build/launch/build/lib/launch
[1.529s] copying launch/__init__.py -> /home/jesus/Desktop/ros2_ws/build/launch/build/lib/launch
[1.529s] copying launch/launch_description.py -> /home/jesus/Desktop/ros2_ws/build/launch/build/lib/launch
[1.529s] copying launch/substitution.py -> /home/jesus/Desktop/ros2_ws/build/launch/build/lib/launch
[1.529s] copying launch/launch_description_entity.py -> /home/jesus/Desktop/ros2_ws/build/launch/build/lib/launch
[1.529s] copying launch/launch_context.py -> /home/jesus/Desktop/ros2_ws/build/launch/build/lib/launch
[1.529s] copying launch/condition.py -> /home/jesus/Desktop/ros2_ws/build/launch/build/lib/launch
[1.529s] creating /home/jesus/Desktop/ros2_ws/build/launch/build/lib/launch/utilities
[1.529s] copying launch/utilities/type_utils.py -> /home/jesus/Desktop/ros2_ws/build/launch/build/lib/launch/utilities
[1.529s] copying launch/utilities/ensure_argument_type_impl.py -> /home/jesus/Desktop/ros2_ws/build/launch/build/lib/launch/utilities
[1.530s] copying launch/utilities/perform_substitutions_impl.py -> /home/jesus/Desktop/ros2_ws/build/launch/build/lib/launch/utilities
[1.530s] copying launch/utilities/class_tools_impl.py -> /home/jesus/Desktop/ros2_ws/build/launch/build/lib/launch/utilities
[1.530s] copying launch/utilities/typing_file_path.py -> /home/jesus/Desktop/ros2_ws/build/launch/build/lib/launch/utilities
[1.530s] copying launch/utilities/__init__.py -> /home/jesus/Desktop/ros2_ws/build/launch/build/lib/launch/utilities
[1.530s] copying launch/utilities/normalize_to_list_of_substitutions_impl.py -> /home/jesus/Desktop/ros2_ws/build/launch/build/lib/launch/utilities
[1.530s] copying launch/utilities/create_future_impl.py -> /home/jesus/Desktop/ros2_ws/build/launch/build/lib/launch/utilities
[1.530s] copying launch/utilities/signal_management.py -> /home/jesus/Desktop/ros2_ws/build/launch/build/lib/launch/utilities
[1.530s] copying launch/utilities/visit_all_entities_and_collect_futures_impl.py -> /home/jesus/Desktop/ros2_ws/build/launch/build/lib/launch/utilities
[1.530s] creating /home/jesus/Desktop/ros2_ws/build/launch/build/lib/launch/conditions
[1.532s] copying launch/conditions/unless_condition.py -> /home/jesus/Desktop/ros2_ws/build/launch/build/lib/launch/conditions
[1.539s] copying launch/conditions/invalid_condition_expression_error.py -> /home/jesus/Desktop/ros2_ws/build/launch/build/lib/launch/conditions
[1.539s] copying launch/conditions/launch_configuration_equals.py -> /home/jesus/Desktop/ros2_ws/build/launch/build/lib/launch/conditions
[1.540s] copying launch/conditions/evaluate_condition_expression_impl.py -> /home/jesus/Desktop/ros2_ws/build/launch/build/lib/launch/conditions
[1.540s] copying launch/conditions/if_condition.py -> /home/jesus/Desktop/ros2_ws/build/launch/build/lib/launch/conditions
[1.540s] copying launch/conditions/launch_configuration_not_equals.py -> /home/jesus/Desktop/ros2_ws/build/launch/build/lib/launch/conditions
[1.540s] copying launch/conditions/__init__.py -> /home/jesus/Desktop/ros2_ws/build/launch/build/lib/launch/conditions
[1.540s] creating /home/jesus/Desktop/ros2_ws/build/launch/build/lib/launch/launch_description_sources
[1.540s] copying launch/launch_description_sources/frontend_launch_file_utilities.py -> /home/jesus/Desktop/ros2_ws/build/launch/build/lib/launch/launch_description_sources
[1.540s] copying launch/launch_description_sources/any_launch_description_source.py -> /home/jesus/Desktop/ros2_ws/build/launch/build/lib/launch/launch_description_sources
[1.540s] copying launch/launch_description_sources/frontend_launch_description_source.py -> /home/jesus/Desktop/ros2_ws/build/launch/build/lib/launch/launch_description_sources
[1.540s] copying launch/launch_description_sources/python_launch_file_utilities.py -> /home/jesus/Desktop/ros2_ws/build/launch/build/lib/launch/launch_description_sources
[1.540s] copying launch/launch_description_sources/any_launch_file_utilities.py -> /home/jesus/Desktop/ros2_ws/build/launch/build/lib/launch/launch_description_sources
[1.540s] copying launch/launch_description_sources/python_launch_description_source.py -> /home/jesus/Desktop/ros2_ws/build/launch/build/lib/launch/launch_description_sources
[1.540s] copying launch/launch_description_sources/__init__.py -> /home/jesus/Desktop/ros2_ws/build/launch/build/lib/launch/launch_description_sources
[1.540s] creating /home/jesus/Desktop/ros2_ws/build/launch/build/lib/launch/events
[1.540s] copying launch/events/timer_event.py -> /home/jesus/Desktop/ros2_ws/build/launch/build/lib/launch/events
[1.540s] copying launch/events/execution_complete.py -> /home/jesus/Desktop/ros2_ws/build/launch/build/lib/launch/events
[1.540s] copying launch/events/shutdown.py -> /home/jesus/Desktop/ros2_ws/build/launch/build/lib/launch/events
[1.541s] copying launch/events/__init__.py -> /home/jesus/Desktop/ros2_ws/build/launch/build/lib/launch/events
[1.541s] copying launch/events/include_launch_description.py -> /home/jesus/Desktop/ros2_ws/build/launch/build/lib/launch/events
[1.541s] copying launch/events/matchers.py -> /home/jesus/Desktop/ros2_ws/build/launch/build/lib/launch/events
[1.541s] creating /home/jesus/Desktop/ros2_ws/build/launch/build/lib/launch/actions
[1.541s] copying launch/actions/reset_environment.py -> /home/jesus/Desktop/ros2_ws/build/launch/build/lib/launch/actions
[1.541s] copying launch/actions/register_event_handler.py -> /home/jesus/Desktop/ros2_ws/build/launch/build/lib/launch/actions
[1.541s] copying launch/actions/unregister_event_handler.py -> /home/jesus/Desktop/ros2_ws/build/launch/build/lib/launch/actions
[1.541s] copying launch/actions/set_environment_variable.py -> /home/jesus/Desktop/ros2_ws/build/launch/build/lib/launch/actions
[1.541s] copying launch/actions/emit_event.py -> /home/jesus/Desktop/ros2_ws/build/launch/build/lib/launch/actions
[1.541s] copying launch/actions/execute_process.py -> /home/jesus/Desktop/ros2_ws/build/launch/build/lib/launch/actions
[1.541s] copying launch/actions/pop_launch_configurations.py -> /home/jesus/Desktop/ros2_ws/build/launch/build/lib/launch/actions
[1.541s] copying launch/actions/opaque_function.py -> /home/jesus/Desktop/ros2_ws/build/launch/build/lib/launch/actions
[1.541s] copying launch/actions/opaque_coroutine.py -> /home/jesus/Desktop/ros2_ws/build/launch/build/lib/launch/actions
[1.544s] copying launch/actions/set_launch_configuration.py -> /home/jesus/Desktop/ros2_ws/build/launch/build/lib/launch/actions
[1.545s] copying launch/actions/group_action.py -> /home/jesus/Desktop/ros2_ws/build/launch/build/lib/launch/actions
[1.545s] copying launch/actions/shutdown_action.py -> /home/jesus/Desktop/ros2_ws/build/launch/build/lib/launch/actions
[1.545s] copying launch/actions/unset_environment_variable.py -> /home/jesus/Desktop/ros2_ws/build/launch/build/lib/launch/actions
[1.545s] copying launch/actions/unset_launch_configuration.py -> /home/jesus/Desktop/ros2_ws/build/launch/build/lib/launch/actions
[1.548s] copying launch/actions/log_info.py -> /home/jesus/Desktop/ros2_ws/build/launch/build/lib/launch/actions
[1.548s] copying launch/actions/declare_launch_argument.py -> /home/jesus/Desktop/ros2_ws/build/launch/build/lib/launch/actions
[1.552s] copying launch/actions/__init__.py -> /home/jesus/Desktop/ros2_ws/build/launch/build/lib/launch/actions
[1.552s] copying launch/actions/push_launch_configurations.py -> /home/jesus/Desktop/ros2_ws/build/launch/build/lib/launch/actions
[1.552s] copying launch/actions/pop_environment.py -> /home/jesus/Desktop/ros2_ws/build/launch/build/lib/launch/actions
[1.552s] copying launch/actions/push_environment.py -> /home/jesus/Desktop/ros2_ws/build/launch/build/lib/launch/actions
[1.553s] copying launch/actions/include_launch_description.py -> /home/jesus/Desktop/ros2_ws/build/launch/build/lib/launch/actions
[1.553s] copying launch/actions/timer_action.py -> /home/jesus/Desktop/ros2_ws/build/launch/build/lib/launch/actions
[1.553s] creating /home/jesus/Desktop/ros2_ws/build/launch/build/lib/launch/frontend
[1.553s] copying launch/frontend/type_utils.py -> /home/jesus/Desktop/ros2_ws/build/launch/build/lib/launch/frontend
[1.553s] copying launch/frontend/parser.py -> /home/jesus/Desktop/ros2_ws/build/launch/build/lib/launch/frontend
[1.554s] copying launch/frontend/parse_substitution.py -> /home/jesus/Desktop/ros2_ws/build/launch/build/lib/launch/frontend
[1.554s] copying launch/frontend/__init__.py -> /home/jesus/Desktop/ros2_ws/build/launch/build/lib/launch/frontend
[1.554s] copying launch/frontend/expose.py -> /home/jesus/Desktop/ros2_ws/build/launch/build/lib/launch/frontend
[1.554s] copying launch/frontend/entity.py -> /home/jesus/Desktop/ros2_ws/build/launch/build/lib/launch/frontend
[1.555s] creating /home/jesus/Desktop/ros2_ws/build/launch/build/lib/launch/logging
[1.555s] copying launch/logging/__init__.py -> /home/jesus/Desktop/ros2_ws/build/launch/build/lib/launch/logging
[1.566s] copying launch/logging/handlers.py -> /home/jesus/Desktop/ros2_ws/build/launch/build/lib/launch/logging
[1.567s] creating /home/jesus/Desktop/ros2_ws/build/launch/build/lib/launch/substitutions
[1.568s] copying launch/substitutions/python_expression.py -> /home/jesus/Desktop/ros2_ws/build/launch/build/lib/launch/substitutions
[1.568s] copying launch/substitutions/path_join_substitution.py -> /home/jesus/Desktop/ros2_ws/build/launch/build/lib/launch/substitutions
[1.568s] copying launch/substitutions/local_substitution.py -> /home/jesus/Desktop/ros2_ws/build/launch/build/lib/launch/substitutions
[1.569s] copying launch/substitutions/text_substitution.py -> /home/jesus/Desktop/ros2_ws/build/launch/build/lib/launch/substitutions
[1.569s] copying launch/substitutions/substitution_failure.py -> /home/jesus/Desktop/ros2_ws/build/launch/build/lib/launch/substitutions
[1.569s] copying launch/substitutions/this_launch_file.py -> /home/jesus/Desktop/ros2_ws/build/launch/build/lib/launch/substitutions
[1.569s] copying launch/substitutions/__init__.py -> /home/jesus/Desktop/ros2_ws/build/launch/build/lib/launch/substitutions
[1.570s] copying launch/substitutions/launch_configuration.py -> /home/jesus/Desktop/ros2_ws/build/launch/build/lib/launch/substitutions
[1.570s] copying launch/substitutions/command.py -> /home/jesus/Desktop/ros2_ws/build/launch/build/lib/launch/substitutions
[1.570s] copying launch/substitutions/environment_variable.py -> /home/jesus/Desktop/ros2_ws/build/launch/build/lib/launch/substitutions
[1.570s] copying launch/substitutions/this_launch_file_dir.py -> /home/jesus/Desktop/ros2_ws/build/launch/build/lib/launch/substitutions
[1.570s] copying launch/substitutions/find_executable.py -> /home/jesus/Desktop/ros2_ws/build/launch/build/lib/launch/substitutions
[1.571s] copying launch/substitutions/anon_name.py -> /home/jesus/Desktop/ros2_ws/build/launch/build/lib/launch/substitutions
[1.571s] creating /home/jesus/Desktop/ros2_ws/build/launch/build/lib/launch/event_handlers
[1.576s] copying launch/event_handlers/on_process_start.py -> /home/jesus/Desktop/ros2_ws/build/launch/build/lib/launch/event_handlers
[1.576s] copying launch/event_handlers/on_execution_complete.py -> /home/jesus/Desktop/ros2_ws/build/launch/build/lib/launch/event_handlers
[1.576s] copying launch/event_handlers/on_process_exit.py -> /home/jesus/Desktop/ros2_ws/build/launch/build/lib/launch/event_handlers
[1.580s] copying launch/event_handlers/event_named.py -> /home/jesus/Desktop/ros2_ws/build/launch/build/lib/launch/event_handlers
[1.581s] copying launch/event_handlers/__init__.py -> /home/jesus/Desktop/ros2_ws/build/launch/build/lib/launch/event_handlers
[1.581s] copying launch/event_handlers/on_shutdown.py -> /home/jesus/Desktop/ros2_ws/build/launch/build/lib/launch/event_handlers
[1.581s] copying launch/event_handlers/on_include_launch_description.py -> /home/jesus/Desktop/ros2_ws/build/launch/build/lib/launch/event_handlers
[1.581s] copying launch/event_handlers/on_process_io.py -> /home/jesus/Desktop/ros2_ws/build/launch/build/lib/launch/event_handlers
[1.582s] creating /home/jesus/Desktop/ros2_ws/build/launch/build/lib/launch/events/process
[1.582s] copying launch/events/process/process_matchers.py -> /home/jesus/Desktop/ros2_ws/build/launch/build/lib/launch/events/process
[1.585s] copying launch/events/process/process_io.py -> /home/jesus/Desktop/ros2_ws/build/launch/build/lib/launch/events/process
[1.585s] copying launch/events/process/process_started.py -> /home/jesus/Desktop/ros2_ws/build/launch/build/lib/launch/events/process
[1.585s] copying launch/events/process/process_targeted_event.py -> /home/jesus/Desktop/ros2_ws/build/launch/build/lib/launch/events/process
[1.585s] copying launch/events/process/process_exited.py -> /home/jesus/Desktop/ros2_ws/build/launch/build/lib/launch/events/process
[1.585s] copying launch/events/process/running_process_event.py -> /home/jesus/Desktop/ros2_ws/build/launch/build/lib/launch/events/process
[1.585s] copying launch/events/process/shutdown_process.py -> /home/jesus/Desktop/ros2_ws/build/launch/build/lib/launch/events/process
[1.585s] copying launch/events/process/process_stderr.py -> /home/jesus/Desktop/ros2_ws/build/launch/build/lib/launch/events/process
[1.585s] copying launch/events/process/process_stdin.py -> /home/jesus/Desktop/ros2_ws/build/launch/build/lib/launch/events/process
[1.585s] copying launch/events/process/__init__.py -> /home/jesus/Desktop/ros2_ws/build/launch/build/lib/launch/events/process
[1.585s] copying launch/events/process/signal_process.py -> /home/jesus/Desktop/ros2_ws/build/launch/build/lib/launch/events/process
[1.585s] copying launch/events/process/process_stdout.py -> /home/jesus/Desktop/ros2_ws/build/launch/build/lib/launch/events/process
[1.585s] running install
[1.585s] running install_lib
[1.585s] creating /home/jesus/Desktop/ros2_ws/install/launch/lib/python3.8/site-packages/launch
[1.585s] copying /home/jesus/Desktop/ros2_ws/build/launch/build/lib/launch/some_actions_type.py -> /home/jesus/Desktop/ros2_ws/install/launch/lib/python3.8/site-packages/launch
[1.586s] creating /home/jesus/Desktop/ros2_ws/install/launch/lib/python3.8/site-packages/launch/utilities
[1.586s] copying /home/jesus/Desktop/ros2_ws/build/launch/build/lib/launch/utilities/type_utils.py -> /home/jesus/Desktop/ros2_ws/install/launch/lib/python3.8/site-packages/launch/utilities
[1.586s] copying /home/jesus/Desktop/ros2_ws/build/launch/build/lib/launch/utilities/ensure_argument_type_impl.py -> /home/jesus/Desktop/ros2_ws/install/launch/lib/python3.8/site-packages/launch/utilities
[1.586s] copying /home/jesus/Desktop/ros2_ws/build/launch/build/lib/launch/utilities/perform_substitutions_impl.py -> /home/jesus/Desktop/ros2_ws/install/launch/lib/python3.8/site-packages/launch/utilities
[1.586s] copying /home/jesus/Desktop/ros2_ws/build/launch/build/lib/launch/utilities/class_tools_impl.py -> /home/jesus/Desktop/ros2_ws/install/launch/lib/python3.8/site-packages/launch/utilities
[1.586s] copying /home/jesus/Desktop/ros2_ws/build/launch/build/lib/launch/utilities/typing_file_path.py -> /home/jesus/Desktop/ros2_ws/install/launch/lib/python3.8/site-packages/launch/utilities
[1.586s] copying /home/jesus/Desktop/ros2_ws/build/launch/build/lib/launch/utilities/__init__.py -> /home/jesus/Desktop/ros2_ws/install/launch/lib/python3.8/site-packages/launch/utilities
[1.586s] copying /home/jesus/Desktop/ros2_ws/build/launch/build/lib/launch/utilities/normalize_to_list_of_substitutions_impl.py -> /home/jesus/Desktop/ros2_ws/install/launch/lib/python3.8/site-packages/launch/utilities
[1.586s] copying /home/jesus/Desktop/ros2_ws/build/launch/build/lib/launch/utilities/create_future_impl.py -> /home/jesus/Desktop/ros2_ws/install/launch/lib/python3.8/site-packages/launch/utilities
[1.596s] copying /home/jesus/Desktop/ros2_ws/build/launch/build/lib/launch/utilities/signal_management.py -> /home/jesus/Desktop/ros2_ws/install/launch/lib/python3.8/site-packages/launch/utilities
[1.596s] copying /home/jesus/Desktop/ros2_ws/build/launch/build/lib/launch/utilities/visit_all_entities_and_collect_futures_impl.py -> /home/jesus/Desktop/ros2_ws/install/launch/lib/python3.8/site-packages/launch/utilities
[1.596s] copying /home/jesus/Desktop/ros2_ws/build/launch/build/lib/launch/invalid_launch_file_error.py -> /home/jesus/Desktop/ros2_ws/install/launch/lib/python3.8/site-packages/launch
[1.596s] copying /home/jesus/Desktop/ros2_ws/build/launch/build/lib/launch/action.py -> /home/jesus/Desktop/ros2_ws/install/launch/lib/python3.8/site-packages/launch
[1.596s] copying /home/jesus/Desktop/ros2_ws/build/launch/build/lib/launch/launch_introspector.py -> /home/jesus/Desktop/ros2_ws/install/launch/lib/python3.8/site-packages/launch
[1.596s] copying /home/jesus/Desktop/ros2_ws/build/launch/build/lib/launch/some_substitutions_type.py -> /home/jesus/Desktop/ros2_ws/install/launch/lib/python3.8/site-packages/launch
[1.596s] copying /home/jesus/Desktop/ros2_ws/build/launch/build/lib/launch/event.py -> /home/jesus/Desktop/ros2_ws/install/launch/lib/python3.8/site-packages/launch
[1.596s] copying /home/jesus/Desktop/ros2_ws/build/launch/build/lib/launch/event_handler.py -> /home/jesus/Desktop/ros2_ws/install/launch/lib/python3.8/site-packages/launch
[1.596s] copying /home/jesus/Desktop/ros2_ws/build/launch/build/lib/launch/launch_service.py -> /home/jesus/Desktop/ros2_ws/install/launch/lib/python3.8/site-packages/launch
[1.597s] copying /home/jesus/Desktop/ros2_ws/build/launch/build/lib/launch/launch_description_source.py -> /home/jesus/Desktop/ros2_ws/install/launch/lib/python3.8/site-packages/launch
[1.597s] creating /home/jesus/Desktop/ros2_ws/install/launch/lib/python3.8/site-packages/launch/conditions
[1.597s] copying /home/jesus/Desktop/ros2_ws/build/launch/build/lib/launch/conditions/unless_condition.py -> /home/jesus/Desktop/ros2_ws/install/launch/lib/python3.8/site-packages/launch/conditions
[1.597s] copying /home/jesus/Desktop/ros2_ws/build/launch/build/lib/launch/conditions/invalid_condition_expression_error.py -> /home/jesus/Desktop/ros2_ws/install/launch/lib/python3.8/site-packages/launch/conditions
[1.597s] copying /home/jesus/Desktop/ros2_ws/build/launch/build/lib/launch/conditions/launch_configuration_equals.py -> /home/jesus/Desktop/ros2_ws/install/launch/lib/python3.8/site-packages/launch/conditions
[1.597s] copying /home/jesus/Desktop/ros2_ws/build/launch/build/lib/launch/conditions/evaluate_condition_expression_impl.py -> /home/jesus/Desktop/ros2_ws/install/launch/lib/python3.8/site-packages/launch/conditions
[1.597s] copying /home/jesus/Desktop/ros2_ws/build/launch/build/lib/launch/conditions/if_condition.py -> /home/jesus/Desktop/ros2_ws/install/launch/lib/python3.8/site-packages/launch/conditions
[1.597s] copying /home/jesus/Desktop/ros2_ws/build/launch/build/lib/launch/conditions/launch_configuration_not_equals.py -> /home/jesus/Desktop/ros2_ws/install/launch/lib/python3.8/site-packages/launch/conditions
[1.597s] copying /home/jesus/Desktop/ros2_ws/build/launch/build/lib/launch/conditions/__init__.py -> /home/jesus/Desktop/ros2_ws/install/launch/lib/python3.8/site-packages/launch/conditions
[1.597s] creating /home/jesus/Desktop/ros2_ws/install/launch/lib/python3.8/site-packages/launch/launch_description_sources
[1.597s] copying /home/jesus/Desktop/ros2_ws/build/launch/build/lib/launch/launch_description_sources/frontend_launch_file_utilities.py -> /home/jesus/Desktop/ros2_ws/install/launch/lib/python3.8/site-packages/launch/launch_description_sources
[1.597s] copying /home/jesus/Desktop/ros2_ws/build/launch/build/lib/launch/launch_description_sources/any_launch_description_source.py -> /home/jesus/Desktop/ros2_ws/install/launch/lib/python3.8/site-packages/launch/launch_description_sources
[1.597s] copying /home/jesus/Desktop/ros2_ws/build/launch/build/lib/launch/launch_description_sources/frontend_launch_description_source.py -> /home/jesus/Desktop/ros2_ws/install/launch/lib/python3.8/site-packages/launch/launch_description_sources
[1.597s] copying /home/jesus/Desktop/ros2_ws/build/launch/build/lib/launch/launch_description_sources/python_launch_file_utilities.py -> /home/jesus/Desktop/ros2_ws/install/launch/lib/python3.8/site-packages/launch/launch_description_sources
[1.597s] copying /home/jesus/Desktop/ros2_ws/build/launch/build/lib/launch/launch_description_sources/any_launch_file_utilities.py -> /home/jesus/Desktop/ros2_ws/install/launch/lib/python3.8/site-packages/launch/launch_description_sources
[1.598s] copying /home/jesus/Desktop/ros2_ws/build/launch/build/lib/launch/launch_description_sources/python_launch_description_source.py -> /home/jesus/Desktop/ros2_ws/install/launch/lib/python3.8/site-packages/launch/launch_description_sources
[1.598s] copying /home/jesus/Desktop/ros2_ws/build/launch/build/lib/launch/launch_description_sources/__init__.py -> /home/jesus/Desktop/ros2_ws/install/launch/lib/python3.8/site-packages/launch/launch_description_sources
[1.598s] creating /home/jesus/Desktop/ros2_ws/install/launch/lib/python3.8/site-packages/launch/events
[1.598s] copying /home/jesus/Desktop/ros2_ws/build/launch/build/lib/launch/events/timer_event.py -> /home/jesus/Desktop/ros2_ws/install/launch/lib/python3.8/site-packages/launch/events
[1.598s] copying /home/jesus/Desktop/ros2_ws/build/launch/build/lib/launch/events/execution_complete.py -> /home/jesus/Desktop/ros2_ws/install/launch/lib/python3.8/site-packages/launch/events
[1.598s] copying /home/jesus/Desktop/ros2_ws/build/launch/build/lib/launch/events/shutdown.py -> /home/jesus/Desktop/ros2_ws/install/launch/lib/python3.8/site-packages/launch/events
[1.598s] creating /home/jesus/Desktop/ros2_ws/install/launch/lib/python3.8/site-packages/launch/events/process
[1.598s] copying /home/jesus/Desktop/ros2_ws/build/launch/build/lib/launch/events/process/process_matchers.py -> /home/jesus/Desktop/ros2_ws/install/launch/lib/python3.8/site-packages/launch/events/process
[1.598s] copying /home/jesus/Desktop/ros2_ws/build/launch/build/lib/launch/events/process/process_io.py -> /home/jesus/Desktop/ros2_ws/install/launch/lib/python3.8/site-packages/launch/events/process
[1.598s] copying /home/jesus/Desktop/ros2_ws/build/launch/build/lib/launch/events/process/process_started.py -> /home/jesus/Desktop/ros2_ws/install/launch/lib/python3.8/site-packages/launch/events/process
[1.598s] copying /home/jesus/Desktop/ros2_ws/build/launch/build/lib/launch/events/process/process_targeted_event.py -> /home/jesus/Desktop/ros2_ws/install/launch/lib/python3.8/site-packages/launch/events/process
[1.598s] copying /home/jesus/Desktop/ros2_ws/build/launch/build/lib/launch/events/process/process_exited.py -> /home/jesus/Desktop/ros2_ws/install/launch/lib/python3.8/site-packages/launch/events/process
[1.598s] copying /home/jesus/Desktop/ros2_ws/build/launch/build/lib/launch/events/process/running_process_event.py -> /home/jesus/Desktop/ros2_ws/install/launch/lib/python3.8/site-packages/launch/events/process
[1.598s] copying /home/jesus/Desktop/ros2_ws/build/launch/build/lib/launch/events/process/shutdown_process.py -> /home/jesus/Desktop/ros2_ws/install/launch/lib/python3.8/site-packages/launch/events/process
[1.598s] copying /home/jesus/Desktop/ros2_ws/build/launch/build/lib/launch/events/process/process_stderr.py -> /home/jesus/Desktop/ros2_ws/install/launch/lib/python3.8/site-packages/launch/events/process
[1.598s] copying /home/jesus/Desktop/ros2_ws/build/launch/build/lib/launch/events/process/process_stdin.py -> /home/jesus/Desktop/ros2_ws/install/launch/lib/python3.8/site-packages/launch/events/process
[1.599s] copying /home/jesus/Desktop/ros2_ws/build/launch/build/lib/launch/events/process/__init__.py -> /home/jesus/Desktop/ros2_ws/install/launch/lib/python3.8/site-packages/launch/events/process
[1.599s] copying /home/jesus/Desktop/ros2_ws/build/launch/build/lib/launch/events/process/signal_process.py -> /home/jesus/Desktop/ros2_ws/install/launch/lib/python3.8/site-packages/launch/events/process
[1.599s] copying /home/jesus/Desktop/ros2_ws/build/launch/build/lib/launch/events/process/process_stdout.py -> /home/jesus/Desktop/ros2_ws/install/launch/lib/python3.8/site-packages/launch/events/process
[1.599s] copying /home/jesus/Desktop/ros2_ws/build/launch/build/lib/launch/events/__init__.py -> /home/jesus/Desktop/ros2_ws/install/launch/lib/python3.8/site-packages/launch/events
[1.599s] copying /home/jesus/Desktop/ros2_ws/build/launch/build/lib/launch/events/include_launch_description.py -> /home/jesus/Desktop/ros2_ws/install/launch/lib/python3.8/site-packages/launch/events
[1.599s] copying /home/jesus/Desktop/ros2_ws/build/launch/build/lib/launch/events/matchers.py -> /home/jesus/Desktop/ros2_ws/install/launch/lib/python3.8/site-packages/launch/events
[1.599s] copying /home/jesus/Desktop/ros2_ws/build/launch/build/lib/launch/__init__.py -> /home/jesus/Desktop/ros2_ws/install/launch/lib/python3.8/site-packages/launch
[1.599s] copying /home/jesus/Desktop/ros2_ws/build/launch/build/lib/launch/launch_description.py -> /home/jesus/Desktop/ros2_ws/install/launch/lib/python3.8/site-packages/launch
[1.599s] creating /home/jesus/Desktop/ros2_ws/install/launch/lib/python3.8/site-packages/launch/actions
[1.599s] copying /home/jesus/Desktop/ros2_ws/build/launch/build/lib/launch/actions/reset_environment.py -> /home/jesus/Desktop/ros2_ws/install/launch/lib/python3.8/site-packages/launch/actions
[1.599s] copying /home/jesus/Desktop/ros2_ws/build/launch/build/lib/launch/actions/register_event_handler.py -> /home/jesus/Desktop/ros2_ws/install/launch/lib/python3.8/site-packages/launch/actions
[1.599s] copying /home/jesus/Desktop/ros2_ws/build/launch/build/lib/launch/actions/unregister_event_handler.py -> /home/jesus/Desktop/ros2_ws/install/launch/lib/python3.8/site-packages/launch/actions
[1.604s] copying /home/jesus/Desktop/ros2_ws/build/launch/build/lib/launch/actions/set_environment_variable.py -> /home/jesus/Desktop/ros2_ws/install/launch/lib/python3.8/site-packages/launch/actions
[1.604s] copying /home/jesus/Desktop/ros2_ws/build/launch/build/lib/launch/actions/emit_event.py -> /home/jesus/Desktop/ros2_ws/install/launch/lib/python3.8/site-packages/launch/actions
[1.604s] copying /home/jesus/Desktop/ros2_ws/build/launch/build/lib/launch/actions/execute_process.py -> /home/jesus/Desktop/ros2_ws/install/launch/lib/python3.8/site-packages/launch/actions
[1.604s] copying /home/jesus/Desktop/ros2_ws/build/launch/build/lib/launch/actions/pop_launch_configurations.py -> /home/jesus/Desktop/ros2_ws/install/launch/lib/python3.8/site-packages/launch/actions
[1.604s] copying /home/jesus/Desktop/ros2_ws/build/launch/build/lib/launch/actions/opaque_function.py -> /home/jesus/Desktop/ros2_ws/install/launch/lib/python3.8/site-packages/launch/actions
[1.606s] copying /home/jesus/Desktop/ros2_ws/build/launch/build/lib/launch/actions/opaque_coroutine.py -> /home/jesus/Desktop/ros2_ws/install/launch/lib/python3.8/site-packages/launch/actions
[1.606s] copying /home/jesus/Desktop/ros2_ws/build/launch/build/lib/launch/actions/set_launch_configuration.py -> /home/jesus/Desktop/ros2_ws/install/launch/lib/python3.8/site-packages/launch/actions
[1.606s] copying /home/jesus/Desktop/ros2_ws/build/launch/build/lib/launch/actions/group_action.py -> /home/jesus/Desktop/ros2_ws/install/launch/lib/python3.8/site-packages/launch/actions
[1.607s] copying /home/jesus/Desktop/ros2_ws/build/launch/build/lib/launch/actions/shutdown_action.py -> /home/jesus/Desktop/ros2_ws/install/launch/lib/python3.8/site-packages/launch/actions
[1.607s] copying /home/jesus/Desktop/ros2_ws/build/launch/build/lib/launch/actions/unset_environment_variable.py -> /home/jesus/Desktop/ros2_ws/install/launch/lib/python3.8/site-packages/launch/actions
[1.607s] copying /home/jesus/Desktop/ros2_ws/build/launch/build/lib/launch/actions/unset_launch_configuration.py -> /home/jesus/Desktop/ros2_ws/install/launch/lib/python3.8/site-packages/launch/actions
[1.607s] copying /home/jesus/Desktop/ros2_ws/build/launch/build/lib/launch/actions/log_info.py -> /home/jesus/Desktop/ros2_ws/install/launch/lib/python3.8/site-packages/launch/actions
[1.607s] copying /home/jesus/Desktop/ros2_ws/build/launch/build/lib/launch/actions/declare_launch_argument.py -> /home/jesus/Desktop/ros2_ws/install/launch/lib/python3.8/site-packages/launch/actions
[1.607s] copying /home/jesus/Desktop/ros2_ws/build/launch/build/lib/launch/actions/__init__.py -> /home/jesus/Desktop/ros2_ws/install/launch/lib/python3.8/site-packages/launch/actions
[1.608s] copying /home/jesus/Desktop/ros2_ws/build/launch/build/lib/launch/actions/push_launch_configurations.py -> /home/jesus/Desktop/ros2_ws/install/launch/lib/python3.8/site-packages/launch/actions
[1.608s] copying /home/jesus/Desktop/ros2_ws/build/launch/build/lib/launch/actions/pop_environment.py -> /home/jesus/Desktop/ros2_ws/install/launch/lib/python3.8/site-packages/launch/actions
[1.608s] copying /home/jesus/Desktop/ros2_ws/build/launch/build/lib/launch/actions/push_environment.py -> /home/jesus/Desktop/ros2_ws/install/launch/lib/python3.8/site-packages/launch/actions
[1.608s] copying /home/jesus/Desktop/ros2_ws/build/launch/build/lib/launch/actions/include_launch_description.py -> /home/jesus/Desktop/ros2_ws/install/launch/lib/python3.8/site-packages/launch/actions
[1.615s] copying /home/jesus/Desktop/ros2_ws/build/launch/build/lib/launch/actions/timer_action.py -> /home/jesus/Desktop/ros2_ws/install/launch/lib/python3.8/site-packages/launch/actions
[1.616s] copying /home/jesus/Desktop/ros2_ws/build/launch/build/lib/launch/substitution.py -> /home/jesus/Desktop/ros2_ws/install/launch/lib/python3.8/site-packages/launch
[1.616s] creating /home/jesus/Desktop/ros2_ws/install/launch/lib/python3.8/site-packages/launch/frontend
[1.616s] copying /home/jesus/Desktop/ros2_ws/build/launch/build/lib/launch/frontend/type_utils.py -> /home/jesus/Desktop/ros2_ws/install/launch/lib/python3.8/site-packages/launch/frontend
[1.616s] copying /home/jesus/Desktop/ros2_ws/build/launch/build/lib/launch/frontend/parser.py -> /home/jesus/Desktop/ros2_ws/install/launch/lib/python3.8/site-packages/launch/frontend
[1.616s] copying /home/jesus/Desktop/ros2_ws/build/launch/build/lib/launch/frontend/parse_substitution.py -> /home/jesus/Desktop/ros2_ws/install/launch/lib/python3.8/site-packages/launch/frontend
[1.616s] copying /home/jesus/Desktop/ros2_ws/build/launch/build/lib/launch/frontend/__init__.py -> /home/jesus/Desktop/ros2_ws/install/launch/lib/python3.8/site-packages/launch/frontend
[1.616s] copying /home/jesus/Desktop/ros2_ws/build/launch/build/lib/launch/frontend/expose.py -> /home/jesus/Desktop/ros2_ws/install/launch/lib/python3.8/site-packages/launch/frontend
[1.616s] copying /home/jesus/Desktop/ros2_ws/build/launch/build/lib/launch/frontend/entity.py -> /home/jesus/Desktop/ros2_ws/install/launch/lib/python3.8/site-packages/launch/frontend
[1.616s] copying /home/jesus/Desktop/ros2_ws/build/launch/build/lib/launch/launch_description_entity.py -> /home/jesus/Desktop/ros2_ws/install/launch/lib/python3.8/site-packages/launch
[1.616s] creating /home/jesus/Desktop/ros2_ws/install/launch/lib/python3.8/site-packages/launch/logging
[1.616s] copying /home/jesus/Desktop/ros2_ws/build/launch/build/lib/launch/logging/__init__.py -> /home/jesus/Desktop/ros2_ws/install/launch/lib/python3.8/site-packages/launch/logging
[1.616s] copying /home/jesus/Desktop/ros2_ws/build/launch/build/lib/launch/logging/handlers.py -> /home/jesus/Desktop/ros2_ws/install/launch/lib/python3.8/site-packages/launch/logging
[1.616s] copying /home/jesus/Desktop/ros2_ws/build/launch/build/lib/launch/launch_context.py -> /home/jesus/Desktop/ros2_ws/install/launch/lib/python3.8/site-packages/launch
[1.616s] creating /home/jesus/Desktop/ros2_ws/install/launch/lib/python3.8/site-packages/launch/substitutions
[1.617s] copying /home/jesus/Desktop/ros2_ws/build/launch/build/lib/launch/substitutions/python_expression.py -> /home/jesus/Desktop/ros2_ws/install/launch/lib/python3.8/site-packages/launch/substitutions
[1.617s] copying /home/jesus/Desktop/ros2_ws/build/launch/build/lib/launch/substitutions/path_join_substitution.py -> /home/jesus/Desktop/ros2_ws/install/launch/lib/python3.8/site-packages/launch/substitutions
[1.617s] copying /home/jesus/Desktop/ros2_ws/build/launch/build/lib/launch/substitutions/local_substitution.py -> /home/jesus/Desktop/ros2_ws/install/launch/lib/python3.8/site-packages/launch/substitutions
[1.617s] copying /home/jesus/Desktop/ros2_ws/build/launch/build/lib/launch/substitutions/text_substitution.py -> /home/jesus/Desktop/ros2_ws/install/launch/lib/python3.8/site-packages/launch/substitutions
[1.617s] copying /home/jesus/Desktop/ros2_ws/build/launch/build/lib/launch/substitutions/substitution_failure.py -> /home/jesus/Desktop/ros2_ws/install/launch/lib/python3.8/site-packages/launch/substitutions
[1.617s] copying /home/jesus/Desktop/ros2_ws/build/launch/build/lib/launch/substitutions/this_launch_file.py -> /home/jesus/Desktop/ros2_ws/install/launch/lib/python3.8/site-packages/launch/substitutions
[1.617s] copying /home/jesus/Desktop/ros2_ws/build/launch/build/lib/launch/substitutions/__init__.py -> /home/jesus/Desktop/ros2_ws/install/launch/lib/python3.8/site-packages/launch/substitutions
[1.617s] copying /home/jesus/Desktop/ros2_ws/build/launch/build/lib/launch/substitutions/launch_configuration.py -> /home/jesus/Desktop/ros2_ws/install/launch/lib/python3.8/site-packages/launch/substitutions
[1.617s] copying /home/jesus/Desktop/ros2_ws/build/launch/build/lib/launch/substitutions/command.py -> /home/jesus/Desktop/ros2_ws/install/launch/lib/python3.8/site-packages/launch/substitutions
[1.617s] copying /home/jesus/Desktop/ros2_ws/build/launch/build/lib/launch/substitutions/environment_variable.py -> /home/jesus/Desktop/ros2_ws/install/launch/lib/python3.8/site-packages/launch/substitutions
[1.617s] copying /home/jesus/Desktop/ros2_ws/build/launch/build/lib/launch/substitutions/this_launch_file_dir.py -> /home/jesus/Desktop/ros2_ws/install/launch/lib/python3.8/site-packages/launch/substitutions
[1.617s] copying /home/jesus/Desktop/ros2_ws/build/launch/build/lib/launch/substitutions/find_executable.py -> /home/jesus/Desktop/ros2_ws/install/launch/lib/python3.8/site-packages/launch/substitutions
[1.617s] copying /home/jesus/Desktop/ros2_ws/build/launch/build/lib/launch/substitutions/anon_name.py -> /home/jesus/Desktop/ros2_ws/install/launch/lib/python3.8/site-packages/launch/substitutions
[1.617s] copying /home/jesus/Desktop/ros2_ws/build/launch/build/lib/launch/condition.py -> /home/jesus/Desktop/ros2_ws/install/launch/lib/python3.8/site-packages/launch
[1.618s] creating /home/jesus/Desktop/ros2_ws/install/launch/lib/python3.8/site-packages/launch/event_handlers
[1.618s] copying /home/jesus/Desktop/ros2_ws/build/launch/build/lib/launch/event_handlers/on_process_start.py -> /home/jesus/Desktop/ros2_ws/install/launch/lib/python3.8/site-packages/launch/event_handlers
[1.622s] copying /home/jesus/Desktop/ros2_ws/build/launch/build/lib/launch/event_handlers/on_execution_complete.py -> /home/jesus/Desktop/ros2_ws/install/launch/lib/python3.8/site-packages/launch/event_handlers
[1.622s] copying /home/jesus/Desktop/ros2_ws/build/launch/build/lib/launch/event_handlers/on_process_exit.py -> /home/jesus/Desktop/ros2_ws/install/launch/lib/python3.8/site-packages/launch/event_handlers
[1.623s] copying /home/jesus/Desktop/ros2_ws/build/launch/build/lib/launch/event_handlers/event_named.py -> /home/jesus/Desktop/ros2_ws/install/launch/lib/python3.8/site-packages/launch/event_handlers
[1.623s] copying /home/jesus/Desktop/ros2_ws/build/launch/build/lib/launch/event_handlers/__init__.py -> /home/jesus/Desktop/ros2_ws/install/launch/lib/python3.8/site-packages/launch/event_handlers
[1.623s] copying /home/jesus/Desktop/ros2_ws/build/launch/build/lib/launch/event_handlers/on_shutdown.py -> /home/jesus/Desktop/ros2_ws/install/launch/lib/python3.8/site-packages/launch/event_handlers
[1.623s] copying /home/jesus/Desktop/ros2_ws/build/launch/build/lib/launch/event_handlers/on_include_launch_description.py -> /home/jesus/Desktop/ros2_ws/install/launch/lib/python3.8/site-packages/launch/event_handlers
[1.624s] copying /home/jesus/Desktop/ros2_ws/build/launch/build/lib/launch/event_handlers/on_process_io.py -> /home/jesus/Desktop/ros2_ws/install/launch/lib/python3.8/site-packages/launch/event_handlers
[1.624s] byte-compiling /home/jesus/Desktop/ros2_ws/install/launch/lib/python3.8/site-packages/launch/some_actions_type.py to some_actions_type.cpython-38.pyc
[1.632s] byte-compiling /home/jesus/Desktop/ros2_ws/install/launch/lib/python3.8/site-packages/launch/utilities/type_utils.py to type_utils.cpython-38.pyc
[1.633s] byte-compiling /home/jesus/Desktop/ros2_ws/install/launch/lib/python3.8/site-packages/launch/utilities/ensure_argument_type_impl.py to ensure_argument_type_impl.cpython-38.pyc
[1.634s] byte-compiling /home/jesus/Desktop/ros2_ws/install/launch/lib/python3.8/site-packages/launch/utilities/perform_substitutions_impl.py to perform_substitutions_impl.cpython-38.pyc
[1.635s] byte-compiling /home/jesus/Desktop/ros2_ws/install/launch/lib/python3.8/site-packages/launch/utilities/class_tools_impl.py to class_tools_impl.cpython-38.pyc
[1.644s] byte-compiling /home/jesus/Desktop/ros2_ws/install/launch/lib/python3.8/site-packages/launch/utilities/typing_file_path.py to typing_file_path.cpython-38.pyc
[1.644s] byte-compiling /home/jesus/Desktop/ros2_ws/install/launch/lib/python3.8/site-packages/launch/utilities/__init__.py to __init__.cpython-38.pyc
[1.645s] byte-compiling /home/jesus/Desktop/ros2_ws/install/launch/lib/python3.8/site-packages/launch/utilities/normalize_to_list_of_substitutions_impl.py to normalize_to_list_of_substitutions_impl.cpython-38.pyc
[1.646s] byte-compiling /home/jesus/Desktop/ros2_ws/install/launch/lib/python3.8/site-packages/launch/utilities/create_future_impl.py to create_future_impl.cpython-38.pyc
[1.646s] byte-compiling /home/jesus/Desktop/ros2_ws/install/launch/lib/python3.8/site-packages/launch/utilities/signal_management.py to signal_management.cpython-38.pyc
[1.649s] byte-compiling /home/jesus/Desktop/ros2_ws/install/launch/lib/python3.8/site-packages/launch/utilities/visit_all_entities_and_collect_futures_impl.py to visit_all_entities_and_collect_futures_impl.cpython-38.pyc
[1.650s] byte-compiling /home/jesus/Desktop/ros2_ws/install/launch/lib/python3.8/site-packages/launch/invalid_launch_file_error.py to invalid_launch_file_error.cpython-38.pyc
[1.650s] byte-compiling /home/jesus/Desktop/ros2_ws/install/launch/lib/python3.8/site-packages/launch/action.py to action.cpython-38.pyc
[1.652s] byte-compiling /home/jesus/Desktop/ros2_ws/install/launch/lib/python3.8/site-packages/launch/launch_introspector.py to launch_introspector.cpython-38.pyc
[1.655s] byte-compiling /home/jesus/Desktop/ros2_ws/install/launch/lib/python3.8/site-packages/launch/some_substitutions_type.py to some_substitutions_type.cpython-38.pyc
[1.656s] byte-compiling /home/jesus/Desktop/ros2_ws/install/launch/lib/python3.8/site-packages/launch/event.py to event.cpython-38.pyc
[1.656s] byte-compiling /home/jesus/Desktop/ros2_ws/install/launch/lib/python3.8/site-packages/launch/event_handler.py to event_handler.cpython-38.pyc
[1.659s] byte-compiling /home/jesus/Desktop/ros2_ws/install/launch/lib/python3.8/site-packages/launch/launch_service.py to launch_service.cpython-38.pyc
[1.666s] byte-compiling /home/jesus/Desktop/ros2_ws/install/launch/lib/python3.8/site-packages/launch/launch_description_source.py to launch_description_source.cpython-38.pyc
[1.668s] byte-compiling /home/jesus/Desktop/ros2_ws/install/launch/lib/python3.8/site-packages/launch/conditions/unless_condition.py to unless_condition.cpython-38.pyc
[1.668s] byte-compiling /home/jesus/Desktop/ros2_ws/install/launch/lib/python3.8/site-packages/launch/conditions/invalid_condition_expression_error.py to invalid_condition_expression_error.cpython-38.pyc
[1.669s] byte-compiling /home/jesus/Desktop/ros2_ws/install/launch/lib/python3.8/site-packages/launch/conditions/launch_configuration_equals.py to launch_configuration_equals.cpython-38.pyc
[1.670s] byte-compiling /home/jesus/Desktop/ros2_ws/install/launch/lib/python3.8/site-packages/launch/conditions/evaluate_condition_expression_impl.py to evaluate_condition_expression_impl.cpython-38.pyc
[1.676s] byte-compiling /home/jesus/Desktop/ros2_ws/install/launch/lib/python3.8/site-packages/launch/conditions/if_condition.py to if_condition.cpython-38.pyc
[1.677s] byte-compiling /home/jesus/Desktop/ros2_ws/install/launch/lib/python3.8/site-packages/launch/conditions/launch_configuration_not_equals.py to launch_configuration_not_equals.cpython-38.pyc
[1.677s] byte-compiling /home/jesus/Desktop/ros2_ws/install/launch/lib/python3.8/site-packages/launch/conditions/__init__.py to __init__.cpython-38.pyc
[1.678s] byte-compiling /home/jesus/Desktop/ros2_ws/install/launch/lib/python3.8/site-packages/launch/launch_description_sources/frontend_launch_file_utilities.py to frontend_launch_file_utilities.cpython-38.pyc
[1.679s] byte-compiling /home/jesus/Desktop/ros2_ws/install/launch/lib/python3.8/site-packages/launch/launch_description_sources/any_launch_description_source.py to any_launch_description_source.cpython-38.pyc
[1.680s] byte-compiling /home/jesus/Desktop/ros2_ws/install/launch/lib/python3.8/site-packages/launch/launch_description_sources/frontend_launch_description_source.py to frontend_launch_description_source.cpython-38.pyc
[1.681s] byte-compiling /home/jesus/Desktop/ros2_ws/install/launch/lib/python3.8/site-packages/launch/launch_description_sources/python_launch_file_utilities.py to python_launch_file_utilities.cpython-38.pyc
[1.682s] byte-compiling /home/jesus/Desktop/ros2_ws/install/launch/lib/python3.8/site-packages/launch/launch_description_sources/any_launch_file_utilities.py to any_launch_file_utilities.cpython-38.pyc
[1.695s] byte-compiling /home/jesus/Desktop/ros2_ws/install/launch/lib/python3.8/site-packages/launch/launch_description_sources/python_launch_description_source.py to python_launch_description_source.cpython-38.pyc
[1.695s] byte-compiling /home/jesus/Desktop/ros2_ws/install/launch/lib/python3.8/site-packages/launch/launch_description_sources/__init__.py to __init__.cpython-38.pyc
[1.695s] byte-compiling /home/jesus/Desktop/ros2_ws/install/launch/lib/python3.8/site-packages/launch/events/timer_event.py to timer_event.cpython-38.pyc
[1.695s] byte-compiling /home/jesus/Desktop/ros2_ws/install/launch/lib/python3.8/site-packages/launch/events/execution_complete.py to execution_complete.cpython-38.pyc
[1.695s] byte-compiling /home/jesus/Desktop/ros2_ws/install/launch/lib/python3.8/site-packages/launch/events/shutdown.py to shutdown.cpython-38.pyc
[1.696s] byte-compiling /home/jesus/Desktop/ros2_ws/install/launch/lib/python3.8/site-packages/launch/events/process/process_matchers.py to process_matchers.cpython-38.pyc
[1.696s] byte-compiling /home/jesus/Desktop/ros2_ws/install/launch/lib/python3.8/site-packages/launch/events/process/process_io.py to process_io.cpython-38.pyc
[1.696s] byte-compiling /home/jesus/Desktop/ros2_ws/install/launch/lib/python3.8/site-packages/launch/events/process/process_started.py to process_started.cpython-38.pyc
[1.696s] byte-compiling /home/jesus/Desktop/ros2_ws/install/launch/lib/python3.8/site-packages/launch/events/process/process_targeted_event.py to process_targeted_event.cpython-38.pyc
[1.696s] byte-compiling /home/jesus/Desktop/ros2_ws/install/launch/lib/python3.8/site-packages/launch/events/process/process_exited.py to process_exited.cpython-38.pyc
[1.696s] byte-compiling /home/jesus/Desktop/ros2_ws/install/launch/lib/python3.8/site-packages/launch/events/process/running_process_event.py to running_process_event.cpython-38.pyc
[1.696s] byte-compiling /home/jesus/Desktop/ros2_ws/install/launch/lib/python3.8/site-packages/launch/events/process/shutdown_process.py to shutdown_process.cpython-38.pyc
[1.697s] byte-compiling /home/jesus/Desktop/ros2_ws/install/launch/lib/python3.8/site-packages/launch/events/process/process_stderr.py to process_stderr.cpython-38.pyc
[1.699s] byte-compiling /home/jesus/Desktop/ros2_ws/install/launch/lib/python3.8/site-packages/launch/events/process/process_stdin.py to process_stdin.cpython-38.pyc
[1.699s] byte-compiling /home/jesus/Desktop/ros2_ws/install/launch/lib/python3.8/site-packages/launch/events/process/__init__.py to __init__.cpython-38.pyc
[1.699s] byte-compiling /home/jesus/Desktop/ros2_ws/install/launch/lib/python3.8/site-packages/launch/events/process/signal_process.py to signal_process.cpython-38.pyc
[1.699s] byte-compiling /home/jesus/Desktop/ros2_ws/install/launch/lib/python3.8/site-packages/launch/events/process/process_stdout.py to process_stdout.cpython-38.pyc
[1.699s] byte-compiling /home/jesus/Desktop/ros2_ws/install/launch/lib/python3.8/site-packages/launch/events/__init__.py to __init__.cpython-38.pyc
[1.700s] byte-compiling /home/jesus/Desktop/ros2_ws/install/launch/lib/python3.8/site-packages/launch/events/include_launch_description.py to include_launch_description.cpython-38.pyc
[1.707s] byte-compiling /home/jesus/Desktop/ros2_ws/install/launch/lib/python3.8/site-packages/launch/events/matchers.py to matchers.cpython-38.pyc
[1.708s] byte-compiling /home/jesus/Desktop/ros2_ws/install/launch/lib/python3.8/site-packages/launch/__init__.py to __init__.cpython-38.pyc
[1.709s] byte-compiling /home/jesus/Desktop/ros2_ws/install/launch/lib/python3.8/site-packages/launch/launch_description.py to launch_description.cpython-38.pyc
[1.710s] byte-compiling /home/jesus/Desktop/ros2_ws/install/launch/lib/python3.8/site-packages/launch/actions/reset_environment.py to reset_environment.cpython-38.pyc
[1.712s] byte-compiling /home/jesus/Desktop/ros2_ws/install/launch/lib/python3.8/site-packages/launch/actions/register_event_handler.py to register_event_handler.cpython-38.pyc
[1.713s] byte-compiling /home/jesus/Desktop/ros2_ws/install/launch/lib/python3.8/site-packages/launch/actions/unregister_event_handler.py to unregister_event_handler.cpython-38.pyc
[1.714s] byte-compiling /home/jesus/Desktop/ros2_ws/install/launch/lib/python3.8/site-packages/launch/actions/set_environment_variable.py to set_environment_variable.cpython-38.pyc
[1.715s] byte-compiling /home/jesus/Desktop/ros2_ws/install/launch/lib/python3.8/site-packages/launch/actions/emit_event.py to emit_event.cpython-38.pyc
[1.716s] byte-compiling /home/jesus/Desktop/ros2_ws/install/launch/lib/python3.8/site-packages/launch/actions/execute_process.py to execute_process.cpython-38.pyc
[1.731s] byte-compiling /home/jesus/Desktop/ros2_ws/install/launch/lib/python3.8/site-packages/launch/actions/pop_launch_configurations.py to pop_launch_configurations.cpython-38.pyc
[1.732s] byte-compiling /home/jesus/Desktop/ros2_ws/install/launch/lib/python3.8/site-packages/launch/actions/opaque_function.py to opaque_function.cpython-38.pyc
[1.733s] byte-compiling /home/jesus/Desktop/ros2_ws/install/launch/lib/python3.8/site-packages/launch/actions/opaque_coroutine.py to opaque_coroutine.cpython-38.pyc
[1.734s] byte-compiling /home/jesus/Desktop/ros2_ws/install/launch/lib/python3.8/site-packages/launch/actions/set_launch_configuration.py to set_launch_configuration.cpython-38.pyc
[1.736s] byte-compiling /home/jesus/Desktop/ros2_ws/install/launch/lib/python3.8/site-packages/launch/actions/group_action.py to group_action.cpython-38.pyc
[1.737s] byte-compiling /home/jesus/Desktop/ros2_ws/install/launch/lib/python3.8/site-packages/launch/actions/shutdown_action.py to shutdown_action.cpython-38.pyc
[1.738s] byte-compiling /home/jesus/Desktop/ros2_ws/install/launch/lib/python3.8/site-packages/launch/actions/unset_environment_variable.py to unset_environment_variable.cpython-38.pyc
[1.739s] byte-compiling /home/jesus/Desktop/ros2_ws/install/launch/lib/python3.8/site-packages/launch/actions/unset_launch_configuration.py to unset_launch_configuration.cpython-38.pyc
[1.748s] byte-compiling /home/jesus/Desktop/ros2_ws/install/launch/lib/python3.8/site-packages/launch/actions/log_info.py to log_info.cpython-38.pyc
[1.749s] byte-compiling /home/jesus/Desktop/ros2_ws/install/launch/lib/python3.8/site-packages/launch/actions/declare_launch_argument.py to declare_launch_argument.cpython-38.pyc
[1.750s] byte-compiling /home/jesus/Desktop/ros2_ws/install/launch/lib/python3.8/site-packages/launch/actions/__init__.py to __init__.cpython-38.pyc
[1.752s] byte-compiling /home/jesus/Desktop/ros2_ws/install/launch/lib/python3.8/site-packages/launch/actions/push_launch_configurations.py to push_launch_configurations.cpython-38.pyc
[1.752s] byte-compiling /home/jesus/Desktop/ros2_ws/install/launch/lib/python3.8/site-packages/launch/actions/pop_environment.py to pop_environment.cpython-38.pyc
[1.753s] byte-compiling /home/jesus/Desktop/ros2_ws/install/launch/lib/python3.8/site-packages/launch/actions/push_environment.py to push_environment.cpython-38.pyc
[1.754s] byte-compiling /home/jesus/Desktop/ros2_ws/install/launch/lib/python3.8/site-packages/launch/actions/include_launch_description.py to include_launch_description.cpython-38.pyc
[1.755s] byte-compiling /home/jesus/Desktop/ros2_ws/install/launch/lib/python3.8/site-packages/launch/actions/timer_action.py to timer_action.cpython-38.pyc
[1.757s] byte-compiling /home/jesus/Desktop/ros2_ws/install/launch/lib/python3.8/site-packages/launch/substitution.py to substitution.cpython-38.pyc
[1.758s] byte-compiling /home/jesus/Desktop/ros2_ws/install/launch/lib/python3.8/site-packages/launch/frontend/type_utils.py to type_utils.cpython-38.pyc
[1.764s] byte-compiling /home/jesus/Desktop/ros2_ws/install/launch/lib/python3.8/site-packages/launch/frontend/parser.py to parser.cpython-38.pyc
[1.766s] byte-compiling /home/jesus/Desktop/ros2_ws/install/launch/lib/python3.8/site-packages/launch/frontend/parse_substitution.py to parse_substitution.cpython-38.pyc
[1.767s] byte-compiling /home/jesus/Desktop/ros2_ws/install/launch/lib/python3.8/site-packages/launch/frontend/__init__.py to __init__.cpython-38.pyc
[1.772s] byte-compiling /home/jesus/Desktop/ros2_ws/install/launch/lib/python3.8/site-packages/launch/frontend/expose.py to expose.cpython-38.pyc
[1.773s] byte-compiling /home/jesus/Desktop/ros2_ws/install/launch/lib/python3.8/site-packages/launch/frontend/entity.py to entity.cpython-38.pyc
[1.774s] byte-compiling /home/jesus/Desktop/ros2_ws/install/launch/lib/python3.8/site-packages/launch/launch_description_entity.py to launch_description_entity.cpython-38.pyc
[1.775s] byte-compiling /home/jesus/Desktop/ros2_ws/install/launch/lib/python3.8/site-packages/launch/logging/__init__.py to __init__.cpython-38.pyc
[1.780s] byte-compiling /home/jesus/Desktop/ros2_ws/install/launch/lib/python3.8/site-packages/launch/logging/handlers.py to handlers.cpython-38.pyc
[1.781s] byte-compiling /home/jesus/Desktop/ros2_ws/install/launch/lib/python3.8/site-packages/launch/launch_context.py to launch_context.cpython-38.pyc
[1.784s] byte-compiling /home/jesus/Desktop/ros2_ws/install/launch/lib/python3.8/site-packages/launch/substitutions/python_expression.py to python_expression.cpython-38.pyc
[1.788s] byte-compiling /home/jesus/Desktop/ros2_ws/install/launch/lib/python3.8/site-packages/launch/substitutions/path_join_substitution.py to path_join_substitution.cpython-38.pyc
[1.789s] byte-compiling /home/jesus/Desktop/ros2_ws/install/launch/lib/python3.8/site-packages/launch/substitutions/local_substitution.py to local_substitution.cpython-38.pyc
[1.796s] byte-compiling /home/jesus/Desktop/ros2_ws/install/launch/lib/python3.8/site-packages/launch/substitutions/text_substitution.py to text_substitution.cpython-38.pyc
[1.796s] byte-compiling /home/jesus/Desktop/ros2_ws/install/launch/lib/python3.8/site-packages/launch/substitutions/substitution_failure.py to substitution_failure.cpython-38.pyc
[1.796s] byte-compiling /home/jesus/Desktop/ros2_ws/install/launch/lib/python3.8/site-packages/launch/substitutions/this_launch_file.py to this_launch_file.cpython-38.pyc
[1.796s] byte-compiling /home/jesus/Desktop/ros2_ws/install/launch/lib/python3.8/site-packages/launch/substitutions/__init__.py to __init__.cpython-38.pyc
[1.796s] byte-compiling /home/jesus/Desktop/ros2_ws/install/launch/lib/python3.8/site-packages/launch/substitutions/launch_configuration.py to launch_configuration.cpython-38.pyc
[1.797s] byte-compiling /home/jesus/Desktop/ros2_ws/install/launch/lib/python3.8/site-packages/launch/substitutions/command.py to command.cpython-38.pyc
[1.799s] byte-compiling /home/jesus/Desktop/ros2_ws/install/launch/lib/python3.8/site-packages/launch/substitutions/environment_variable.py to environment_variable.cpython-38.pyc
[1.800s] byte-compiling /home/jesus/Desktop/ros2_ws/install/launch/lib/python3.8/site-packages/launch/substitutions/this_launch_file_dir.py to this_launch_file_dir.cpython-38.pyc
[1.800s] byte-compiling /home/jesus/Desktop/ros2_ws/install/launch/lib/python3.8/site-packages/launch/substitutions/find_executable.py to find_executable.cpython-38.pyc
[1.801s] byte-compiling /home/jesus/Desktop/ros2_ws/install/launch/lib/python3.8/site-packages/launch/substitutions/anon_name.py to anon_name.cpython-38.pyc
[1.807s] byte-compiling /home/jesus/Desktop/ros2_ws/install/launch/lib/python3.8/site-packages/launch/condition.py to condition.cpython-38.pyc
[1.808s] byte-compiling /home/jesus/Desktop/ros2_ws/install/launch/lib/python3.8/site-packages/launch/event_handlers/on_process_start.py to on_process_start.cpython-38.pyc
[1.812s] byte-compiling /home/jesus/Desktop/ros2_ws/install/launch/lib/python3.8/site-packages/launch/event_handlers/on_execution_complete.py to on_execution_complete.cpython-38.pyc
[1.813s] byte-compiling /home/jesus/Desktop/ros2_ws/install/launch/lib/python3.8/site-packages/launch/event_handlers/on_process_exit.py to on_process_exit.cpython-38.pyc
[1.814s] byte-compiling /home/jesus/Desktop/ros2_ws/install/launch/lib/python3.8/site-packages/launch/event_handlers/event_named.py to event_named.cpython-38.pyc
[1.816s] byte-compiling /home/jesus/Desktop/ros2_ws/install/launch/lib/python3.8/site-packages/launch/event_handlers/__init__.py to __init__.cpython-38.pyc
[1.816s] byte-compiling /home/jesus/Desktop/ros2_ws/install/launch/lib/python3.8/site-packages/launch/event_handlers/on_shutdown.py to on_shutdown.cpython-38.pyc
[1.820s] byte-compiling /home/jesus/Desktop/ros2_ws/install/launch/lib/python3.8/site-packages/launch/event_handlers/on_include_launch_description.py to on_include_launch_description.cpython-38.pyc
[1.821s] byte-compiling /home/jesus/Desktop/ros2_ws/install/launch/lib/python3.8/site-packages/launch/event_handlers/on_process_io.py to on_process_io.cpython-38.pyc
[1.822s] running install_data
[1.822s] copying package.xml -> /home/jesus/Desktop/ros2_ws/install/launch/share/launch
[1.823s] creating /home/jesus/Desktop/ros2_ws/install/launch/share/ament_index
[1.823s] creating /home/jesus/Desktop/ros2_ws/install/launch/share/ament_index/resource_index
[1.828s] creating /home/jesus/Desktop/ros2_ws/install/launch/share/ament_index/resource_index/packages
[1.828s] copying resource/launch -> /home/jesus/Desktop/ros2_ws/install/launch/share/ament_index/resource_index/packages
[1.829s] creating /home/jesus/Desktop/ros2_ws/install/launch/share/launch/frontend
[1.829s] copying share/launch/frontend/grammar.lark -> /home/jesus/Desktop/ros2_ws/install/launch/share/launch/frontend
[1.830s] running install_egg_info
[1.832s] Copying ../../../../build/launch/launch.egg-info to /home/jesus/Desktop/ros2_ws/install/launch/lib/python3.8/site-packages/launch-0.10.10-py3.8.egg-info
[1.836s] running install_scripts
[1.880s] writing list of installed files to '/home/jesus/Desktop/ros2_ws/build/launch/install.log'
[1.949s] Invoked command in '/home/jesus/Desktop/ros2_ws/src/ros2/launch/launch' returned '0': AMENT_PREFIX_PATH=/home/jesus/Desktop/ros2_ws/install/ament_index_python:/home/jesus/Desktop/ros2_ws/install/ament_copyright:/home/jesus/Desktop/ros2_ws/install/ament_pep257:/home/jesus/Desktop/ros2_ws/install/ament_flake8:/home/jesus/Desktop/ros2_ws/install/osrf_pycommon:/home/jesus/Desktop/ros2_ws/install/ament_lint PATH=/home/jesus/Desktop/ros2_ws/install/ament_index_python/bin:/home/jesus/Desktop/ros2_ws/install/ament_copyright/bin:/home/jesus/Desktop/ros2_ws/install/ament_pep257/bin:/home/jesus/Desktop/ros2_ws/install/ament_flake8/bin:${PATH} PYTHONPATH=/home/jesus/Desktop/ros2_ws/build/launch/prefix_override:/usr/lib/python3/dist-packages/colcon_core/task/python/colcon_distutils_commands:/home/jesus/Desktop/ros2_ws/install/launch/lib/python3.8/site-packages:/home/jesus/Desktop/ros2_ws/install/ament_index_python/lib/python3.8/site-packages:/home/jesus/Desktop/ros2_ws/install/ament_copyright/lib/python3.8/site-packages:/home/jesus/Desktop/ros2_ws/install/ament_pep257/lib/python3.8/site-packages:/home/jesus/Desktop/ros2_ws/install/ament_flake8/lib/python3.8/site-packages:/home/jesus/Desktop/ros2_ws/install/osrf_pycommon/lib/python3.8/site-packages:/home/jesus/Desktop/ros2_ws/install/ament_lint/lib/python3.8/site-packages /usr/bin/python3 -W ignore:setup.py install is deprecated setup.py egg_info --egg-base ../../../../build/launch build --build-base /home/jesus/Desktop/ros2_ws/build/launch/build install --record /home/jesus/Desktop/ros2_ws/build/launch/install.log --single-version-externally-managed install_data
