[1.338s] Invoking command in '/home/jesus/Desktop/ros2_ws/src/ament/ament_lint/ament_flake8': AMENT_PREFIX_PATH=/home/jesus/Desktop/ros2_ws/install/ament_lint PYTHONPATH=/home/jesus/Desktop/ros2_ws/build/ament_flake8/prefix_override:/usr/lib/python3/dist-packages/colcon_core/task/python/colcon_distutils_commands:/home/jesus/Desktop/ros2_ws/install/ament_flake8/lib/python3.8/site-packages:/home/jesus/Desktop/ros2_ws/install/ament_lint/lib/python3.8/site-packages /usr/bin/python3 -W ignore:setup.py install is deprecated setup.py egg_info --egg-base ../../../../build/ament_flake8 build --build-base /home/jesus/Desktop/ros2_ws/build/ament_flake8/build install --record /home/jesus/Desktop/ros2_ws/build/ament_flake8/install.log --single-version-externally-managed install_data
[1.724s] running egg_info
[1.724s] creating ../../../../build/ament_flake8/ament_flake8.egg-info
[1.731s] writing ../../../../build/ament_flake8/ament_flake8.egg-info/PKG-INFO
[1.732s] writing dependency_links to ../../../../build/ament_flake8/ament_flake8.egg-info/dependency_links.txt
[1.732s] writing entry points to ../../../../build/ament_flake8/ament_flake8.egg-info/entry_points.txt
[1.732s] writing requirements to ../../../../build/ament_flake8/ament_flake8.egg-info/requires.txt
[1.732s] writing top-level names to ../../../../build/ament_flake8/ament_flake8.egg-info/top_level.txt
[1.732s] writing manifest file '../../../../build/ament_flake8/ament_flake8.egg-info/SOURCES.txt'
[1.780s] reading manifest file '../../../../build/ament_flake8/ament_flake8.egg-info/SOURCES.txt'
[1.781s] writing manifest file '../../../../build/ament_flake8/ament_flake8.egg-info/SOURCES.txt'
[1.782s] running build
[1.782s] running build_py
[1.783s] creating /home/jesus/Desktop/ros2_ws/build/ament_flake8/build
[1.783s] creating /home/jesus/Desktop/ros2_ws/build/ament_flake8/build/lib
[1.783s] creating /home/jesus/Desktop/ros2_ws/build/ament_flake8/build/lib/ament_flake8
[1.784s] copying ament_flake8/pytest_marker.py -> /home/jesus/Desktop/ros2_ws/build/ament_flake8/build/lib/ament_flake8
[1.784s] copying ament_flake8/legacy.py -> /home/jesus/Desktop/ros2_ws/build/ament_flake8/build/lib/ament_flake8
[1.788s] copying ament_flake8/main.py -> /home/jesus/Desktop/ros2_ws/build/ament_flake8/build/lib/ament_flake8
[1.789s] copying ament_flake8/__init__.py -> /home/jesus/Desktop/ros2_ws/build/ament_flake8/build/lib/ament_flake8
[1.789s] creating /home/jesus/Desktop/ros2_ws/build/ament_flake8/build/lib/ament_flake8/configuration
[1.789s] copying ament_flake8/configuration/ament_flake8.ini -> /home/jesus/Desktop/ros2_ws/build/ament_flake8/build/lib/ament_flake8/configuration
[1.798s] running install
[1.799s] running install_lib
[1.801s] creating /home/jesus/Desktop/ros2_ws/install/ament_flake8/lib/python3.8/site-packages/ament_flake8
[1.801s] creating /home/jesus/Desktop/ros2_ws/install/ament_flake8/lib/python3.8/site-packages/ament_flake8/configuration
[1.805s] copying /home/jesus/Desktop/ros2_ws/build/ament_flake8/build/lib/ament_flake8/configuration/ament_flake8.ini -> /home/jesus/Desktop/ros2_ws/install/ament_flake8/lib/python3.8/site-packages/ament_flake8/configuration
[1.805s] copying /home/jesus/Desktop/ros2_ws/build/ament_flake8/build/lib/ament_flake8/pytest_marker.py -> /home/jesus/Desktop/ros2_ws/install/ament_flake8/lib/python3.8/site-packages/ament_flake8
[1.816s] copying /home/jesus/Desktop/ros2_ws/build/ament_flake8/build/lib/ament_flake8/legacy.py -> /home/jesus/Desktop/ros2_ws/install/ament_flake8/lib/python3.8/site-packages/ament_flake8
[1.817s] copying /home/jesus/Desktop/ros2_ws/build/ament_flake8/build/lib/ament_flake8/main.py -> /home/jesus/Desktop/ros2_ws/install/ament_flake8/lib/python3.8/site-packages/ament_flake8
[1.817s] copying /home/jesus/Desktop/ros2_ws/build/ament_flake8/build/lib/ament_flake8/__init__.py -> /home/jesus/Desktop/ros2_ws/install/ament_flake8/lib/python3.8/site-packages/ament_flake8
[1.818s] byte-compiling /home/jesus/Desktop/ros2_ws/install/ament_flake8/lib/python3.8/site-packages/ament_flake8/pytest_marker.py to pytest_marker.cpython-38.pyc
[1.820s] byte-compiling /home/jesus/Desktop/ros2_ws/install/ament_flake8/lib/python3.8/site-packages/ament_flake8/legacy.py to legacy.cpython-38.pyc
[1.824s] byte-compiling /home/jesus/Desktop/ros2_ws/install/ament_flake8/lib/python3.8/site-packages/ament_flake8/main.py to main.cpython-38.pyc
[1.844s] byte-compiling /home/jesus/Desktop/ros2_ws/install/ament_flake8/lib/python3.8/site-packages/ament_flake8/__init__.py to __init__.cpython-38.pyc
[1.844s] running install_data
[1.844s] copying package.xml -> /home/jesus/Desktop/ros2_ws/install/ament_flake8/share/ament_flake8
[1.844s] creating /home/jesus/Desktop/ros2_ws/install/ament_flake8/share/ament_index
[1.845s] creating /home/jesus/Desktop/ros2_ws/install/ament_flake8/share/ament_index/resource_index
[1.845s] creating /home/jesus/Desktop/ros2_ws/install/ament_flake8/share/ament_index/resource_index/packages
[1.845s] copying resource/ament_flake8 -> /home/jesus/Desktop/ros2_ws/install/ament_flake8/share/ament_index/resource_index/packages
[1.845s] running install_egg_info
[1.845s] Copying ../../../../build/ament_flake8/ament_flake8.egg-info to /home/jesus/Desktop/ros2_ws/install/ament_flake8/lib/python3.8/site-packages/ament_flake8-0.9.8-py3.8.egg-info
[1.845s] running install_scripts
[1.885s] Installing ament_flake8 script to /home/jesus/Desktop/ros2_ws/install/ament_flake8/bin
[1.886s] writing list of installed files to '/home/jesus/Desktop/ros2_ws/build/ament_flake8/install.log'
[1.942s] Invoked command in '/home/jesus/Desktop/ros2_ws/src/ament/ament_lint/ament_flake8' returned '0': AMENT_PREFIX_PATH=/home/jesus/Desktop/ros2_ws/install/ament_lint PYTHONPATH=/home/jesus/Desktop/ros2_ws/build/ament_flake8/prefix_override:/usr/lib/python3/dist-packages/colcon_core/task/python/colcon_distutils_commands:/home/jesus/Desktop/ros2_ws/install/ament_flake8/lib/python3.8/site-packages:/home/jesus/Desktop/ros2_ws/install/ament_lint/lib/python3.8/site-packages /usr/bin/python3 -W ignore:setup.py install is deprecated setup.py egg_info --egg-base ../../../../build/ament_flake8 build --build-base /home/jesus/Desktop/ros2_ws/build/ament_flake8/build install --record /home/jesus/Desktop/ros2_ws/build/ament_flake8/install.log --single-version-externally-managed install_data
