running egg_info
creating build/prueba/prueba.egg-info
writing build/prueba/prueba.egg-info/PKG-INFO
writing dependency_links to build/prueba/prueba.egg-info/dependency_links.txt
writing entry points to build/prueba/prueba.egg-info/entry_points.txt
writing requirements to build/prueba/prueba.egg-info/requires.txt
writing top-level names to build/prueba/prueba.egg-info/top_level.txt
writing manifest file 'build/prueba/prueba.egg-info/SOURCES.txt'
reading manifest file 'build/prueba/prueba.egg-info/SOURCES.txt'
writing manifest file 'build/prueba/prueba.egg-info/SOURCES.txt'
running build
running build_py
creating /home/jesus/Desktop/ros2_ws/src/prueba/build/prueba/build
creating /home/jesus/Desktop/ros2_ws/src/prueba/build/prueba/build/lib
creating /home/jesus/Desktop/ros2_ws/src/prueba/build/prueba/build/lib/prueba
copying prueba/vesc_can_node.py -> /home/jesus/Desktop/ros2_ws/src/prueba/build/prueba/build/lib/prueba
copying prueba/can_receive_node.py -> /home/jesus/Desktop/ros2_ws/src/prueba/build/prueba/build/lib/prueba
copying prueba/can_read_node.py -> /home/jesus/Desktop/ros2_ws/src/prueba/build/prueba/build/lib/prueba
copying prueba/data_logger_node.py -> /home/jesus/Desktop/ros2_ws/src/prueba/build/prueba/build/lib/prueba
copying prueba/__init__.py -> /home/jesus/Desktop/ros2_ws/src/prueba/build/prueba/build/lib/prueba
copying prueba/rpm_sender_node.py -> /home/jesus/Desktop/ros2_ws/src/prueba/build/prueba/build/lib/prueba
running install
running install_lib
creating /home/jesus/Desktop/ros2_ws/src/prueba/install/prueba/lib/python3.8/site-packages/prueba
copying /home/jesus/Desktop/ros2_ws/src/prueba/build/prueba/build/lib/prueba/vesc_can_node.py -> /home/jesus/Desktop/ros2_ws/src/prueba/install/prueba/lib/python3.8/site-packages/prueba
copying /home/jesus/Desktop/ros2_ws/src/prueba/build/prueba/build/lib/prueba/can_receive_node.py -> /home/jesus/Desktop/ros2_ws/src/prueba/install/prueba/lib/python3.8/site-packages/prueba
copying /home/jesus/Desktop/ros2_ws/src/prueba/build/prueba/build/lib/prueba/can_read_node.py -> /home/jesus/Desktop/ros2_ws/src/prueba/install/prueba/lib/python3.8/site-packages/prueba
copying /home/jesus/Desktop/ros2_ws/src/prueba/build/prueba/build/lib/prueba/data_logger_node.py -> /home/jesus/Desktop/ros2_ws/src/prueba/install/prueba/lib/python3.8/site-packages/prueba
copying /home/jesus/Desktop/ros2_ws/src/prueba/build/prueba/build/lib/prueba/__init__.py -> /home/jesus/Desktop/ros2_ws/src/prueba/install/prueba/lib/python3.8/site-packages/prueba
copying /home/jesus/Desktop/ros2_ws/src/prueba/build/prueba/build/lib/prueba/rpm_sender_node.py -> /home/jesus/Desktop/ros2_ws/src/prueba/install/prueba/lib/python3.8/site-packages/prueba
byte-compiling /home/jesus/Desktop/ros2_ws/src/prueba/install/prueba/lib/python3.8/site-packages/prueba/vesc_can_node.py to vesc_can_node.cpython-38.pyc
byte-compiling /home/jesus/Desktop/ros2_ws/src/prueba/install/prueba/lib/python3.8/site-packages/prueba/can_receive_node.py to can_receive_node.cpython-38.pyc
byte-compiling /home/jesus/Desktop/ros2_ws/src/prueba/install/prueba/lib/python3.8/site-packages/prueba/can_read_node.py to can_read_node.cpython-38.pyc
byte-compiling /home/jesus/Desktop/ros2_ws/src/prueba/install/prueba/lib/python3.8/site-packages/prueba/data_logger_node.py to data_logger_node.cpython-38.pyc
byte-compiling /home/jesus/Desktop/ros2_ws/src/prueba/install/prueba/lib/python3.8/site-packages/prueba/__init__.py to __init__.cpython-38.pyc
byte-compiling /home/jesus/Desktop/ros2_ws/src/prueba/install/prueba/lib/python3.8/site-packages/prueba/rpm_sender_node.py to rpm_sender_node.cpython-38.pyc
running install_data
creating /home/jesus/Desktop/ros2_ws/src/prueba/install/prueba/share/ament_index
creating /home/jesus/Desktop/ros2_ws/src/prueba/install/prueba/share/ament_index/resource_index
creating /home/jesus/Desktop/ros2_ws/src/prueba/install/prueba/share/ament_index/resource_index/packages
copying resource/prueba -> /home/jesus/Desktop/ros2_ws/src/prueba/install/prueba/share/ament_index/resource_index/packages
copying package.xml -> /home/jesus/Desktop/ros2_ws/src/prueba/install/prueba/share/prueba
running install_egg_info
Copying build/prueba/prueba.egg-info to /home/jesus/Desktop/ros2_ws/src/prueba/install/prueba/lib/python3.8/site-packages/prueba-0.0.0-py3.8.egg-info
running install_scripts
Installing can_read_node script to /home/jesus/Desktop/ros2_ws/src/prueba/install/prueba/lib/prueba
Installing can_receive_node script to /home/jesus/Desktop/ros2_ws/src/prueba/install/prueba/lib/prueba
Installing data_logger_node script to /home/jesus/Desktop/ros2_ws/src/prueba/install/prueba/lib/prueba
Installing rpm_sender_node script to /home/jesus/Desktop/ros2_ws/src/prueba/install/prueba/lib/prueba
Installing vesc_can_node script to /home/jesus/Desktop/ros2_ws/src/prueba/install/prueba/lib/prueba
writing list of installed files to '/home/jesus/Desktop/ros2_ws/src/prueba/build/prueba/install.log'
