[0.760s] Invoking command in '/home/jesus/Desktop/ros2_ws/src/prueba': PYTHONPATH=/home/jesus/Desktop/ros2_ws/src/build/prueba/prefix_override:/usr/lib/python3/dist-packages/colcon_core/task/python/colcon_distutils_commands:/home/jesus/Desktop/ros2_ws/src/install/prueba/lib/python3.8/site-packages:${PYTHONPATH} /usr/bin/python3 -W ignore:setup.py install is deprecated setup.py egg_info --egg-base ../build/prueba build --build-base /home/jesus/Desktop/ros2_ws/src/build/prueba/build install --record /home/jesus/Desktop/ros2_ws/src/build/prueba/install.log --install-scripts $base/lib/prueba --single-version-externally-managed install_data
[0.978s] running egg_info
[0.979s] writing ../build/prueba/prueba.egg-info/PKG-INFO
[0.980s] writing dependency_links to ../build/prueba/prueba.egg-info/dependency_links.txt
[0.980s] writing entry points to ../build/prueba/prueba.egg-info/entry_points.txt
[0.981s] writing requirements to ../build/prueba/prueba.egg-info/requires.txt
[0.982s] writing top-level names to ../build/prueba/prueba.egg-info/top_level.txt
[1.018s] reading manifest file '../build/prueba/prueba.egg-info/SOURCES.txt'
[1.021s] writing manifest file '../build/prueba/prueba.egg-info/SOURCES.txt'
[1.021s] running build
[1.022s] running build_py
[1.022s] copying prueba/vesc_can_node.py -> /home/jesus/Desktop/ros2_ws/src/build/prueba/build/lib/prueba
[1.025s] copying prueba/data_logger_node.py -> /home/jesus/Desktop/ros2_ws/src/build/prueba/build/lib/prueba
[1.025s] running install
[1.025s] running install_lib
[1.034s] copying /home/jesus/Desktop/ros2_ws/src/build/prueba/build/lib/prueba/vesc_can_node.py -> /home/jesus/Desktop/ros2_ws/src/install/prueba/lib/python3.8/site-packages/prueba
[1.035s] copying /home/jesus/Desktop/ros2_ws/src/build/prueba/build/lib/prueba/data_logger_node.py -> /home/jesus/Desktop/ros2_ws/src/install/prueba/lib/python3.8/site-packages/prueba
[1.039s] byte-compiling /home/jesus/Desktop/ros2_ws/src/install/prueba/lib/python3.8/site-packages/prueba/vesc_can_node.py to vesc_can_node.cpython-38.pyc
[1.039s] byte-compiling /home/jesus/Desktop/ros2_ws/src/install/prueba/lib/python3.8/site-packages/prueba/data_logger_node.py to data_logger_node.cpython-38.pyc
[1.043s] running install_data
[1.043s] running install_egg_info
[1.043s] removing '/home/jesus/Desktop/ros2_ws/src/install/prueba/lib/python3.8/site-packages/prueba-0.0.0-py3.8.egg-info' (and everything under it)
[1.045s] Copying ../build/prueba/prueba.egg-info to /home/jesus/Desktop/ros2_ws/src/install/prueba/lib/python3.8/site-packages/prueba-0.0.0-py3.8.egg-info
[1.046s] running install_scripts
[1.064s] Installing data_logger_node script to /home/jesus/Desktop/ros2_ws/src/install/prueba/lib/prueba
[1.064s] Installing vesc_can_node script to /home/jesus/Desktop/ros2_ws/src/install/prueba/lib/prueba
[1.068s] writing list of installed files to '/home/jesus/Desktop/ros2_ws/src/build/prueba/install.log'
[1.102s] Invoked command in '/home/jesus/Desktop/ros2_ws/src/prueba' returned '0': PYTHONPATH=/home/jesus/Desktop/ros2_ws/src/build/prueba/prefix_override:/usr/lib/python3/dist-packages/colcon_core/task/python/colcon_distutils_commands:/home/jesus/Desktop/ros2_ws/src/install/prueba/lib/python3.8/site-packages:${PYTHONPATH} /usr/bin/python3 -W ignore:setup.py install is deprecated setup.py egg_info --egg-base ../build/prueba build --build-base /home/jesus/Desktop/ros2_ws/src/build/prueba/build install --record /home/jesus/Desktop/ros2_ws/src/build/prueba/install.log --install-scripts $base/lib/prueba --single-version-externally-managed install_data
