[0.049s] Invoking command in '/home/jesus/Desktop/ros2_ws/build/ament_lint_auto': AMENT_PREFIX_PATH=/home/jesus/Desktop/ros2_ws/install/ament_cmake_test:/home/jesus/Desktop/ros2_ws/install/ament_cmake_python:/home/jesus/Desktop/ros2_ws/install/ament_cmake_core:/home/jesus/Desktop/ros2_ws/install/ament_package CMAKE_PREFIX_PATH=/home/jesus/Desktop/ros2_ws/install/ament_cmake_test:/home/jesus/Desktop/ros2_ws/install/ament_cmake_python:/home/jesus/Desktop/ros2_ws/install/ament_cmake_core PYTHONPATH=/home/jesus/Desktop/ros2_ws/install/ament_cmake_test/lib/python3.8/site-packages:/home/jesus/Desktop/ros2_ws/install/ament_package/lib/python3.8/site-packages /usr/bin/cmake /home/jesus/Desktop/ros2_ws/src/ament/ament_lint/ament_lint_auto -DCMAKE_INSTALL_PREFIX=/home/jesus/Desktop/ros2_ws/install/ament_lint_auto
[0.138s] -- Found ament_cmake_core: 0.9.12 (/home/jesus/Desktop/ros2_ws/install/ament_cmake_core/share/ament_cmake_core/cmake)
[0.179s] -- Found PythonInterp: /usr/bin/python3 (found suitable version "3.8.10", minimum required is "3") 
[0.179s] -- Using PYTHON_EXECUTABLE: /usr/bin/python3
[1.045s] -- Configuring done
[1.049s] -- Generating done
[1.055s] -- Build files have been written to: /home/jesus/Desktop/ros2_ws/build/ament_lint_auto
[1.058s] Invoked command in '/home/jesus/Desktop/ros2_ws/build/ament_lint_auto' returned '0': AMENT_PREFIX_PATH=/home/jesus/Desktop/ros2_ws/install/ament_cmake_test:/home/jesus/Desktop/ros2_ws/install/ament_cmake_python:/home/jesus/Desktop/ros2_ws/install/ament_cmake_core:/home/jesus/Desktop/ros2_ws/install/ament_package CMAKE_PREFIX_PATH=/home/jesus/Desktop/ros2_ws/install/ament_cmake_test:/home/jesus/Desktop/ros2_ws/install/ament_cmake_python:/home/jesus/Desktop/ros2_ws/install/ament_cmake_core PYTHONPATH=/home/jesus/Desktop/ros2_ws/install/ament_cmake_test/lib/python3.8/site-packages:/home/jesus/Desktop/ros2_ws/install/ament_package/lib/python3.8/site-packages /usr/bin/cmake /home/jesus/Desktop/ros2_ws/src/ament/ament_lint/ament_lint_auto -DCMAKE_INSTALL_PREFIX=/home/jesus/Desktop/ros2_ws/install/ament_lint_auto
[1.063s] Invoking command in '/home/jesus/Desktop/ros2_ws/build/ament_lint_auto': AMENT_PREFIX_PATH=/home/jesus/Desktop/ros2_ws/install/ament_cmake_test:/home/jesus/Desktop/ros2_ws/install/ament_cmake_python:/home/jesus/Desktop/ros2_ws/install/ament_cmake_core:/home/jesus/Desktop/ros2_ws/install/ament_package CMAKE_PREFIX_PATH=/home/jesus/Desktop/ros2_ws/install/ament_cmake_test:/home/jesus/Desktop/ros2_ws/install/ament_cmake_python:/home/jesus/Desktop/ros2_ws/install/ament_cmake_core PYTHONPATH=/home/jesus/Desktop/ros2_ws/install/ament_cmake_test/lib/python3.8/site-packages:/home/jesus/Desktop/ros2_ws/install/ament_package/lib/python3.8/site-packages /usr/bin/cmake --build /home/jesus/Desktop/ros2_ws/build/ament_lint_auto -- -j2 -l2
[1.210s] Invoked command in '/home/jesus/Desktop/ros2_ws/build/ament_lint_auto' returned '0': AMENT_PREFIX_PATH=/home/jesus/Desktop/ros2_ws/install/ament_cmake_test:/home/jesus/Desktop/ros2_ws/install/ament_cmake_python:/home/jesus/Desktop/ros2_ws/install/ament_cmake_core:/home/jesus/Desktop/ros2_ws/install/ament_package CMAKE_PREFIX_PATH=/home/jesus/Desktop/ros2_ws/install/ament_cmake_test:/home/jesus/Desktop/ros2_ws/install/ament_cmake_python:/home/jesus/Desktop/ros2_ws/install/ament_cmake_core PYTHONPATH=/home/jesus/Desktop/ros2_ws/install/ament_cmake_test/lib/python3.8/site-packages:/home/jesus/Desktop/ros2_ws/install/ament_package/lib/python3.8/site-packages /usr/bin/cmake --build /home/jesus/Desktop/ros2_ws/build/ament_lint_auto -- -j2 -l2
[1.275s] Invoking command in '/home/jesus/Desktop/ros2_ws/build/ament_lint_auto': AMENT_PREFIX_PATH=/home/jesus/Desktop/ros2_ws/install/ament_cmake_test:/home/jesus/Desktop/ros2_ws/install/ament_cmake_python:/home/jesus/Desktop/ros2_ws/install/ament_cmake_core:/home/jesus/Desktop/ros2_ws/install/ament_package CMAKE_PREFIX_PATH=/home/jesus/Desktop/ros2_ws/install/ament_cmake_test:/home/jesus/Desktop/ros2_ws/install/ament_cmake_python:/home/jesus/Desktop/ros2_ws/install/ament_cmake_core PYTHONPATH=/home/jesus/Desktop/ros2_ws/install/ament_cmake_test/lib/python3.8/site-packages:/home/jesus/Desktop/ros2_ws/install/ament_package/lib/python3.8/site-packages /usr/bin/cmake --install /home/jesus/Desktop/ros2_ws/build/ament_lint_auto
[1.306s] -- Install configuration: ""
[1.314s] -- Installing: /home/jesus/Desktop/ros2_ws/install/ament_lint_auto/share/ament_index/resource_index/package_run_dependencies/ament_lint_auto
[1.314s] -- Installing: /home/jesus/Desktop/ros2_ws/install/ament_lint_auto/share/ament_index/resource_index/parent_prefix_path/ament_lint_auto
[1.314s] -- Installing: /home/jesus/Desktop/ros2_ws/install/ament_lint_auto/share/ament_lint_auto/environment/ament_prefix_path.sh
[1.314s] -- Installing: /home/jesus/Desktop/ros2_ws/install/ament_lint_auto/share/ament_lint_auto/environment/ament_prefix_path.dsv
[1.314s] -- Installing: /home/jesus/Desktop/ros2_ws/install/ament_lint_auto/share/ament_lint_auto/environment/path.sh
[1.314s] -- Installing: /home/jesus/Desktop/ros2_ws/install/ament_lint_auto/share/ament_lint_auto/environment/path.dsv
[1.314s] -- Installing: /home/jesus/Desktop/ros2_ws/install/ament_lint_auto/share/ament_lint_auto/local_setup.bash
[1.315s] -- Installing: /home/jesus/Desktop/ros2_ws/install/ament_lint_auto/share/ament_lint_auto/local_setup.sh
[1.315s] -- Installing: /home/jesus/Desktop/ros2_ws/install/ament_lint_auto/share/ament_lint_auto/local_setup.zsh
[1.315s] -- Installing: /home/jesus/Desktop/ros2_ws/install/ament_lint_auto/share/ament_lint_auto/local_setup.dsv
[1.315s] -- Installing: /home/jesus/Desktop/ros2_ws/install/ament_lint_auto/share/ament_lint_auto/package.dsv
[1.315s] -- Installing: /home/jesus/Desktop/ros2_ws/install/ament_lint_auto/share/ament_index/resource_index/packages/ament_lint_auto
[1.315s] -- Installing: /home/jesus/Desktop/ros2_ws/install/ament_lint_auto/share/ament_lint_auto/cmake/ament_lint_auto-extras.cmake
[1.315s] -- Installing: /home/jesus/Desktop/ros2_ws/install/ament_lint_auto/share/ament_lint_auto/cmake/ament_lint_autoConfig.cmake
[1.315s] -- Installing: /home/jesus/Desktop/ros2_ws/install/ament_lint_auto/share/ament_lint_auto/cmake/ament_lint_autoConfig-version.cmake
[1.315s] -- Installing: /home/jesus/Desktop/ros2_ws/install/ament_lint_auto/share/ament_lint_auto/package.xml
[1.315s] -- Up-to-date: /home/jesus/Desktop/ros2_ws/install/ament_lint_auto/share/ament_lint_auto/cmake
[1.315s] -- Installing: /home/jesus/Desktop/ros2_ws/install/ament_lint_auto/share/ament_lint_auto/cmake/ament_lint_auto_package_hook.cmake
[1.315s] -- Installing: /home/jesus/Desktop/ros2_ws/install/ament_lint_auto/share/ament_lint_auto/cmake/ament_lint_auto_find_test_dependencies.cmake
[1.328s] Invoked command in '/home/jesus/Desktop/ros2_ws/build/ament_lint_auto' returned '0': AMENT_PREFIX_PATH=/home/jesus/Desktop/ros2_ws/install/ament_cmake_test:/home/jesus/Desktop/ros2_ws/install/ament_cmake_python:/home/jesus/Desktop/ros2_ws/install/ament_cmake_core:/home/jesus/Desktop/ros2_ws/install/ament_package CMAKE_PREFIX_PATH=/home/jesus/Desktop/ros2_ws/install/ament_cmake_test:/home/jesus/Desktop/ros2_ws/install/ament_cmake_python:/home/jesus/Desktop/ros2_ws/install/ament_cmake_core PYTHONPATH=/home/jesus/Desktop/ros2_ws/install/ament_cmake_test/lib/python3.8/site-packages:/home/jesus/Desktop/ros2_ws/install/ament_package/lib/python3.8/site-packages /usr/bin/cmake --install /home/jesus/Desktop/ros2_ws/build/ament_lint_auto
