-- Found ament_cmake_core: 0.9.12 (/home/jesus/Desktop/ros2_ws/install/ament_cmake_core/share/ament_cmake_core/cmake)
-- Found PythonInterp: /usr/bin/python3 (found suitable version "3.8.10", minimum required is "3") 
-- Using PYTHON_EXECUTABLE: /usr/bin/python3
-- Configuring done
-- Generating done
-- Build files have been written to: /home/jesus/Desktop/ros2_ws/build/ament_cmake_target_dependencies
-- Install configuration: ""
-- Installing: /home/jesus/Desktop/ros2_ws/install/ament_cmake_target_dependencies/share/ament_index/resource_index/package_run_dependencies/ament_cmake_target_dependencies
-- Installing: /home/jesus/Desktop/ros2_ws/install/ament_cmake_target_dependencies/share/ament_index/resource_index/parent_prefix_path/ament_cmake_target_dependencies
-- Installing: /home/jesus/Desktop/ros2_ws/install/ament_cmake_target_dependencies/share/ament_cmake_target_dependencies/environment/ament_prefix_path.sh
-- Installing: /home/jesus/Desktop/ros2_ws/install/ament_cmake_target_dependencies/share/ament_cmake_target_dependencies/environment/ament_prefix_path.dsv
-- Installing: /home/jesus/Desktop/ros2_ws/install/ament_cmake_target_dependencies/share/ament_cmake_target_dependencies/environment/path.sh
-- Installing: /home/jesus/Desktop/ros2_ws/install/ament_cmake_target_dependencies/share/ament_cmake_target_dependencies/environment/path.dsv
-- Installing: /home/jesus/Desktop/ros2_ws/install/ament_cmake_target_dependencies/share/ament_cmake_target_dependencies/local_setup.bash
-- Installing: /home/jesus/Desktop/ros2_ws/install/ament_cmake_target_dependencies/share/ament_cmake_target_dependencies/local_setup.sh
-- Installing: /home/jesus/Desktop/ros2_ws/install/ament_cmake_target_dependencies/share/ament_cmake_target_dependencies/local_setup.zsh
-- Installing: /home/jesus/Desktop/ros2_ws/install/ament_cmake_target_dependencies/share/ament_cmake_target_dependencies/local_setup.dsv
-- Installing: /home/jesus/Desktop/ros2_ws/install/ament_cmake_target_dependencies/share/ament_cmake_target_dependencies/package.dsv
-- Installing: /home/jesus/Desktop/ros2_ws/install/ament_cmake_target_dependencies/share/ament_index/resource_index/packages/ament_cmake_target_dependencies
-- Installing: /home/jesus/Desktop/ros2_ws/install/ament_cmake_target_dependencies/share/ament_cmake_target_dependencies/cmake/ament_cmake_target_dependencies-extras.cmake
-- Installing: /home/jesus/Desktop/ros2_ws/install/ament_cmake_target_dependencies/share/ament_cmake_target_dependencies/cmake/ament_cmake_target_dependenciesConfig.cmake
-- Installing: /home/jesus/Desktop/ros2_ws/install/ament_cmake_target_dependencies/share/ament_cmake_target_dependencies/cmake/ament_cmake_target_dependenciesConfig-version.cmake
-- Installing: /home/jesus/Desktop/ros2_ws/install/ament_cmake_target_dependencies/share/ament_cmake_target_dependencies/package.xml
-- Up-to-date: /home/jesus/Desktop/ros2_ws/install/ament_cmake_target_dependencies/share/ament_cmake_target_dependencies/cmake
-- Installing: /home/jesus/Desktop/ros2_ws/install/ament_cmake_target_dependencies/share/ament_cmake_target_dependencies/cmake/ament_target_dependencies.cmake
-- Installing: /home/jesus/Desktop/ros2_ws/install/ament_cmake_target_dependencies/share/ament_cmake_target_dependencies/cmake/ament_get_recursive_properties.cmake
