[0.034s] Invoking command in '/home/jesus/Desktop/ros2_ws/build/ament_cmake_target_dependencies': AMENT_PREFIX_PATH=/home/jesus/Desktop/ros2_ws/install/ament_cmake_libraries:/home/jesus/Desktop/ros2_ws/install/ament_cmake_include_directories:/home/jesus/Desktop/ros2_ws/install/ament_cmake_core:/home/jesus/Desktop/ros2_ws/install/ament_package CMAKE_PREFIX_PATH=/home/jesus/Desktop/ros2_ws/install/ament_cmake_libraries:/home/jesus/Desktop/ros2_ws/install/ament_cmake_include_directories:/home/jesus/Desktop/ros2_ws/install/ament_cmake_core PYTHONPATH=/home/jesus/Desktop/ros2_ws/install/ament_package/lib/python3.8/site-packages /usr/bin/cmake /home/jesus/Desktop/ros2_ws/src/ament/ament_cmake/ament_cmake_target_dependencies -DCMAKE_INSTALL_PREFIX=/home/jesus/Desktop/ros2_ws/install/ament_cmake_target_dependencies
[0.137s] -- Found ament_cmake_core: 0.9.12 (/home/jesus/Desktop/ros2_ws/install/ament_cmake_core/share/ament_cmake_core/cmake)
[0.155s] -- Found PythonInterp: /usr/bin/python3 (found suitable version "3.8.10", minimum required is "3") 
[0.155s] -- Using PYTHON_EXECUTABLE: /usr/bin/python3
[0.509s] -- Configuring done
[0.511s] -- Generating done
[0.517s] -- Build files have been written to: /home/jesus/Desktop/ros2_ws/build/ament_cmake_target_dependencies
[0.519s] Invoked command in '/home/jesus/Desktop/ros2_ws/build/ament_cmake_target_dependencies' returned '0': AMENT_PREFIX_PATH=/home/jesus/Desktop/ros2_ws/install/ament_cmake_libraries:/home/jesus/Desktop/ros2_ws/install/ament_cmake_include_directories:/home/jesus/Desktop/ros2_ws/install/ament_cmake_core:/home/jesus/Desktop/ros2_ws/install/ament_package CMAKE_PREFIX_PATH=/home/jesus/Desktop/ros2_ws/install/ament_cmake_libraries:/home/jesus/Desktop/ros2_ws/install/ament_cmake_include_directories:/home/jesus/Desktop/ros2_ws/install/ament_cmake_core PYTHONPATH=/home/jesus/Desktop/ros2_ws/install/ament_package/lib/python3.8/site-packages /usr/bin/cmake /home/jesus/Desktop/ros2_ws/src/ament/ament_cmake/ament_cmake_target_dependencies -DCMAKE_INSTALL_PREFIX=/home/jesus/Desktop/ros2_ws/install/ament_cmake_target_dependencies
[0.528s] Invoking command in '/home/jesus/Desktop/ros2_ws/build/ament_cmake_target_dependencies': AMENT_PREFIX_PATH=/home/jesus/Desktop/ros2_ws/install/ament_cmake_libraries:/home/jesus/Desktop/ros2_ws/install/ament_cmake_include_directories:/home/jesus/Desktop/ros2_ws/install/ament_cmake_core:/home/jesus/Desktop/ros2_ws/install/ament_package CMAKE_PREFIX_PATH=/home/jesus/Desktop/ros2_ws/install/ament_cmake_libraries:/home/jesus/Desktop/ros2_ws/install/ament_cmake_include_directories:/home/jesus/Desktop/ros2_ws/install/ament_cmake_core PYTHONPATH=/home/jesus/Desktop/ros2_ws/install/ament_package/lib/python3.8/site-packages /usr/bin/cmake --build /home/jesus/Desktop/ros2_ws/build/ament_cmake_target_dependencies -- -j2 -l2
[0.649s] Invoked command in '/home/jesus/Desktop/ros2_ws/build/ament_cmake_target_dependencies' returned '0': AMENT_PREFIX_PATH=/home/jesus/Desktop/ros2_ws/install/ament_cmake_libraries:/home/jesus/Desktop/ros2_ws/install/ament_cmake_include_directories:/home/jesus/Desktop/ros2_ws/install/ament_cmake_core:/home/jesus/Desktop/ros2_ws/install/ament_package CMAKE_PREFIX_PATH=/home/jesus/Desktop/ros2_ws/install/ament_cmake_libraries:/home/jesus/Desktop/ros2_ws/install/ament_cmake_include_directories:/home/jesus/Desktop/ros2_ws/install/ament_cmake_core PYTHONPATH=/home/jesus/Desktop/ros2_ws/install/ament_package/lib/python3.8/site-packages /usr/bin/cmake --build /home/jesus/Desktop/ros2_ws/build/ament_cmake_target_dependencies -- -j2 -l2
[0.766s] Invoking command in '/home/jesus/Desktop/ros2_ws/build/ament_cmake_target_dependencies': AMENT_PREFIX_PATH=/home/jesus/Desktop/ros2_ws/install/ament_cmake_libraries:/home/jesus/Desktop/ros2_ws/install/ament_cmake_include_directories:/home/jesus/Desktop/ros2_ws/install/ament_cmake_core:/home/jesus/Desktop/ros2_ws/install/ament_package CMAKE_PREFIX_PATH=/home/jesus/Desktop/ros2_ws/install/ament_cmake_libraries:/home/jesus/Desktop/ros2_ws/install/ament_cmake_include_directories:/home/jesus/Desktop/ros2_ws/install/ament_cmake_core PYTHONPATH=/home/jesus/Desktop/ros2_ws/install/ament_package/lib/python3.8/site-packages /usr/bin/cmake --install /home/jesus/Desktop/ros2_ws/build/ament_cmake_target_dependencies
[0.791s] -- Install configuration: ""
[0.794s] -- Installing: /home/jesus/Desktop/ros2_ws/install/ament_cmake_target_dependencies/share/ament_index/resource_index/package_run_dependencies/ament_cmake_target_dependencies
[0.794s] -- Installing: /home/jesus/Desktop/ros2_ws/install/ament_cmake_target_dependencies/share/ament_index/resource_index/parent_prefix_path/ament_cmake_target_dependencies
[0.794s] -- Installing: /home/jesus/Desktop/ros2_ws/install/ament_cmake_target_dependencies/share/ament_cmake_target_dependencies/environment/ament_prefix_path.sh
[0.794s] -- Installing: /home/jesus/Desktop/ros2_ws/install/ament_cmake_target_dependencies/share/ament_cmake_target_dependencies/environment/ament_prefix_path.dsv
[0.795s] -- Installing: /home/jesus/Desktop/ros2_ws/install/ament_cmake_target_dependencies/share/ament_cmake_target_dependencies/environment/path.sh
[0.804s] -- Installing: /home/jesus/Desktop/ros2_ws/install/ament_cmake_target_dependencies/share/ament_cmake_target_dependencies/environment/path.dsv
[0.805s] -- Installing: /home/jesus/Desktop/ros2_ws/install/ament_cmake_target_dependencies/share/ament_cmake_target_dependencies/local_setup.bash
[0.805s] -- Installing: /home/jesus/Desktop/ros2_ws/install/ament_cmake_target_dependencies/share/ament_cmake_target_dependencies/local_setup.sh
[0.805s] -- Installing: /home/jesus/Desktop/ros2_ws/install/ament_cmake_target_dependencies/share/ament_cmake_target_dependencies/local_setup.zsh
[0.805s] -- Installing: /home/jesus/Desktop/ros2_ws/install/ament_cmake_target_dependencies/share/ament_cmake_target_dependencies/local_setup.dsv
[0.805s] -- Installing: /home/jesus/Desktop/ros2_ws/install/ament_cmake_target_dependencies/share/ament_cmake_target_dependencies/package.dsv
[0.805s] -- Installing: /home/jesus/Desktop/ros2_ws/install/ament_cmake_target_dependencies/share/ament_index/resource_index/packages/ament_cmake_target_dependencies
[0.805s] -- Installing: /home/jesus/Desktop/ros2_ws/install/ament_cmake_target_dependencies/share/ament_cmake_target_dependencies/cmake/ament_cmake_target_dependencies-extras.cmake
[0.805s] -- Installing: /home/jesus/Desktop/ros2_ws/install/ament_cmake_target_dependencies/share/ament_cmake_target_dependencies/cmake/ament_cmake_target_dependenciesConfig.cmake
[0.805s] -- Installing: /home/jesus/Desktop/ros2_ws/install/ament_cmake_target_dependencies/share/ament_cmake_target_dependencies/cmake/ament_cmake_target_dependenciesConfig-version.cmake
[0.806s] -- Installing: /home/jesus/Desktop/ros2_ws/install/ament_cmake_target_dependencies/share/ament_cmake_target_dependencies/package.xml
[0.806s] -- Up-to-date: /home/jesus/Desktop/ros2_ws/install/ament_cmake_target_dependencies/share/ament_cmake_target_dependencies/cmake
[0.806s] -- Installing: /home/jesus/Desktop/ros2_ws/install/ament_cmake_target_dependencies/share/ament_cmake_target_dependencies/cmake/ament_target_dependencies.cmake
[0.806s] -- Installing: /home/jesus/Desktop/ros2_ws/install/ament_cmake_target_dependencies/share/ament_cmake_target_dependencies/cmake/ament_get_recursive_properties.cmake
[0.825s] Invoked command in '/home/jesus/Desktop/ros2_ws/build/ament_cmake_target_dependencies' returned '0': AMENT_PREFIX_PATH=/home/jesus/Desktop/ros2_ws/install/ament_cmake_libraries:/home/jesus/Desktop/ros2_ws/install/ament_cmake_include_directories:/home/jesus/Desktop/ros2_ws/install/ament_cmake_core:/home/jesus/Desktop/ros2_ws/install/ament_package CMAKE_PREFIX_PATH=/home/jesus/Desktop/ros2_ws/install/ament_cmake_libraries:/home/jesus/Desktop/ros2_ws/install/ament_cmake_include_directories:/home/jesus/Desktop/ros2_ws/install/ament_cmake_core PYTHONPATH=/home/jesus/Desktop/ros2_ws/install/ament_package/lib/python3.8/site-packages /usr/bin/cmake --install /home/jesus/Desktop/ros2_ws/build/ament_cmake_target_dependencies
