[0.030s] Invoking command in '/home/jesus/Desktop/ros2_ws/build/ament_cmake_export_definitions': AMENT_PREFIX_PATH=/home/jesus/Desktop/ros2_ws/install/ament_cmake_core:/home/jesus/Desktop/ros2_ws/install/ament_package CMAKE_PREFIX_PATH=/home/jesus/Desktop/ros2_ws/install/ament_cmake_core PYTHONPATH=/home/jesus/Desktop/ros2_ws/install/ament_package/lib/python3.8/site-packages /usr/bin/cmake /home/jesus/Desktop/ros2_ws/src/ament/ament_cmake/ament_cmake_export_definitions -DCMAKE_INSTALL_PREFIX=/home/jesus/Desktop/ros2_ws/install/ament_cmake_export_definitions
[0.115s] -- Found ament_cmake_core: 0.9.12 (/home/jesus/Desktop/ros2_ws/install/ament_cmake_core/share/ament_cmake_core/cmake)
[0.168s] -- Found PythonInterp: /usr/bin/python3 (found suitable version "3.8.10", minimum required is "3") 
[0.168s] -- Using PYTHON_EXECUTABLE: /usr/bin/python3
[0.572s] -- Configuring done
[0.575s] -- Generating done
[0.577s] -- Build files have been written to: /home/jesus/Desktop/ros2_ws/build/ament_cmake_export_definitions
[0.582s] Invoked command in '/home/jesus/Desktop/ros2_ws/build/ament_cmake_export_definitions' returned '0': AMENT_PREFIX_PATH=/home/jesus/Desktop/ros2_ws/install/ament_cmake_core:/home/jesus/Desktop/ros2_ws/install/ament_package CMAKE_PREFIX_PATH=/home/jesus/Desktop/ros2_ws/install/ament_cmake_core PYTHONPATH=/home/jesus/Desktop/ros2_ws/install/ament_package/lib/python3.8/site-packages /usr/bin/cmake /home/jesus/Desktop/ros2_ws/src/ament/ament_cmake/ament_cmake_export_definitions -DCMAKE_INSTALL_PREFIX=/home/jesus/Desktop/ros2_ws/install/ament_cmake_export_definitions
[0.584s] Invoking command in '/home/jesus/Desktop/ros2_ws/build/ament_cmake_export_definitions': AMENT_PREFIX_PATH=/home/jesus/Desktop/ros2_ws/install/ament_cmake_core:/home/jesus/Desktop/ros2_ws/install/ament_package CMAKE_PREFIX_PATH=/home/jesus/Desktop/ros2_ws/install/ament_cmake_core PYTHONPATH=/home/jesus/Desktop/ros2_ws/install/ament_package/lib/python3.8/site-packages /usr/bin/cmake --build /home/jesus/Desktop/ros2_ws/build/ament_cmake_export_definitions -- -j2 -l2
[0.679s] Invoked command in '/home/jesus/Desktop/ros2_ws/build/ament_cmake_export_definitions' returned '0': AMENT_PREFIX_PATH=/home/jesus/Desktop/ros2_ws/install/ament_cmake_core:/home/jesus/Desktop/ros2_ws/install/ament_package CMAKE_PREFIX_PATH=/home/jesus/Desktop/ros2_ws/install/ament_cmake_core PYTHONPATH=/home/jesus/Desktop/ros2_ws/install/ament_package/lib/python3.8/site-packages /usr/bin/cmake --build /home/jesus/Desktop/ros2_ws/build/ament_cmake_export_definitions -- -j2 -l2
[0.760s] Invoking command in '/home/jesus/Desktop/ros2_ws/build/ament_cmake_export_definitions': AMENT_PREFIX_PATH=/home/jesus/Desktop/ros2_ws/install/ament_cmake_core:/home/jesus/Desktop/ros2_ws/install/ament_package CMAKE_PREFIX_PATH=/home/jesus/Desktop/ros2_ws/install/ament_cmake_core PYTHONPATH=/home/jesus/Desktop/ros2_ws/install/ament_package/lib/python3.8/site-packages /usr/bin/cmake --install /home/jesus/Desktop/ros2_ws/build/ament_cmake_export_definitions
[0.804s] -- Install configuration: ""
[0.805s] -- Installing: /home/jesus/Desktop/ros2_ws/install/ament_cmake_export_definitions/share/ament_index/resource_index/package_run_dependencies/ament_cmake_export_definitions
[0.806s] -- Installing: /home/jesus/Desktop/ros2_ws/install/ament_cmake_export_definitions/share/ament_index/resource_index/parent_prefix_path/ament_cmake_export_definitions
[0.809s] -- Installing: /home/jesus/Desktop/ros2_ws/install/ament_cmake_export_definitions/share/ament_cmake_export_definitions/environment/ament_prefix_path.sh
[0.809s] -- Installing: /home/jesus/Desktop/ros2_ws/install/ament_cmake_export_definitions/share/ament_cmake_export_definitions/environment/ament_prefix_path.dsv
[0.809s] -- Installing: /home/jesus/Desktop/ros2_ws/install/ament_cmake_export_definitions/share/ament_cmake_export_definitions/environment/path.sh
[0.809s] -- Installing: /home/jesus/Desktop/ros2_ws/install/ament_cmake_export_definitions/share/ament_cmake_export_definitions/environment/path.dsv
[0.809s] -- Installing: /home/jesus/Desktop/ros2_ws/install/ament_cmake_export_definitions/share/ament_cmake_export_definitions/local_setup.bash
[0.809s] -- Installing: /home/jesus/Desktop/ros2_ws/install/ament_cmake_export_definitions/share/ament_cmake_export_definitions/local_setup.sh
[0.809s] -- Installing: /home/jesus/Desktop/ros2_ws/install/ament_cmake_export_definitions/share/ament_cmake_export_definitions/local_setup.zsh
[0.809s] -- Installing: /home/jesus/Desktop/ros2_ws/install/ament_cmake_export_definitions/share/ament_cmake_export_definitions/local_setup.dsv
[0.809s] -- Installing: /home/jesus/Desktop/ros2_ws/install/ament_cmake_export_definitions/share/ament_cmake_export_definitions/package.dsv
[0.813s] -- Installing: /home/jesus/Desktop/ros2_ws/install/ament_cmake_export_definitions/share/ament_index/resource_index/packages/ament_cmake_export_definitions
[0.813s] -- Installing: /home/jesus/Desktop/ros2_ws/install/ament_cmake_export_definitions/share/ament_cmake_export_definitions/cmake/ament_cmake_export_definitions-extras.cmake
[0.813s] -- Installing: /home/jesus/Desktop/ros2_ws/install/ament_cmake_export_definitions/share/ament_cmake_export_definitions/cmake/ament_cmake_export_definitionsConfig.cmake
[0.813s] -- Installing: /home/jesus/Desktop/ros2_ws/install/ament_cmake_export_definitions/share/ament_cmake_export_definitions/cmake/ament_cmake_export_definitionsConfig-version.cmake
[0.813s] -- Installing: /home/jesus/Desktop/ros2_ws/install/ament_cmake_export_definitions/share/ament_cmake_export_definitions/package.xml
[0.813s] -- Up-to-date: /home/jesus/Desktop/ros2_ws/install/ament_cmake_export_definitions/share/ament_cmake_export_definitions/cmake
[0.814s] -- Installing: /home/jesus/Desktop/ros2_ws/install/ament_cmake_export_definitions/share/ament_cmake_export_definitions/cmake/ament_cmake_export_definitions_package_hook.cmake
[0.814s] -- Installing: /home/jesus/Desktop/ros2_ws/install/ament_cmake_export_definitions/share/ament_cmake_export_definitions/cmake/ament_cmake_export_definitions-extras.cmake.in
[0.814s] -- Installing: /home/jesus/Desktop/ros2_ws/install/ament_cmake_export_definitions/share/ament_cmake_export_definitions/cmake/ament_export_definitions.cmake
[0.828s] Invoked command in '/home/jesus/Desktop/ros2_ws/build/ament_cmake_export_definitions' returned '0': AMENT_PREFIX_PATH=/home/jesus/Desktop/ros2_ws/install/ament_cmake_core:/home/jesus/Desktop/ros2_ws/install/ament_package CMAKE_PREFIX_PATH=/home/jesus/Desktop/ros2_ws/install/ament_cmake_core PYTHONPATH=/home/jesus/Desktop/ros2_ws/install/ament_package/lib/python3.8/site-packages /usr/bin/cmake --install /home/jesus/Desktop/ros2_ws/build/ament_cmake_export_definitions
