[0.033s] Invoking command in '/home/jesus/Desktop/ros2_ws/build/ament_cmake_export_interfaces': AMENT_PREFIX_PATH=/home/jesus/Desktop/ros2_ws/install/ament_cmake_export_libraries:/home/jesus/Desktop/ros2_ws/install/ament_cmake_core:/home/jesus/Desktop/ros2_ws/install/ament_package CMAKE_PREFIX_PATH=/home/jesus/Desktop/ros2_ws/install/ament_cmake_export_libraries:/home/jesus/Desktop/ros2_ws/install/ament_cmake_core PYTHONPATH=/home/jesus/Desktop/ros2_ws/install/ament_package/lib/python3.8/site-packages /usr/bin/cmake /home/jesus/Desktop/ros2_ws/src/ament/ament_cmake/ament_cmake_export_interfaces -DCMAKE_INSTALL_PREFIX=/home/jesus/Desktop/ros2_ws/install/ament_cmake_export_interfaces
[0.086s] -- Found ament_cmake_core: 0.9.12 (/home/jesus/Desktop/ros2_ws/install/ament_cmake_core/share/ament_cmake_core/cmake)
[0.128s] -- Found PythonInterp: /usr/bin/python3 (found suitable version "3.8.10", minimum required is "3") 
[0.128s] -- Using PYTHON_EXECUTABLE: /usr/bin/python3
[0.529s] -- Configuring done
[0.545s] -- Generating done
[0.546s] -- Build files have been written to: /home/jesus/Desktop/ros2_ws/build/ament_cmake_export_interfaces
[0.560s] Invoked command in '/home/jesus/Desktop/ros2_ws/build/ament_cmake_export_interfaces' returned '0': AMENT_PREFIX_PATH=/home/jesus/Desktop/ros2_ws/install/ament_cmake_export_libraries:/home/jesus/Desktop/ros2_ws/install/ament_cmake_core:/home/jesus/Desktop/ros2_ws/install/ament_package CMAKE_PREFIX_PATH=/home/jesus/Desktop/ros2_ws/install/ament_cmake_export_libraries:/home/jesus/Desktop/ros2_ws/install/ament_cmake_core PYTHONPATH=/home/jesus/Desktop/ros2_ws/install/ament_package/lib/python3.8/site-packages /usr/bin/cmake /home/jesus/Desktop/ros2_ws/src/ament/ament_cmake/ament_cmake_export_interfaces -DCMAKE_INSTALL_PREFIX=/home/jesus/Desktop/ros2_ws/install/ament_cmake_export_interfaces
[0.561s] Invoking command in '/home/jesus/Desktop/ros2_ws/build/ament_cmake_export_interfaces': AMENT_PREFIX_PATH=/home/jesus/Desktop/ros2_ws/install/ament_cmake_export_libraries:/home/jesus/Desktop/ros2_ws/install/ament_cmake_core:/home/jesus/Desktop/ros2_ws/install/ament_package CMAKE_PREFIX_PATH=/home/jesus/Desktop/ros2_ws/install/ament_cmake_export_libraries:/home/jesus/Desktop/ros2_ws/install/ament_cmake_core PYTHONPATH=/home/jesus/Desktop/ros2_ws/install/ament_package/lib/python3.8/site-packages /usr/bin/cmake --build /home/jesus/Desktop/ros2_ws/build/ament_cmake_export_interfaces -- -j2 -l2
[0.659s] Invoked command in '/home/jesus/Desktop/ros2_ws/build/ament_cmake_export_interfaces' returned '0': AMENT_PREFIX_PATH=/home/jesus/Desktop/ros2_ws/install/ament_cmake_export_libraries:/home/jesus/Desktop/ros2_ws/install/ament_cmake_core:/home/jesus/Desktop/ros2_ws/install/ament_package CMAKE_PREFIX_PATH=/home/jesus/Desktop/ros2_ws/install/ament_cmake_export_libraries:/home/jesus/Desktop/ros2_ws/install/ament_cmake_core PYTHONPATH=/home/jesus/Desktop/ros2_ws/install/ament_package/lib/python3.8/site-packages /usr/bin/cmake --build /home/jesus/Desktop/ros2_ws/build/ament_cmake_export_interfaces -- -j2 -l2
[0.698s] Invoking command in '/home/jesus/Desktop/ros2_ws/build/ament_cmake_export_interfaces': AMENT_PREFIX_PATH=/home/jesus/Desktop/ros2_ws/install/ament_cmake_export_libraries:/home/jesus/Desktop/ros2_ws/install/ament_cmake_core:/home/jesus/Desktop/ros2_ws/install/ament_package CMAKE_PREFIX_PATH=/home/jesus/Desktop/ros2_ws/install/ament_cmake_export_libraries:/home/jesus/Desktop/ros2_ws/install/ament_cmake_core PYTHONPATH=/home/jesus/Desktop/ros2_ws/install/ament_package/lib/python3.8/site-packages /usr/bin/cmake --install /home/jesus/Desktop/ros2_ws/build/ament_cmake_export_interfaces
[0.728s] -- Install configuration: ""
[0.728s] -- Installing: /home/jesus/Desktop/ros2_ws/install/ament_cmake_export_interfaces/share/ament_index/resource_index/package_run_dependencies/ament_cmake_export_interfaces
[0.729s] -- Installing: /home/jesus/Desktop/ros2_ws/install/ament_cmake_export_interfaces/share/ament_index/resource_index/parent_prefix_path/ament_cmake_export_interfaces
[0.730s] -- Installing: /home/jesus/Desktop/ros2_ws/install/ament_cmake_export_interfaces/share/ament_cmake_export_interfaces/environment/ament_prefix_path.sh
[0.730s] -- Installing: /home/jesus/Desktop/ros2_ws/install/ament_cmake_export_interfaces/share/ament_cmake_export_interfaces/environment/ament_prefix_path.dsv
[0.731s] -- Installing: /home/jesus/Desktop/ros2_ws/install/ament_cmake_export_interfaces/share/ament_cmake_export_interfaces/environment/path.sh
[0.731s] -- Installing: /home/jesus/Desktop/ros2_ws/install/ament_cmake_export_interfaces/share/ament_cmake_export_interfaces/environment/path.dsv
[0.732s] -- Installing: /home/jesus/Desktop/ros2_ws/install/ament_cmake_export_interfaces/share/ament_cmake_export_interfaces/local_setup.bash
[0.732s] -- Installing: /home/jesus/Desktop/ros2_ws/install/ament_cmake_export_interfaces/share/ament_cmake_export_interfaces/local_setup.sh
[0.733s] -- Installing: /home/jesus/Desktop/ros2_ws/install/ament_cmake_export_interfaces/share/ament_cmake_export_interfaces/local_setup.zsh
[0.736s] -- Installing: /home/jesus/Desktop/ros2_ws/install/ament_cmake_export_interfaces/share/ament_cmake_export_interfaces/local_setup.dsv
[0.736s] -- Installing: /home/jesus/Desktop/ros2_ws/install/ament_cmake_export_interfaces/share/ament_cmake_export_interfaces/package.dsv
[0.737s] -- Installing: /home/jesus/Desktop/ros2_ws/install/ament_cmake_export_interfaces/share/ament_index/resource_index/packages/ament_cmake_export_interfaces
[0.737s] -- Installing: /home/jesus/Desktop/ros2_ws/install/ament_cmake_export_interfaces/share/ament_cmake_export_interfaces/cmake/ament_cmake_export_interfaces-extras.cmake
[0.738s] -- Installing: /home/jesus/Desktop/ros2_ws/install/ament_cmake_export_interfaces/share/ament_cmake_export_interfaces/cmake/ament_cmake_export_interfacesConfig.cmake
[0.739s] -- Installing: /home/jesus/Desktop/ros2_ws/install/ament_cmake_export_interfaces/share/ament_cmake_export_interfaces/cmake/ament_cmake_export_interfacesConfig-version.cmake
[0.739s] -- Installing: /home/jesus/Desktop/ros2_ws/install/ament_cmake_export_interfaces/share/ament_cmake_export_interfaces/package.xml
[0.740s] -- Up-to-date: /home/jesus/Desktop/ros2_ws/install/ament_cmake_export_interfaces/share/ament_cmake_export_interfaces/cmake
[0.740s] -- Installing: /home/jesus/Desktop/ros2_ws/install/ament_cmake_export_interfaces/share/ament_cmake_export_interfaces/cmake/ament_cmake_export_interfaces-extras.cmake.in
[0.741s] -- Installing: /home/jesus/Desktop/ros2_ws/install/ament_cmake_export_interfaces/share/ament_cmake_export_interfaces/cmake/ament_export_interfaces.cmake
[0.741s] -- Installing: /home/jesus/Desktop/ros2_ws/install/ament_cmake_export_interfaces/share/ament_cmake_export_interfaces/cmake/ament_cmake_export_interfaces_package_hook.cmake
[0.751s] Invoked command in '/home/jesus/Desktop/ros2_ws/build/ament_cmake_export_interfaces' returned '0': AMENT_PREFIX_PATH=/home/jesus/Desktop/ros2_ws/install/ament_cmake_export_libraries:/home/jesus/Desktop/ros2_ws/install/ament_cmake_core:/home/jesus/Desktop/ros2_ws/install/ament_package CMAKE_PREFIX_PATH=/home/jesus/Desktop/ros2_ws/install/ament_cmake_export_libraries:/home/jesus/Desktop/ros2_ws/install/ament_cmake_core PYTHONPATH=/home/jesus/Desktop/ros2_ws/install/ament_package/lib/python3.8/site-packages /usr/bin/cmake --install /home/jesus/Desktop/ros2_ws/build/ament_cmake_export_interfaces
