[1.244s] Invoking command in '/home/jesus/Desktop/ros2_ws/src/ament/ament_lint/ament_pep257': AMENT_PREFIX_PATH=/home/jesus/Desktop/ros2_ws/install/ament_flake8:/home/jesus/Desktop/ros2_ws/install/ament_lint PATH=/home/jesus/Desktop/ros2_ws/install/ament_flake8/bin:${PATH} PYTHONPATH=/home/jesus/Desktop/ros2_ws/build/ament_pep257/prefix_override:/usr/lib/python3/dist-packages/colcon_core/task/python/colcon_distutils_commands:/home/jesus/Desktop/ros2_ws/install/ament_pep257/lib/python3.8/site-packages:/home/jesus/Desktop/ros2_ws/install/ament_flake8/lib/python3.8/site-packages:/home/jesus/Desktop/ros2_ws/install/ament_lint/lib/python3.8/site-packages /usr/bin/python3 -W ignore:setup.py install is deprecated setup.py egg_info --egg-base ../../../../build/ament_pep257 build --build-base /home/jesus/Desktop/ros2_ws/build/ament_pep257/build install --record /home/jesus/Desktop/ros2_ws/build/ament_pep257/install.log --single-version-externally-managed install_data
[1.783s] running egg_info
[1.785s] creating ../../../../build/ament_pep257/ament_pep257.egg-info
[1.785s] writing ../../../../build/ament_pep257/ament_pep257.egg-info/PKG-INFO
[1.786s] writing dependency_links to ../../../../build/ament_pep257/ament_pep257.egg-info/dependency_links.txt
[1.787s] writing entry points to ../../../../build/ament_pep257/ament_pep257.egg-info/entry_points.txt
[1.787s] writing requirements to ../../../../build/ament_pep257/ament_pep257.egg-info/requires.txt
[1.787s] writing top-level names to ../../../../build/ament_pep257/ament_pep257.egg-info/top_level.txt
[1.796s] writing manifest file '../../../../build/ament_pep257/ament_pep257.egg-info/SOURCES.txt'
[1.887s] reading manifest file '../../../../build/ament_pep257/ament_pep257.egg-info/SOURCES.txt'
[1.887s] writing manifest file '../../../../build/ament_pep257/ament_pep257.egg-info/SOURCES.txt'
[1.887s] running build
[1.888s] running build_py
[1.888s] creating /home/jesus/Desktop/ros2_ws/build/ament_pep257/build
[1.895s] creating /home/jesus/Desktop/ros2_ws/build/ament_pep257/build/lib
[1.895s] creating /home/jesus/Desktop/ros2_ws/build/ament_pep257/build/lib/ament_pep257
[1.896s] copying ament_pep257/pytest_marker.py -> /home/jesus/Desktop/ros2_ws/build/ament_pep257/build/lib/ament_pep257
[1.896s] copying ament_pep257/main.py -> /home/jesus/Desktop/ros2_ws/build/ament_pep257/build/lib/ament_pep257
[1.896s] copying ament_pep257/__init__.py -> /home/jesus/Desktop/ros2_ws/build/ament_pep257/build/lib/ament_pep257
[1.901s] running install
[1.901s] running install_lib
[1.901s] creating /home/jesus/Desktop/ros2_ws/install/ament_pep257/lib/python3.8/site-packages/ament_pep257
[1.901s] copying /home/jesus/Desktop/ros2_ws/build/ament_pep257/build/lib/ament_pep257/pytest_marker.py -> /home/jesus/Desktop/ros2_ws/install/ament_pep257/lib/python3.8/site-packages/ament_pep257
[1.901s] copying /home/jesus/Desktop/ros2_ws/build/ament_pep257/build/lib/ament_pep257/main.py -> /home/jesus/Desktop/ros2_ws/install/ament_pep257/lib/python3.8/site-packages/ament_pep257
[1.902s] copying /home/jesus/Desktop/ros2_ws/build/ament_pep257/build/lib/ament_pep257/__init__.py -> /home/jesus/Desktop/ros2_ws/install/ament_pep257/lib/python3.8/site-packages/ament_pep257
[1.902s] byte-compiling /home/jesus/Desktop/ros2_ws/install/ament_pep257/lib/python3.8/site-packages/ament_pep257/pytest_marker.py to pytest_marker.cpython-38.pyc
[1.902s] byte-compiling /home/jesus/Desktop/ros2_ws/install/ament_pep257/lib/python3.8/site-packages/ament_pep257/main.py to main.cpython-38.pyc
[1.914s] byte-compiling /home/jesus/Desktop/ros2_ws/install/ament_pep257/lib/python3.8/site-packages/ament_pep257/__init__.py to __init__.cpython-38.pyc
[1.914s] running install_data
[1.914s] copying package.xml -> /home/jesus/Desktop/ros2_ws/install/ament_pep257/share/ament_pep257
[1.914s] creating /home/jesus/Desktop/ros2_ws/install/ament_pep257/share/ament_index
[1.914s] creating /home/jesus/Desktop/ros2_ws/install/ament_pep257/share/ament_index/resource_index
[1.914s] creating /home/jesus/Desktop/ros2_ws/install/ament_pep257/share/ament_index/resource_index/packages
[1.914s] copying resource/ament_pep257 -> /home/jesus/Desktop/ros2_ws/install/ament_pep257/share/ament_index/resource_index/packages
[1.915s] running install_egg_info
[1.915s] Copying ../../../../build/ament_pep257/ament_pep257.egg-info to /home/jesus/Desktop/ros2_ws/install/ament_pep257/lib/python3.8/site-packages/ament_pep257-0.9.8-py3.8.egg-info
[1.915s] running install_scripts
[1.979s] Installing ament_pep257 script to /home/jesus/Desktop/ros2_ws/install/ament_pep257/bin
[1.980s] writing list of installed files to '/home/jesus/Desktop/ros2_ws/build/ament_pep257/install.log'
[2.060s] Invoked command in '/home/jesus/Desktop/ros2_ws/src/ament/ament_lint/ament_pep257' returned '0': AMENT_PREFIX_PATH=/home/jesus/Desktop/ros2_ws/install/ament_flake8:/home/jesus/Desktop/ros2_ws/install/ament_lint PATH=/home/jesus/Desktop/ros2_ws/install/ament_flake8/bin:${PATH} PYTHONPATH=/home/jesus/Desktop/ros2_ws/build/ament_pep257/prefix_override:/usr/lib/python3/dist-packages/colcon_core/task/python/colcon_distutils_commands:/home/jesus/Desktop/ros2_ws/install/ament_pep257/lib/python3.8/site-packages:/home/jesus/Desktop/ros2_ws/install/ament_flake8/lib/python3.8/site-packages:/home/jesus/Desktop/ros2_ws/install/ament_lint/lib/python3.8/site-packages /usr/bin/python3 -W ignore:setup.py install is deprecated setup.py egg_info --egg-base ../../../../build/ament_pep257 build --build-base /home/jesus/Desktop/ros2_ws/build/ament_pep257/build install --record /home/jesus/Desktop/ros2_ws/build/ament_pep257/install.log --single-version-externally-managed install_data
