[1.228s] Invoking command in '/home/jesus/Desktop/ros2_ws/src/ament/ament_lint/ament_cppcheck': PYTHONPATH=/home/jesus/Desktop/ros2_ws/build/ament_cppcheck/prefix_override:/usr/lib/python3/dist-packages/colcon_core/task/python/colcon_distutils_commands:/home/jesus/Desktop/ros2_ws/install/ament_cppcheck/lib/python3.8/site-packages: /usr/bin/python3 -W ignore:setup.py install is deprecated setup.py egg_info --egg-base ../../../../build/ament_cppcheck build --build-base /home/jesus/Desktop/ros2_ws/build/ament_cppcheck/build install --record /home/jesus/Desktop/ros2_ws/build/ament_cppcheck/install.log --single-version-externally-managed install_data
[1.426s] running egg_info
[1.427s] creating ../../../../build/ament_cppcheck/ament_cppcheck.egg-info
[1.427s] writing ../../../../build/ament_cppcheck/ament_cppcheck.egg-info/PKG-INFO
[1.428s] writing dependency_links to ../../../../build/ament_cppcheck/ament_cppcheck.egg-info/dependency_links.txt
[1.429s] writing entry points to ../../../../build/ament_cppcheck/ament_cppcheck.egg-info/entry_points.txt
[1.429s] writing requirements to ../../../../build/ament_cppcheck/ament_cppcheck.egg-info/requires.txt
[1.429s] writing top-level names to ../../../../build/ament_cppcheck/ament_cppcheck.egg-info/top_level.txt
[1.429s] writing manifest file '../../../../build/ament_cppcheck/ament_cppcheck.egg-info/SOURCES.txt'
[1.470s] reading manifest file '../../../../build/ament_cppcheck/ament_cppcheck.egg-info/SOURCES.txt'
[1.473s] writing manifest file '../../../../build/ament_cppcheck/ament_cppcheck.egg-info/SOURCES.txt'
[1.474s] running build
[1.474s] running build_py
[1.474s] creating /home/jesus/Desktop/ros2_ws/build/ament_cppcheck/build
[1.474s] creating /home/jesus/Desktop/ros2_ws/build/ament_cppcheck/build/lib
[1.475s] creating /home/jesus/Desktop/ros2_ws/build/ament_cppcheck/build/lib/ament_cppcheck
[1.475s] copying ament_cppcheck/main.py -> /home/jesus/Desktop/ros2_ws/build/ament_cppcheck/build/lib/ament_cppcheck
[1.475s] copying ament_cppcheck/__init__.py -> /home/jesus/Desktop/ros2_ws/build/ament_cppcheck/build/lib/ament_cppcheck
[1.476s] running install
[1.477s] running install_lib
[1.483s] creating /home/jesus/Desktop/ros2_ws/install/ament_cppcheck/lib/python3.8/site-packages/ament_cppcheck
[1.489s] copying /home/jesus/Desktop/ros2_ws/build/ament_cppcheck/build/lib/ament_cppcheck/main.py -> /home/jesus/Desktop/ros2_ws/install/ament_cppcheck/lib/python3.8/site-packages/ament_cppcheck
[1.489s] copying /home/jesus/Desktop/ros2_ws/build/ament_cppcheck/build/lib/ament_cppcheck/__init__.py -> /home/jesus/Desktop/ros2_ws/install/ament_cppcheck/lib/python3.8/site-packages/ament_cppcheck
[1.490s] byte-compiling /home/jesus/Desktop/ros2_ws/install/ament_cppcheck/lib/python3.8/site-packages/ament_cppcheck/main.py to main.cpython-38.pyc
[1.500s] byte-compiling /home/jesus/Desktop/ros2_ws/install/ament_cppcheck/lib/python3.8/site-packages/ament_cppcheck/__init__.py to __init__.cpython-38.pyc
[1.501s] running install_data
[1.501s] copying package.xml -> /home/jesus/Desktop/ros2_ws/install/ament_cppcheck/share/ament_cppcheck
[1.502s] creating /home/jesus/Desktop/ros2_ws/install/ament_cppcheck/share/ament_index
[1.502s] creating /home/jesus/Desktop/ros2_ws/install/ament_cppcheck/share/ament_index/resource_index
[1.502s] creating /home/jesus/Desktop/ros2_ws/install/ament_cppcheck/share/ament_index/resource_index/packages
[1.502s] copying resource/ament_cppcheck -> /home/jesus/Desktop/ros2_ws/install/ament_cppcheck/share/ament_index/resource_index/packages
[1.503s] running install_egg_info
[1.508s] Copying ../../../../build/ament_cppcheck/ament_cppcheck.egg-info to /home/jesus/Desktop/ros2_ws/install/ament_cppcheck/lib/python3.8/site-packages/ament_cppcheck-0.9.8-py3.8.egg-info
[1.509s] running install_scripts
[1.529s] Installing ament_cppcheck script to /home/jesus/Desktop/ros2_ws/install/ament_cppcheck/bin
[1.530s] writing list of installed files to '/home/jesus/Desktop/ros2_ws/build/ament_cppcheck/install.log'
[1.560s] Invoked command in '/home/jesus/Desktop/ros2_ws/src/ament/ament_lint/ament_cppcheck' returned '0': PYTHONPATH=/home/jesus/Desktop/ros2_ws/build/ament_cppcheck/prefix_override:/usr/lib/python3/dist-packages/colcon_core/task/python/colcon_distutils_commands:/home/jesus/Desktop/ros2_ws/install/ament_cppcheck/lib/python3.8/site-packages: /usr/bin/python3 -W ignore:setup.py install is deprecated setup.py egg_info --egg-base ../../../../build/ament_cppcheck build --build-base /home/jesus/Desktop/ros2_ws/build/ament_cppcheck/build install --record /home/jesus/Desktop/ros2_ws/build/ament_cppcheck/install.log --single-version-externally-managed install_data
