[0.747s] Invoking command in '/home/jesus/Desktop/ros2_ws/src/prueba': PYTHONPATH=/home/jesus/Desktop/ros2_ws/build/prueba/prefix_override:/usr/lib/python3/dist-packages/colcon_core/task/python/colcon_distutils_commands:/home/jesus/Desktop/ros2_ws/install/prueba/lib/python3.8/site-packages:${PYTHONPATH} /usr/bin/python3 -W ignore:setup.py install is deprecated setup.py egg_info --egg-base ../../build/prueba build --build-base /home/jesus/Desktop/ros2_ws/build/prueba/build install --record /home/jesus/Desktop/ros2_ws/build/prueba/install.log --install-scripts $base/lib/prueba --single-version-externally-managed install_data
[0.981s] running egg_info
[0.983s] writing ../../build/prueba/prueba.egg-info/PKG-INFO
[0.984s] writing dependency_links to ../../build/prueba/prueba.egg-info/dependency_links.txt
[0.985s] writing entry points to ../../build/prueba/prueba.egg-info/entry_points.txt
[0.986s] writing requirements to ../../build/prueba/prueba.egg-info/requires.txt
[0.986s] writing top-level names to ../../build/prueba/prueba.egg-info/top_level.txt
[1.022s] reading manifest file '../../build/prueba/prueba.egg-info/SOURCES.txt'
[1.023s] writing manifest file '../../build/prueba/prueba.egg-info/SOURCES.txt'
[1.023s] running build
[1.024s] running build_py
[1.024s] running install
[1.025s] running install_lib
[1.027s] running install_data
[1.028s] running install_egg_info
[1.030s] removing '/home/jesus/Desktop/ros2_ws/install/prueba/lib/python3.8/site-packages/prueba-0.0.0-py3.8.egg-info' (and everything under it)
[1.039s] Copying ../../build/prueba/prueba.egg-info to /home/jesus/Desktop/ros2_ws/install/prueba/lib/python3.8/site-packages/prueba-0.0.0-py3.8.egg-info
[1.041s] running install_scripts
[1.063s] Installing can_read_node script to /home/jesus/Desktop/ros2_ws/install/prueba/lib/prueba
[1.065s] Installing can_receive_node script to /home/jesus/Desktop/ros2_ws/install/prueba/lib/prueba
[1.066s] Installing data_logger_node script to /home/jesus/Desktop/ros2_ws/install/prueba/lib/prueba
[1.067s] Installing rpm_sender_node script to /home/jesus/Desktop/ros2_ws/install/prueba/lib/prueba
[1.067s] Installing vesc_can_node script to /home/jesus/Desktop/ros2_ws/install/prueba/lib/prueba
[1.068s] writing list of installed files to '/home/jesus/Desktop/ros2_ws/build/prueba/install.log'
[1.099s] Invoked command in '/home/jesus/Desktop/ros2_ws/src/prueba' returned '0': PYTHONPATH=/home/jesus/Desktop/ros2_ws/build/prueba/prefix_override:/usr/lib/python3/dist-packages/colcon_core/task/python/colcon_distutils_commands:/home/jesus/Desktop/ros2_ws/install/prueba/lib/python3.8/site-packages:${PYTHONPATH} /usr/bin/python3 -W ignore:setup.py install is deprecated setup.py egg_info --egg-base ../../build/prueba build --build-base /home/jesus/Desktop/ros2_ws/build/prueba/build install --record /home/jesus/Desktop/ros2_ws/build/prueba/install.log --install-scripts $base/lib/prueba --single-version-externally-managed install_data
